#  E (eV)   dos(E)     Int dos(E) EFermi =    2.687 eV
 -17.851  0.2309E+01  0.5926E-03
 -17.831  0.6810E+02  0.5927E+00
 -17.811  0.3055E+02  0.1829E+01
 -17.791  0.0000E+00  0.2000E+01
 -17.771  0.0000E+00  0.2000E+01
 -17.751  0.0000E+00  0.2000E+01
 -17.731  0.0000E+00  0.2000E+01
 -17.711  0.0000E+00  0.2000E+01
 -17.691  0.0000E+00  0.2000E+01
 -17.671  0.0000E+00  0.2000E+01
 -17.651  0.0000E+00  0.2000E+01
 -17.631  0.0000E+00  0.2000E+01
 -17.611  0.0000E+00  0.2000E+01
 -17.591  0.0000E+00  0.2000E+01
 -17.571  0.0000E+00  0.2000E+01
 -17.551  0.0000E+00  0.2000E+01
 -17.531  0.0000E+00  0.2000E+01
 -17.511  0.0000E+00  0.2000E+01
 -17.491  0.0000E+00  0.2000E+01
 -17.471  0.0000E+00  0.2000E+01
 -17.451  0.0000E+00  0.2000E+01
 -17.431  0.0000E+00  0.2000E+01
 -17.411  0.0000E+00  0.2000E+01
 -17.391  0.0000E+00  0.2000E+01
 -17.371  0.0000E+00  0.2000E+01
 -17.351  0.0000E+00  0.2000E+01
 -17.331  0.0000E+00  0.2000E+01
 -17.311  0.0000E+00  0.2000E+01
 -17.291  0.0000E+00  0.2000E+01
 -17.271  0.0000E+00  0.2000E+01
 -17.251  0.0000E+00  0.2000E+01
 -17.231  0.0000E+00  0.2000E+01
 -17.211  0.0000E+00  0.2000E+01
 -17.191  0.0000E+00  0.2000E+01
 -17.171  0.0000E+00  0.2000E+01
 -17.151  0.0000E+00  0.2000E+01
 -17.131  0.0000E+00  0.2000E+01
 -17.111  0.0000E+00  0.2000E+01
 -17.091  0.0000E+00  0.2000E+01
 -17.071  0.0000E+00  0.2000E+01
 -17.051  0.0000E+00  0.2000E+01
 -17.031  0.0000E+00  0.2000E+01
 -17.011  0.0000E+00  0.2000E+01
 -16.991  0.0000E+00  0.2000E+01
 -16.971  0.0000E+00  0.2000E+01
 -16.951  0.0000E+00  0.2000E+01
 -16.931  0.0000E+00  0.2000E+01
 -16.911  0.0000E+00  0.2000E+01
 -16.891  0.0000E+00  0.2000E+01
 -16.871  0.0000E+00  0.2000E+01
 -16.851  0.0000E+00  0.2000E+01
 -16.831  0.0000E+00  0.2000E+01
 -16.811  0.0000E+00  0.2000E+01
 -16.791  0.0000E+00  0.2000E+01
 -16.771  0.0000E+00  0.2000E+01
 -16.751  0.0000E+00  0.2000E+01
 -16.731  0.0000E+00  0.2000E+01
 -16.711  0.0000E+00  0.2000E+01
 -16.691  0.0000E+00  0.2000E+01
 -16.671  0.0000E+00  0.2000E+01
 -16.651  0.0000E+00  0.2000E+01
 -16.631  0.0000E+00  0.2000E+01
 -16.611  0.0000E+00  0.2000E+01
 -16.591  0.0000E+00  0.2000E+01
 -16.571  0.0000E+00  0.2000E+01
 -16.551  0.0000E+00  0.2000E+01
 -16.531  0.0000E+00  0.2000E+01
 -16.511  0.0000E+00  0.2000E+01
 -16.491  0.0000E+00  0.2000E+01
 -16.471  0.0000E+00  0.2000E+01
 -16.451  0.0000E+00  0.2000E+01
 -16.431  0.0000E+00  0.2000E+01
 -16.411  0.0000E+00  0.2000E+01
 -16.391  0.0000E+00  0.2000E+01
 -16.371  0.0000E+00  0.2000E+01
 -16.351  0.0000E+00  0.2000E+01
 -16.331  0.0000E+00  0.2000E+01
 -16.311  0.0000E+00  0.2000E+01
 -16.291  0.0000E+00  0.2000E+01
 -16.271  0.0000E+00  0.2000E+01
 -16.251  0.0000E+00  0.2000E+01
 -16.231  0.0000E+00  0.2000E+01
 -16.211  0.0000E+00  0.2000E+01
 -16.191  0.0000E+00  0.2000E+01
 -16.171  0.0000E+00  0.2000E+01
 -16.151  0.0000E+00  0.2000E+01
 -16.131  0.0000E+00  0.2000E+01
 -16.111  0.0000E+00  0.2000E+01
 -16.091  0.0000E+00  0.2000E+01
 -16.071  0.0000E+00  0.2000E+01
 -16.051  0.0000E+00  0.2000E+01
 -16.031  0.0000E+00  0.2000E+01
 -16.011  0.0000E+00  0.2000E+01
 -15.991  0.0000E+00  0.2000E+01
 -15.971  0.0000E+00  0.2000E+01
 -15.951  0.0000E+00  0.2000E+01
 -15.931  0.0000E+00  0.2000E+01
 -15.911  0.0000E+00  0.2000E+01
 -15.891  0.0000E+00  0.2000E+01
 -15.871  0.0000E+00  0.2000E+01
 -15.851  0.0000E+00  0.2000E+01
 -15.831  0.0000E+00  0.2000E+01
 -15.811  0.0000E+00  0.2000E+01
 -15.791  0.0000E+00  0.2000E+01
 -15.771  0.0000E+00  0.2000E+01
 -15.751  0.0000E+00  0.2000E+01
 -15.731  0.0000E+00  0.2000E+01
 -15.711  0.0000E+00  0.2000E+01
 -15.691  0.0000E+00  0.2000E+01
 -15.671  0.0000E+00  0.2000E+01
 -15.651  0.0000E+00  0.2000E+01
 -15.631  0.0000E+00  0.2000E+01
 -15.611  0.0000E+00  0.2000E+01
 -15.591  0.0000E+00  0.2000E+01
 -15.571  0.0000E+00  0.2000E+01
 -15.551  0.0000E+00  0.2000E+01
 -15.531  0.0000E+00  0.2000E+01
 -15.511  0.0000E+00  0.2000E+01
 -15.491  0.0000E+00  0.2000E+01
 -15.471  0.0000E+00  0.2000E+01
 -15.451  0.0000E+00  0.2000E+01
 -15.431  0.0000E+00  0.2000E+01
 -15.411  0.0000E+00  0.2000E+01
 -15.391  0.0000E+00  0.2000E+01
 -15.371  0.0000E+00  0.2000E+01
 -15.351  0.0000E+00  0.2000E+01
 -15.331  0.0000E+00  0.2000E+01
 -15.311  0.0000E+00  0.2000E+01
 -15.291  0.0000E+00  0.2000E+01
 -15.271  0.0000E+00  0.2000E+01
 -15.251  0.0000E+00  0.2000E+01
 -15.231  0.0000E+00  0.2000E+01
 -15.211  0.0000E+00  0.2000E+01
 -15.191  0.0000E+00  0.2000E+01
 -15.171  0.0000E+00  0.2000E+01
 -15.151  0.0000E+00  0.2000E+01
 -15.131  0.0000E+00  0.2000E+01
 -15.111  0.0000E+00  0.2000E+01
 -15.091  0.0000E+00  0.2000E+01
 -15.071  0.0000E+00  0.2000E+01
 -15.051  0.0000E+00  0.2000E+01
 -15.031  0.0000E+00  0.2000E+01
 -15.011  0.0000E+00  0.2000E+01
 -14.991  0.0000E+00  0.2000E+01
 -14.971  0.0000E+00  0.2000E+01
 -14.951  0.0000E+00  0.2000E+01
 -14.931  0.0000E+00  0.2000E+01
 -14.911  0.0000E+00  0.2000E+01
 -14.891  0.0000E+00  0.2000E+01
 -14.871  0.0000E+00  0.2000E+01
 -14.851  0.0000E+00  0.2000E+01
 -14.831  0.0000E+00  0.2000E+01
 -14.811  0.0000E+00  0.2000E+01
 -14.791  0.0000E+00  0.2000E+01
 -14.771  0.0000E+00  0.2000E+01
 -14.751  0.0000E+00  0.2000E+01
 -14.731  0.0000E+00  0.2000E+01
 -14.711  0.0000E+00  0.2000E+01
 -14.691  0.0000E+00  0.2000E+01
 -14.671  0.0000E+00  0.2000E+01
 -14.651  0.0000E+00  0.2000E+01
 -14.631  0.0000E+00  0.2000E+01
 -14.611  0.0000E+00  0.2000E+01
 -14.591  0.0000E+00  0.2000E+01
 -14.571  0.0000E+00  0.2000E+01
 -14.551  0.0000E+00  0.2000E+01
 -14.531  0.0000E+00  0.2000E+01
 -14.511  0.0000E+00  0.2000E+01
 -14.491  0.0000E+00  0.2000E+01
 -14.471  0.0000E+00  0.2000E+01
 -14.451  0.0000E+00  0.2000E+01
 -14.431  0.0000E+00  0.2000E+01
 -14.411  0.0000E+00  0.2000E+01
 -14.391  0.0000E+00  0.2000E+01
 -14.371  0.0000E+00  0.2000E+01
 -14.351  0.0000E+00  0.2000E+01
 -14.331  0.0000E+00  0.2000E+01
 -14.311  0.0000E+00  0.2000E+01
 -14.291  0.0000E+00  0.2000E+01
 -14.271  0.0000E+00  0.2000E+01
 -14.251  0.0000E+00  0.2000E+01
 -14.231  0.0000E+00  0.2000E+01
 -14.211  0.0000E+00  0.2000E+01
 -14.191  0.0000E+00  0.2000E+01
 -14.171  0.0000E+00  0.2000E+01
 -14.151  0.0000E+00  0.2000E+01
 -14.131  0.0000E+00  0.2000E+01
 -14.111  0.0000E+00  0.2000E+01
 -14.091  0.0000E+00  0.2000E+01
 -14.071  0.0000E+00  0.2000E+01
 -14.051  0.0000E+00  0.2000E+01
 -14.031  0.0000E+00  0.2000E+01
 -14.011  0.0000E+00  0.2000E+01
 -13.991  0.0000E+00  0.2000E+01
 -13.971  0.0000E+00  0.2000E+01
 -13.951  0.0000E+00  0.2000E+01
 -13.931  0.0000E+00  0.2000E+01
 -13.911  0.0000E+00  0.2000E+01
 -13.891  0.0000E+00  0.2000E+01
 -13.871  0.0000E+00  0.2000E+01
 -13.851  0.0000E+00  0.2000E+01
 -13.831  0.0000E+00  0.2000E+01
 -13.811  0.0000E+00  0.2000E+01
 -13.791  0.0000E+00  0.2000E+01
 -13.771  0.0000E+00  0.2000E+01
 -13.751  0.0000E+00  0.2000E+01
 -13.731  0.0000E+00  0.2000E+01
 -13.711  0.0000E+00  0.2000E+01
 -13.691  0.0000E+00  0.2000E+01
 -13.671  0.0000E+00  0.2000E+01
 -13.651  0.0000E+00  0.2000E+01
 -13.631  0.0000E+00  0.2000E+01
 -13.611  0.0000E+00  0.2000E+01
 -13.591  0.0000E+00  0.2000E+01
 -13.571  0.0000E+00  0.2000E+01
 -13.551  0.0000E+00  0.2000E+01
 -13.531  0.0000E+00  0.2000E+01
 -13.511  0.0000E+00  0.2000E+01
 -13.491  0.0000E+00  0.2000E+01
 -13.471  0.0000E+00  0.2000E+01
 -13.451  0.0000E+00  0.2000E+01
 -13.431  0.0000E+00  0.2000E+01
 -13.411  0.0000E+00  0.2000E+01
 -13.391  0.0000E+00  0.2000E+01
 -13.371  0.0000E+00  0.2000E+01
 -13.351  0.0000E+00  0.2000E+01
 -13.331  0.0000E+00  0.2000E+01
 -13.311  0.0000E+00  0.2000E+01
 -13.291  0.0000E+00  0.2000E+01
 -13.271  0.0000E+00  0.2000E+01
 -13.251  0.0000E+00  0.2000E+01
 -13.231  0.0000E+00  0.2000E+01
 -13.211  0.0000E+00  0.2000E+01
 -13.191  0.0000E+00  0.2000E+01
 -13.171  0.0000E+00  0.2000E+01
 -13.151  0.0000E+00  0.2000E+01
 -13.131  0.0000E+00  0.2000E+01
 -13.111  0.0000E+00  0.2000E+01
 -13.091  0.0000E+00  0.2000E+01
 -13.071  0.0000E+00  0.2000E+01
 -13.051  0.0000E+00  0.2000E+01
 -13.031  0.0000E+00  0.2000E+01
 -13.011  0.0000E+00  0.2000E+01
 -12.991  0.0000E+00  0.2000E+01
 -12.971  0.0000E+00  0.2000E+01
 -12.951  0.0000E+00  0.2000E+01
 -12.931  0.0000E+00  0.2000E+01
 -12.911  0.0000E+00  0.2000E+01
 -12.891  0.0000E+00  0.2000E+01
 -12.871  0.0000E+00  0.2000E+01
 -12.851  0.0000E+00  0.2000E+01
 -12.831  0.0000E+00  0.2000E+01
 -12.811  0.0000E+00  0.2000E+01
 -12.791  0.0000E+00  0.2000E+01
 -12.771  0.0000E+00  0.2000E+01
 -12.751  0.0000E+00  0.2000E+01
 -12.731  0.0000E+00  0.2000E+01
 -12.711  0.0000E+00  0.2000E+01
 -12.691  0.0000E+00  0.2000E+01
 -12.671  0.0000E+00  0.2000E+01
 -12.651  0.0000E+00  0.2000E+01
 -12.631  0.0000E+00  0.2000E+01
 -12.611  0.0000E+00  0.2000E+01
 -12.591  0.0000E+00  0.2000E+01
 -12.571  0.0000E+00  0.2000E+01
 -12.551  0.0000E+00  0.2000E+01
 -12.531  0.0000E+00  0.2000E+01
 -12.511  0.0000E+00  0.2000E+01
 -12.491  0.0000E+00  0.2000E+01
 -12.471  0.0000E+00  0.2000E+01
 -12.451  0.0000E+00  0.2000E+01
 -12.431  0.0000E+00  0.2000E+01
 -12.411  0.0000E+00  0.2000E+01
 -12.391  0.0000E+00  0.2000E+01
 -12.371  0.0000E+00  0.2000E+01
 -12.351  0.0000E+00  0.2000E+01
 -12.331  0.0000E+00  0.2000E+01
 -12.311  0.0000E+00  0.2000E+01
 -12.291  0.0000E+00  0.2000E+01
 -12.271  0.0000E+00  0.2000E+01
 -12.251  0.0000E+00  0.2000E+01
 -12.231  0.0000E+00  0.2000E+01
 -12.211  0.0000E+00  0.2000E+01
 -12.191  0.0000E+00  0.2000E+01
 -12.171  0.0000E+00  0.2000E+01
 -12.151  0.0000E+00  0.2000E+01
 -12.131  0.0000E+00  0.2000E+01
 -12.111  0.0000E+00  0.2000E+01
 -12.091  0.0000E+00  0.2000E+01
 -12.071  0.0000E+00  0.2000E+01
 -12.051  0.0000E+00  0.2000E+01
 -12.031  0.0000E+00  0.2000E+01
 -12.011  0.0000E+00  0.2000E+01
 -11.991  0.0000E+00  0.2000E+01
 -11.971  0.0000E+00  0.2000E+01
 -11.951  0.0000E+00  0.2000E+01
 -11.931  0.0000E+00  0.2000E+01
 -11.911  0.0000E+00  0.2000E+01
 -11.891  0.0000E+00  0.2000E+01
 -11.871  0.0000E+00  0.2000E+01
 -11.851  0.0000E+00  0.2000E+01
 -11.831  0.0000E+00  0.2000E+01
 -11.811  0.0000E+00  0.2000E+01
 -11.791  0.0000E+00  0.2000E+01
 -11.771  0.0000E+00  0.2000E+01
 -11.751  0.0000E+00  0.2000E+01
 -11.731  0.0000E+00  0.2000E+01
 -11.711  0.0000E+00  0.2000E+01
 -11.691  0.0000E+00  0.2000E+01
 -11.671  0.0000E+00  0.2000E+01
 -11.651  0.0000E+00  0.2000E+01
 -11.631  0.0000E+00  0.2000E+01
 -11.611  0.0000E+00  0.2000E+01
 -11.591  0.0000E+00  0.2000E+01
 -11.571  0.0000E+00  0.2000E+01
 -11.551  0.0000E+00  0.2000E+01
 -11.531  0.0000E+00  0.2000E+01
 -11.511  0.0000E+00  0.2000E+01
 -11.491  0.0000E+00  0.2000E+01
 -11.471  0.0000E+00  0.2000E+01
 -11.451  0.0000E+00  0.2000E+01
 -11.431  0.0000E+00  0.2000E+01
 -11.411  0.0000E+00  0.2000E+01
 -11.391  0.0000E+00  0.2000E+01
 -11.371  0.0000E+00  0.2000E+01
 -11.351  0.0000E+00  0.2000E+01
 -11.331  0.0000E+00  0.2000E+01
 -11.311  0.0000E+00  0.2000E+01
 -11.291  0.0000E+00  0.2000E+01
 -11.271  0.0000E+00  0.2000E+01
 -11.251  0.0000E+00  0.2000E+01
 -11.231  0.0000E+00  0.2000E+01
 -11.211  0.0000E+00  0.2000E+01
 -11.191  0.0000E+00  0.2000E+01
 -11.171  0.0000E+00  0.2000E+01
 -11.151  0.0000E+00  0.2000E+01
 -11.131  0.0000E+00  0.2000E+01
 -11.111  0.0000E+00  0.2000E+01
 -11.091  0.0000E+00  0.2000E+01
 -11.071  0.0000E+00  0.2000E+01
 -11.051  0.0000E+00  0.2000E+01
 -11.031  0.0000E+00  0.2000E+01
 -11.011  0.0000E+00  0.2000E+01
 -10.991  0.0000E+00  0.2000E+01
 -10.971  0.0000E+00  0.2000E+01
 -10.951  0.0000E+00  0.2000E+01
 -10.931  0.0000E+00  0.2000E+01
 -10.911  0.0000E+00  0.2000E+01
 -10.891  0.0000E+00  0.2000E+01
 -10.871  0.0000E+00  0.2000E+01
 -10.851  0.0000E+00  0.2000E+01
 -10.831  0.0000E+00  0.2000E+01
 -10.811  0.0000E+00  0.2000E+01
 -10.791  0.0000E+00  0.2000E+01
 -10.771  0.0000E+00  0.2000E+01
 -10.751  0.0000E+00  0.2000E+01
 -10.731  0.0000E+00  0.2000E+01
 -10.711  0.0000E+00  0.2000E+01
 -10.691  0.0000E+00  0.2000E+01
 -10.671  0.0000E+00  0.2000E+01
 -10.651  0.0000E+00  0.2000E+01
 -10.631  0.0000E+00  0.2000E+01
 -10.611  0.0000E+00  0.2000E+01
 -10.591  0.0000E+00  0.2000E+01
 -10.571  0.0000E+00  0.2000E+01
 -10.551  0.0000E+00  0.2000E+01
 -10.531  0.0000E+00  0.2000E+01
 -10.511  0.0000E+00  0.2000E+01
 -10.491  0.0000E+00  0.2000E+01
 -10.471  0.0000E+00  0.2000E+01
 -10.451  0.0000E+00  0.2000E+01
 -10.431  0.0000E+00  0.2000E+01
 -10.411  0.0000E+00  0.2000E+01
 -10.391  0.0000E+00  0.2000E+01
 -10.371  0.0000E+00  0.2000E+01
 -10.351  0.0000E+00  0.2000E+01
 -10.331  0.0000E+00  0.2000E+01
 -10.311  0.0000E+00  0.2000E+01
 -10.291  0.0000E+00  0.2000E+01
 -10.271  0.0000E+00  0.2000E+01
 -10.251  0.0000E+00  0.2000E+01
 -10.231  0.0000E+00  0.2000E+01
 -10.211  0.0000E+00  0.2000E+01
 -10.191  0.0000E+00  0.2000E+01
 -10.171  0.0000E+00  0.2000E+01
 -10.151  0.0000E+00  0.2000E+01
 -10.131  0.0000E+00  0.2000E+01
 -10.111  0.0000E+00  0.2000E+01
 -10.091  0.0000E+00  0.2000E+01
 -10.071  0.0000E+00  0.2000E+01
 -10.051  0.0000E+00  0.2000E+01
 -10.031  0.0000E+00  0.2000E+01
 -10.011  0.0000E+00  0.2000E+01
  -9.991  0.0000E+00  0.2000E+01
  -9.971  0.0000E+00  0.2000E+01
  -9.951  0.0000E+00  0.2000E+01
  -9.931  0.0000E+00  0.2000E+01
  -9.911  0.0000E+00  0.2000E+01
  -9.891  0.0000E+00  0.2000E+01
  -9.871  0.0000E+00  0.2000E+01
  -9.851  0.0000E+00  0.2000E+01
  -9.831  0.0000E+00  0.2000E+01
  -9.811  0.0000E+00  0.2000E+01
  -9.791  0.0000E+00  0.2000E+01
  -9.771  0.0000E+00  0.2000E+01
  -9.751  0.0000E+00  0.2000E+01
  -9.731  0.0000E+00  0.2000E+01
  -9.711  0.0000E+00  0.2000E+01
  -9.691  0.0000E+00  0.2000E+01
  -9.671  0.0000E+00  0.2000E+01
  -9.651  0.0000E+00  0.2000E+01
  -9.631  0.0000E+00  0.2000E+01
  -9.611  0.0000E+00  0.2000E+01
  -9.591  0.0000E+00  0.2000E+01
  -9.571  0.0000E+00  0.2000E+01
  -9.551  0.0000E+00  0.2000E+01
  -9.531  0.0000E+00  0.2000E+01
  -9.511  0.0000E+00  0.2000E+01
  -9.491  0.0000E+00  0.2000E+01
  -9.471  0.0000E+00  0.2000E+01
  -9.451  0.0000E+00  0.2000E+01
  -9.431  0.0000E+00  0.2000E+01
  -9.411  0.0000E+00  0.2000E+01
  -9.391  0.0000E+00  0.2000E+01
  -9.371  0.0000E+00  0.2000E+01
  -9.351  0.0000E+00  0.2000E+01
  -9.331  0.0000E+00  0.2000E+01
  -9.311  0.0000E+00  0.2000E+01
  -9.291  0.0000E+00  0.2000E+01
  -9.271  0.0000E+00  0.2000E+01
  -9.251  0.0000E+00  0.2000E+01
  -9.231  0.0000E+00  0.2000E+01
  -9.211  0.0000E+00  0.2000E+01
  -9.191  0.0000E+00  0.2000E+01
  -9.171  0.0000E+00  0.2000E+01
  -9.151  0.0000E+00  0.2000E+01
  -9.131  0.0000E+00  0.2000E+01
  -9.111  0.0000E+00  0.2000E+01
  -9.091  0.0000E+00  0.2000E+01
  -9.071  0.0000E+00  0.2000E+01
  -9.051  0.0000E+00  0.2000E+01
  -9.031  0.0000E+00  0.2000E+01
  -9.011  0.0000E+00  0.2000E+01
  -8.991  0.0000E+00  0.2000E+01
  -8.971  0.0000E+00  0.2000E+01
  -8.951  0.0000E+00  0.2000E+01
  -8.931  0.0000E+00  0.2000E+01
  -8.911  0.0000E+00  0.2000E+01
  -8.891  0.0000E+00  0.2000E+01
  -8.871  0.0000E+00  0.2000E+01
  -8.851  0.0000E+00  0.2000E+01
  -8.831  0.0000E+00  0.2000E+01
  -8.811  0.0000E+00  0.2000E+01
  -8.791  0.0000E+00  0.2000E+01
  -8.771  0.0000E+00  0.2000E+01
  -8.751  0.0000E+00  0.2000E+01
  -8.731  0.0000E+00  0.2000E+01
  -8.711  0.0000E+00  0.2000E+01
  -8.691  0.0000E+00  0.2000E+01
  -8.671  0.0000E+00  0.2000E+01
  -8.651  0.0000E+00  0.2000E+01
  -8.631  0.0000E+00  0.2000E+01
  -8.611  0.0000E+00  0.2000E+01
  -8.591  0.0000E+00  0.2000E+01
  -8.571  0.0000E+00  0.2000E+01
  -8.551  0.0000E+00  0.2000E+01
  -8.531  0.0000E+00  0.2000E+01
  -8.511  0.0000E+00  0.2000E+01
  -8.491  0.0000E+00  0.2000E+01
  -8.471  0.0000E+00  0.2000E+01
  -8.451  0.0000E+00  0.2000E+01
  -8.431  0.0000E+00  0.2000E+01
  -8.411  0.0000E+00  0.2000E+01
  -8.391  0.0000E+00  0.2000E+01
  -8.371  0.0000E+00  0.2000E+01
  -8.351  0.0000E+00  0.2000E+01
  -8.331  0.0000E+00  0.2000E+01
  -8.311  0.0000E+00  0.2000E+01
  -8.291  0.0000E+00  0.2000E+01
  -8.271  0.0000E+00  0.2000E+01
  -8.251  0.0000E+00  0.2000E+01
  -8.231  0.0000E+00  0.2000E+01
  -8.211  0.0000E+00  0.2000E+01
  -8.191  0.0000E+00  0.2000E+01
  -8.171  0.0000E+00  0.2000E+01
  -8.151  0.0000E+00  0.2000E+01
  -8.131  0.0000E+00  0.2000E+01
  -8.111  0.0000E+00  0.2000E+01
  -8.091  0.0000E+00  0.2000E+01
  -8.071  0.0000E+00  0.2000E+01
  -8.051  0.0000E+00  0.2000E+01
  -8.031  0.0000E+00  0.2000E+01
  -8.011  0.0000E+00  0.2000E+01
  -7.991  0.0000E+00  0.2000E+01
  -7.971  0.0000E+00  0.2000E+01
  -7.951  0.2153E+02  0.2088E+01
  -7.931  0.1383E+02  0.2421E+01
  -7.911  0.1162E+02  0.2674E+01
  -7.891  0.1065E+02  0.2897E+01
  -7.871  0.1001E+02  0.3104E+01
  -7.851  0.9645E+01  0.3301E+01
  -7.831  0.9561E+01  0.3492E+01
  -7.811  0.8339E+01  0.3679E+01
  -7.791  0.5315E+01  0.3809E+01
  -7.771  0.3817E+01  0.3899E+01
  -7.751  0.2503E+01  0.3963E+01
  -7.731  0.8443E+00  0.3999E+01
  -7.711  0.0000E+00  0.4000E+01
  -7.691  0.0000E+00  0.4000E+01
  -7.671  0.0000E+00  0.4000E+01
  -7.651  0.0000E+00  0.4000E+01
  -7.631  0.0000E+00  0.4000E+01
  -7.611  0.0000E+00  0.4000E+01
  -7.591  0.0000E+00  0.4000E+01
  -7.571  0.0000E+00  0.4000E+01
  -7.551  0.0000E+00  0.4000E+01
  -7.531  0.0000E+00  0.4000E+01
  -7.511  0.0000E+00  0.4000E+01
  -7.491  0.0000E+00  0.4000E+01
  -7.471  0.0000E+00  0.4000E+01
  -7.451  0.0000E+00  0.4000E+01
  -7.431  0.0000E+00  0.4000E+01
  -7.411  0.0000E+00  0.4000E+01
  -7.391  0.0000E+00  0.4000E+01
  -7.371  0.0000E+00  0.4000E+01
  -7.351  0.0000E+00  0.4000E+01
  -7.331  0.0000E+00  0.4000E+01
  -7.311  0.0000E+00  0.4000E+01
  -7.291  0.0000E+00  0.4000E+01
  -7.271  0.0000E+00  0.4000E+01
  -7.251  0.0000E+00  0.4000E+01
  -7.231  0.0000E+00  0.4000E+01
  -7.211  0.0000E+00  0.4000E+01
  -7.191  0.0000E+00  0.4000E+01
  -7.171  0.0000E+00  0.4000E+01
  -7.151  0.0000E+00  0.4000E+01
  -7.131  0.0000E+00  0.4000E+01
  -7.111  0.0000E+00  0.4000E+01
  -7.091  0.0000E+00  0.4000E+01
  -7.071  0.0000E+00  0.4000E+01
  -7.051  0.0000E+00  0.4000E+01
  -7.031  0.0000E+00  0.4000E+01
  -7.011  0.0000E+00  0.4000E+01
  -6.991  0.0000E+00  0.4000E+01
  -6.971  0.0000E+00  0.4000E+01
  -6.951  0.0000E+00  0.4000E+01
  -6.931  0.0000E+00  0.4000E+01
  -6.911  0.0000E+00  0.4000E+01
  -6.891  0.0000E+00  0.4000E+01
  -6.871  0.0000E+00  0.4000E+01
  -6.851  0.0000E+00  0.4000E+01
  -6.831  0.0000E+00  0.4000E+01
  -6.811  0.0000E+00  0.4000E+01
  -6.791  0.0000E+00  0.4000E+01
  -6.771  0.0000E+00  0.4000E+01
  -6.751  0.0000E+00  0.4000E+01
  -6.731  0.0000E+00  0.4000E+01
  -6.711  0.0000E+00  0.4000E+01
  -6.691  0.0000E+00  0.4000E+01
  -6.671  0.0000E+00  0.4000E+01
  -6.651  0.0000E+00  0.4000E+01
  -6.631  0.0000E+00  0.4000E+01
  -6.611  0.0000E+00  0.4000E+01
  -6.591  0.0000E+00  0.4000E+01
  -6.571  0.0000E+00  0.4000E+01
  -6.551  0.0000E+00  0.4000E+01
  -6.531  0.0000E+00  0.4000E+01
  -6.511  0.0000E+00  0.4000E+01
  -6.491  0.0000E+00  0.4000E+01
  -6.471  0.0000E+00  0.4000E+01
  -6.451  0.0000E+00  0.4000E+01
  -6.431  0.0000E+00  0.4000E+01
  -6.411  0.0000E+00  0.4000E+01
  -6.391  0.0000E+00  0.4000E+01
  -6.371  0.0000E+00  0.4000E+01
  -6.351  0.0000E+00  0.4000E+01
  -6.331  0.0000E+00  0.4000E+01
  -6.311  0.0000E+00  0.4000E+01
  -6.291  0.0000E+00  0.4000E+01
  -6.271  0.0000E+00  0.4000E+01
  -6.251  0.0000E+00  0.4000E+01
  -6.231  0.0000E+00  0.4000E+01
  -6.211  0.0000E+00  0.4000E+01
  -6.191  0.0000E+00  0.4000E+01
  -6.171  0.0000E+00  0.4000E+01
  -6.151  0.0000E+00  0.4000E+01
  -6.131  0.0000E+00  0.4000E+01
  -6.111  0.0000E+00  0.4000E+01
  -6.091  0.0000E+00  0.4000E+01
  -6.071  0.0000E+00  0.4000E+01
  -6.051  0.0000E+00  0.4000E+01
  -6.031  0.0000E+00  0.4000E+01
  -6.011  0.0000E+00  0.4000E+01
  -5.991  0.0000E+00  0.4000E+01
  -5.971  0.0000E+00  0.4000E+01
  -5.951  0.0000E+00  0.4000E+01
  -5.931  0.0000E+00  0.4000E+01
  -5.911  0.0000E+00  0.4000E+01
  -5.891  0.0000E+00  0.4000E+01
  -5.871  0.0000E+00  0.4000E+01
  -5.851  0.0000E+00  0.4000E+01
  -5.831  0.0000E+00  0.4000E+01
  -5.811  0.0000E+00  0.4000E+01
  -5.791  0.0000E+00  0.4000E+01
  -5.771  0.0000E+00  0.4000E+01
  -5.751  0.0000E+00  0.4000E+01
  -5.731  0.0000E+00  0.4000E+01
  -5.711  0.0000E+00  0.4000E+01
  -5.691  0.0000E+00  0.4000E+01
  -5.671  0.0000E+00  0.4000E+01
  -5.651  0.0000E+00  0.4000E+01
  -5.631  0.0000E+00  0.4000E+01
  -5.611  0.0000E+00  0.4000E+01
  -5.591  0.0000E+00  0.4000E+01
  -5.571  0.0000E+00  0.4000E+01
  -5.551  0.0000E+00  0.4000E+01
  -5.531  0.0000E+00  0.4000E+01
  -5.511  0.0000E+00  0.4000E+01
  -5.491  0.0000E+00  0.4000E+01
  -5.471  0.0000E+00  0.4000E+01
  -5.451  0.0000E+00  0.4000E+01
  -5.431  0.0000E+00  0.4000E+01
  -5.411  0.0000E+00  0.4000E+01
  -5.391  0.0000E+00  0.4000E+01
  -5.371  0.0000E+00  0.4000E+01
  -5.351  0.0000E+00  0.4000E+01
  -5.331  0.0000E+00  0.4000E+01
  -5.311  0.0000E+00  0.4000E+01
  -5.291  0.0000E+00  0.4000E+01
  -5.271  0.0000E+00  0.4000E+01
  -5.251  0.0000E+00  0.4000E+01
  -5.231  0.0000E+00  0.4000E+01
  -5.211  0.0000E+00  0.4000E+01
  -5.191  0.0000E+00  0.4000E+01
  -5.171  0.0000E+00  0.4000E+01
  -5.151  0.0000E+00  0.4000E+01
  -5.131  0.0000E+00  0.4000E+01
  -5.111  0.0000E+00  0.4000E+01
  -5.091  0.0000E+00  0.4000E+01
  -5.071  0.0000E+00  0.4000E+01
  -5.051  0.0000E+00  0.4000E+01
  -5.031  0.0000E+00  0.4000E+01
  -5.011  0.0000E+00  0.4000E+01
  -4.991  0.0000E+00  0.4000E+01
  -4.971  0.0000E+00  0.4000E+01
  -4.951  0.0000E+00  0.4000E+01
  -4.931  0.0000E+00  0.4000E+01
  -4.911  0.0000E+00  0.4000E+01
  -4.891  0.0000E+00  0.4000E+01
  -4.871  0.0000E+00  0.4000E+01
  -4.851  0.4975E+00  0.4000E+01
  -4.831  0.6610E+01  0.4080E+01
  -4.811  0.1146E+02  0.4259E+01
  -4.791  0.2239E+02  0.4583E+01
  -4.771  0.2178E+02  0.5030E+01
  -4.751  0.1951E+02  0.5427E+01
  -4.731  0.1834E+02  0.5786E+01
  -4.711  0.1815E+02  0.6140E+01
  -4.691  0.1811E+02  0.6487E+01
  -4.671  0.1405E+02  0.6797E+01
  -4.651  0.1350E+02  0.7073E+01
  -4.631  0.1493E+02  0.7348E+01
  -4.611  0.1352E+02  0.7619E+01
  -4.591  0.1478E+02  0.7899E+01
  -4.571  0.1717E+02  0.8229E+01
  -4.551  0.2076E+02  0.8632E+01
  -4.531  0.2906E+02  0.9212E+01
  -4.511  0.1863E+02  0.9713E+01
  -4.491  0.7015E+01  0.9954E+01
  -4.471  0.0000E+00  0.1000E+02
  -4.451  0.0000E+00  0.1000E+02
  -4.431  0.0000E+00  0.1000E+02
  -4.411  0.0000E+00  0.1000E+02
  -4.391  0.0000E+00  0.1000E+02
  -4.371  0.0000E+00  0.1000E+02
  -4.351  0.0000E+00  0.1000E+02
  -4.331  0.0000E+00  0.1000E+02
  -4.311  0.0000E+00  0.1000E+02
  -4.291  0.0000E+00  0.1000E+02
  -4.271  0.0000E+00  0.1000E+02
  -4.251  0.0000E+00  0.1000E+02
  -4.231  0.0000E+00  0.1000E+02
  -4.211  0.0000E+00  0.1000E+02
  -4.191  0.0000E+00  0.1000E+02
  -4.171  0.0000E+00  0.1000E+02
  -4.151  0.0000E+00  0.1000E+02
  -4.131  0.0000E+00  0.1000E+02
  -4.111  0.0000E+00  0.1000E+02
  -4.091  0.0000E+00  0.1000E+02
  -4.071  0.0000E+00  0.1000E+02
  -4.051  0.0000E+00  0.1000E+02
  -4.031  0.0000E+00  0.1000E+02
  -4.011  0.0000E+00  0.1000E+02
  -3.991  0.0000E+00  0.1000E+02
  -3.971  0.0000E+00  0.1000E+02
  -3.951  0.0000E+00  0.1000E+02
  -3.931  0.0000E+00  0.1000E+02
  -3.911  0.0000E+00  0.1000E+02
  -3.891  0.0000E+00  0.1000E+02
  -3.871  0.0000E+00  0.1000E+02
  -3.851  0.0000E+00  0.1000E+02
  -3.831  0.0000E+00  0.1000E+02
  -3.811  0.0000E+00  0.1000E+02
  -3.791  0.0000E+00  0.1000E+02
  -3.771  0.0000E+00  0.1000E+02
  -3.751  0.0000E+00  0.1000E+02
  -3.731  0.0000E+00  0.1000E+02
  -3.711  0.0000E+00  0.1000E+02
  -3.691  0.0000E+00  0.1000E+02
  -3.671  0.0000E+00  0.1000E+02
  -3.651  0.0000E+00  0.1000E+02
  -3.631  0.0000E+00  0.1000E+02
  -3.611  0.0000E+00  0.1000E+02
  -3.591  0.0000E+00  0.1000E+02
  -3.571  0.0000E+00  0.1000E+02
  -3.551  0.0000E+00  0.1000E+02
  -3.531  0.0000E+00  0.1000E+02
  -3.511  0.0000E+00  0.1000E+02
  -3.491  0.0000E+00  0.1000E+02
  -3.471  0.0000E+00  0.1000E+02
  -3.451  0.0000E+00  0.1000E+02
  -3.431  0.0000E+00  0.1000E+02
  -3.411  0.0000E+00  0.1000E+02
  -3.391  0.0000E+00  0.1000E+02
  -3.371  0.0000E+00  0.1000E+02
  -3.351  0.0000E+00  0.1000E+02
  -3.331  0.0000E+00  0.1000E+02
  -3.311  0.0000E+00  0.1000E+02
  -3.291  0.0000E+00  0.1000E+02
  -3.271  0.0000E+00  0.1000E+02
  -3.251  0.0000E+00  0.1000E+02
  -3.231  0.0000E+00  0.1000E+02
  -3.211  0.0000E+00  0.1000E+02
  -3.191  0.0000E+00  0.1000E+02
  -3.171  0.0000E+00  0.1000E+02
  -3.151  0.0000E+00  0.1000E+02
  -3.131  0.0000E+00  0.1000E+02
  -3.111  0.0000E+00  0.1000E+02
  -3.091  0.0000E+00  0.1000E+02
  -3.071  0.0000E+00  0.1000E+02
  -3.051  0.0000E+00  0.1000E+02
  -3.031  0.0000E+00  0.1000E+02
  -3.011  0.0000E+00  0.1000E+02
  -2.991  0.0000E+00  0.1000E+02
  -2.971  0.0000E+00  0.1000E+02
  -2.951  0.0000E+00  0.1000E+02
  -2.931  0.0000E+00  0.1000E+02
  -2.911  0.0000E+00  0.1000E+02
  -2.891  0.0000E+00  0.1000E+02
  -2.871  0.0000E+00  0.1000E+02
  -2.851  0.0000E+00  0.1000E+02
  -2.831  0.0000E+00  0.1000E+02
  -2.811  0.0000E+00  0.1000E+02
  -2.791  0.0000E+00  0.1000E+02
  -2.771  0.0000E+00  0.1000E+02
  -2.751  0.0000E+00  0.1000E+02
  -2.731  0.0000E+00  0.1000E+02
  -2.711  0.0000E+00  0.1000E+02
  -2.691  0.0000E+00  0.1000E+02
  -2.671  0.0000E+00  0.1000E+02
  -2.651  0.0000E+00  0.1000E+02
  -2.631  0.0000E+00  0.1000E+02
  -2.611  0.0000E+00  0.1000E+02
  -2.591  0.0000E+00  0.1000E+02
  -2.571  0.0000E+00  0.1000E+02
  -2.551  0.0000E+00  0.1000E+02
  -2.531  0.0000E+00  0.1000E+02
  -2.511  0.0000E+00  0.1000E+02
  -2.491  0.0000E+00  0.1000E+02
  -2.471  0.0000E+00  0.1000E+02
  -2.451  0.0000E+00  0.1000E+02
  -2.431  0.0000E+00  0.1000E+02
  -2.411  0.0000E+00  0.1000E+02
  -2.391  0.0000E+00  0.1000E+02
  -2.371  0.0000E+00  0.1000E+02
  -2.351  0.0000E+00  0.1000E+02
  -2.331  0.0000E+00  0.1000E+02
  -2.311  0.0000E+00  0.1000E+02
  -2.291  0.0000E+00  0.1000E+02
  -2.271  0.0000E+00  0.1000E+02
  -2.251  0.0000E+00  0.1000E+02
  -2.231  0.0000E+00  0.1000E+02
  -2.211  0.0000E+00  0.1000E+02
  -2.191  0.0000E+00  0.1000E+02
  -2.171  0.0000E+00  0.1000E+02
  -2.151  0.0000E+00  0.1000E+02
  -2.131  0.0000E+00  0.1000E+02
  -2.111  0.0000E+00  0.1000E+02
  -2.091  0.0000E+00  0.1000E+02
  -2.071  0.0000E+00  0.1000E+02
  -2.051  0.0000E+00  0.1000E+02
  -2.031  0.0000E+00  0.1000E+02
  -2.011  0.0000E+00  0.1000E+02
  -1.991  0.0000E+00  0.1000E+02
  -1.971  0.0000E+00  0.1000E+02
  -1.951  0.0000E+00  0.1000E+02
  -1.931  0.0000E+00  0.1000E+02
  -1.911  0.0000E+00  0.1000E+02
  -1.891  0.0000E+00  0.1000E+02
  -1.871  0.0000E+00  0.1000E+02
  -1.851  0.0000E+00  0.1000E+02
  -1.831  0.0000E+00  0.1000E+02
  -1.811  0.0000E+00  0.1000E+02
  -1.791  0.0000E+00  0.1000E+02
  -1.771  0.0000E+00  0.1000E+02
  -1.751  0.0000E+00  0.1000E+02
  -1.731  0.0000E+00  0.1000E+02
  -1.711  0.0000E+00  0.1000E+02
  -1.691  0.0000E+00  0.1000E+02
  -1.671  0.0000E+00  0.1000E+02
  -1.651  0.0000E+00  0.1000E+02
  -1.631  0.0000E+00  0.1000E+02
  -1.611  0.0000E+00  0.1000E+02
  -1.591  0.0000E+00  0.1000E+02
  -1.571  0.0000E+00  0.1000E+02
  -1.551  0.0000E+00  0.1000E+02
  -1.531  0.0000E+00  0.1000E+02
  -1.511  0.0000E+00  0.1000E+02
  -1.491  0.0000E+00  0.1000E+02
  -1.471  0.0000E+00  0.1000E+02
  -1.451  0.0000E+00  0.1000E+02
  -1.431  0.0000E+00  0.1000E+02
  -1.411  0.0000E+00  0.1000E+02
  -1.391  0.0000E+00  0.1000E+02
  -1.371  0.0000E+00  0.1000E+02
  -1.351  0.0000E+00  0.1000E+02
  -1.331  0.0000E+00  0.1000E+02
  -1.311  0.0000E+00  0.1000E+02
  -1.291  0.0000E+00  0.1000E+02
  -1.271  0.0000E+00  0.1000E+02
  -1.251  0.0000E+00  0.1000E+02
  -1.231  0.0000E+00  0.1000E+02
  -1.211  0.0000E+00  0.1000E+02
  -1.191  0.0000E+00  0.1000E+02
  -1.171  0.0000E+00  0.1000E+02
  -1.151  0.0000E+00  0.1000E+02
  -1.131  0.0000E+00  0.1000E+02
  -1.111  0.0000E+00  0.1000E+02
  -1.091  0.0000E+00  0.1000E+02
  -1.071  0.0000E+00  0.1000E+02
  -1.051  0.0000E+00  0.1000E+02
  -1.031  0.0000E+00  0.1000E+02
  -1.011  0.0000E+00  0.1000E+02
  -0.991  0.0000E+00  0.1000E+02
  -0.971  0.0000E+00  0.1000E+02
  -0.951  0.0000E+00  0.1000E+02
  -0.931  0.0000E+00  0.1000E+02
  -0.911  0.0000E+00  0.1000E+02
  -0.891  0.0000E+00  0.1000E+02
  -0.871  0.0000E+00  0.1000E+02
  -0.851  0.0000E+00  0.1000E+02
  -0.831  0.0000E+00  0.1000E+02
  -0.811  0.0000E+00  0.1000E+02
  -0.791  0.0000E+00  0.1000E+02
  -0.771  0.0000E+00  0.1000E+02
  -0.751  0.0000E+00  0.1000E+02
  -0.731  0.0000E+00  0.1000E+02
  -0.711  0.0000E+00  0.1000E+02
  -0.691  0.0000E+00  0.1000E+02
  -0.671  0.0000E+00  0.1000E+02
  -0.651  0.0000E+00  0.1000E+02
  -0.631  0.0000E+00  0.1000E+02
  -0.611  0.0000E+00  0.1000E+02
  -0.591  0.0000E+00  0.1000E+02
  -0.571  0.0000E+00  0.1000E+02
  -0.551  0.0000E+00  0.1000E+02
  -0.531  0.0000E+00  0.1000E+02
  -0.511  0.0000E+00  0.1000E+02
  -0.491  0.0000E+00  0.1000E+02
  -0.471  0.0000E+00  0.1000E+02
  -0.451  0.0000E+00  0.1000E+02
  -0.431  0.0000E+00  0.1000E+02
  -0.411  0.0000E+00  0.1000E+02
  -0.391  0.0000E+00  0.1000E+02
  -0.371  0.0000E+00  0.1000E+02
  -0.351  0.0000E+00  0.1000E+02
  -0.331  0.0000E+00  0.1000E+02
  -0.311  0.0000E+00  0.1000E+02
  -0.291  0.0000E+00  0.1000E+02
  -0.271  0.0000E+00  0.1000E+02
  -0.251  0.0000E+00  0.1000E+02
  -0.231  0.0000E+00  0.1000E+02
  -0.211  0.0000E+00  0.1000E+02
  -0.191  0.0000E+00  0.1000E+02
  -0.171  0.0000E+00  0.1000E+02
  -0.151  0.0000E+00  0.1000E+02
  -0.131  0.0000E+00  0.1000E+02
  -0.111  0.0000E+00  0.1000E+02
  -0.091  0.0000E+00  0.1000E+02
  -0.071  0.0000E+00  0.1000E+02
  -0.051  0.0000E+00  0.1000E+02
  -0.031  0.0000E+00  0.1000E+02
  -0.011  0.0000E+00  0.1000E+02
   0.009  0.0000E+00  0.1000E+02
   0.029  0.0000E+00  0.1000E+02
   0.049  0.0000E+00  0.1000E+02
   0.069  0.0000E+00  0.1000E+02
   0.089  0.0000E+00  0.1000E+02
   0.109  0.0000E+00  0.1000E+02
   0.129  0.0000E+00  0.1000E+02
   0.149  0.0000E+00  0.1000E+02
   0.169  0.0000E+00  0.1000E+02
   0.189  0.0000E+00  0.1000E+02
   0.209  0.0000E+00  0.1000E+02
   0.229  0.0000E+00  0.1000E+02
   0.249  0.0000E+00  0.1000E+02
   0.269  0.0000E+00  0.1000E+02
   0.289  0.0000E+00  0.1000E+02
   0.309  0.0000E+00  0.1000E+02
   0.329  0.0000E+00  0.1000E+02
   0.349  0.0000E+00  0.1000E+02
   0.369  0.0000E+00  0.1000E+02
   0.389  0.0000E+00  0.1000E+02
   0.409  0.0000E+00  0.1000E+02
   0.429  0.0000E+00  0.1000E+02
   0.449  0.0000E+00  0.1000E+02
   0.469  0.0000E+00  0.1000E+02
   0.489  0.0000E+00  0.1000E+02
   0.509  0.0000E+00  0.1000E+02
   0.529  0.0000E+00  0.1000E+02
   0.549  0.0000E+00  0.1000E+02
   0.569  0.0000E+00  0.1000E+02
   0.589  0.0000E+00  0.1000E+02
   0.609  0.0000E+00  0.1000E+02
   0.629  0.0000E+00  0.1000E+02
   0.649  0.0000E+00  0.1000E+02
   0.669  0.0000E+00  0.1000E+02
   0.689  0.0000E+00  0.1000E+02
   0.709  0.0000E+00  0.1000E+02
   0.729  0.0000E+00  0.1000E+02
   0.749  0.0000E+00  0.1000E+02
   0.769  0.0000E+00  0.1000E+02
   0.789  0.0000E+00  0.1000E+02
   0.809  0.0000E+00  0.1000E+02
   0.829  0.0000E+00  0.1000E+02
   0.849  0.0000E+00  0.1000E+02
   0.869  0.0000E+00  0.1000E+02
   0.889  0.0000E+00  0.1000E+02
   0.909  0.0000E+00  0.1000E+02
   0.929  0.0000E+00  0.1000E+02
   0.949  0.0000E+00  0.1000E+02
   0.969  0.0000E+00  0.1000E+02
   0.989  0.0000E+00  0.1000E+02
   1.009  0.0000E+00  0.1000E+02
   1.029  0.0000E+00  0.1000E+02
   1.049  0.0000E+00  0.1000E+02
   1.069  0.0000E+00  0.1000E+02
   1.089  0.0000E+00  0.1000E+02
   1.109  0.0000E+00  0.1000E+02
   1.129  0.0000E+00  0.1000E+02
   1.149  0.0000E+00  0.1000E+02
   1.169  0.0000E+00  0.1000E+02
   1.189  0.0000E+00  0.1000E+02
   1.209  0.0000E+00  0.1000E+02
   1.229  0.1922E+00  0.1000E+02
   1.249  0.4030E+00  0.1001E+02
   1.269  0.5580E+00  0.1002E+02
   1.289  0.6583E+00  0.1003E+02
   1.309  0.7307E+00  0.1004E+02
   1.329  0.8442E+00  0.1006E+02
   1.349  0.9902E+00  0.1008E+02
   1.369  0.1123E+01  0.1010E+02
   1.389  0.1216E+01  0.1012E+02
   1.409  0.1338E+01  0.1015E+02
   1.429  0.1472E+01  0.1018E+02
   1.449  0.1608E+01  0.1021E+02
   1.469  0.1997E+01  0.1024E+02
   1.489  0.2642E+01  0.1029E+02
   1.509  0.3227E+01  0.1035E+02
   1.529  0.3804E+01  0.1042E+02
   1.549  0.4361E+01  0.1050E+02
   1.569  0.5162E+01  0.1059E+02
   1.589  0.6621E+01  0.1071E+02
   1.609  0.7681E+01  0.1085E+02
   1.629  0.7574E+01  0.1101E+02
   1.649  0.7811E+01  0.1116E+02
   1.669  0.8345E+01  0.1132E+02
   1.689  0.9174E+01  0.1150E+02
   1.709  0.7560E+01  0.1168E+02
   1.729  0.5921E+01  0.1181E+02
   1.749  0.5402E+01  0.1193E+02
   1.769  0.5852E+01  0.1203E+02
   1.789  0.4632E+01  0.1213E+02
   1.809  0.4990E+01  0.1222E+02
   1.829  0.4658E+01  0.1232E+02
   1.849  0.4650E+01  0.1241E+02
   1.869  0.4541E+01  0.1251E+02
   1.889  0.4386E+01  0.1260E+02
   1.909  0.4261E+01  0.1268E+02
   1.929  0.4193E+01  0.1277E+02
   1.949  0.4129E+01  0.1285E+02
   1.969  0.4049E+01  0.1293E+02
   1.989  0.3916E+01  0.1301E+02
   2.009  0.4010E+01  0.1309E+02
   2.029  0.4139E+01  0.1317E+02
   2.049  0.4292E+01  0.1326E+02
   2.069  0.4253E+01  0.1334E+02
   2.089  0.4131E+01  0.1343E+02
   2.109  0.4010E+01  0.1351E+02
   2.129  0.3996E+01  0.1359E+02
   2.149  0.4030E+01  0.1367E+02
   2.169  0.4096E+01  0.1375E+02
   2.189  0.4201E+01  0.1383E+02
   2.209  0.4734E+01  0.1392E+02
   2.229  0.4743E+01  0.1401E+02
   2.249  0.4730E+01  0.1411E+02
   2.269  0.4734E+01  0.1420E+02
   2.289  0.4829E+01  0.1430E+02
   2.309  0.5060E+01  0.1440E+02
   2.329  0.5360E+01  0.1450E+02
   2.349  0.5697E+01  0.1461E+02
   2.369  0.7005E+01  0.1473E+02
   2.389  0.7604E+01  0.1487E+02
   2.409  0.1130E+02  0.1506E+02
   2.429  0.1049E+02  0.1529E+02
   2.449  0.9814E+01  0.1549E+02
   2.469  0.8576E+01  0.1570E+02
   2.489  0.4971E+01  0.1583E+02
   2.509  0.2306E+01  0.1589E+02
   2.529  0.1711E+01  0.1594E+02
   2.549  0.1253E+01  0.1596E+02
   2.569  0.8468E+00  0.1599E+02
   2.589  0.8339E-01  0.1600E+02
   2.609  0.0000E+00  0.1600E+02
   2.629  0.0000E+00  0.1600E+02
   2.649  0.0000E+00  0.1600E+02
   2.669  0.0000E+00  0.1600E+02
   2.689  0.0000E+00  0.1600E+02
   2.709  0.0000E+00  0.1600E+02
   2.729  0.0000E+00  0.1600E+02
   2.749  0.0000E+00  0.1600E+02
   2.769  0.0000E+00  0.1600E+02
   2.789  0.0000E+00  0.1600E+02
   2.809  0.0000E+00  0.1600E+02
   2.829  0.0000E+00  0.1600E+02
   2.849  0.0000E+00  0.1600E+02
   2.869  0.0000E+00  0.1600E+02
   2.889  0.0000E+00  0.1600E+02
   2.909  0.0000E+00  0.1600E+02
   2.929  0.0000E+00  0.1600E+02
   2.949  0.0000E+00  0.1600E+02
   2.969  0.0000E+00  0.1600E+02
   2.989  0.0000E+00  0.1600E+02
   3.009  0.0000E+00  0.1600E+02
   3.029  0.0000E+00  0.1600E+02
   3.049  0.0000E+00  0.1600E+02
   3.069  0.0000E+00  0.1600E+02
   3.089  0.0000E+00  0.1600E+02
   3.109  0.0000E+00  0.1600E+02
   3.129  0.0000E+00  0.1600E+02
   3.149  0.0000E+00  0.1600E+02
   3.169  0.0000E+00  0.1600E+02
   3.189  0.0000E+00  0.1600E+02
   3.209  0.0000E+00  0.1600E+02
   3.229  0.0000E+00  0.1600E+02
   3.249  0.0000E+00  0.1600E+02
   3.269  0.0000E+00  0.1600E+02
   3.289  0.0000E+00  0.1600E+02
   3.309  0.0000E+00  0.1600E+02
   3.329  0.0000E+00  0.1600E+02
   3.349  0.0000E+00  0.1600E+02
   3.369  0.0000E+00  0.1600E+02
   3.389  0.0000E+00  0.1600E+02
   3.409  0.0000E+00  0.1600E+02
   3.429  0.0000E+00  0.1600E+02
   3.449  0.0000E+00  0.1600E+02
   3.469  0.0000E+00  0.1600E+02
   3.489  0.0000E+00  0.1600E+02
   3.509  0.0000E+00  0.1600E+02
   3.529  0.0000E+00  0.1600E+02
   3.549  0.0000E+00  0.1600E+02
   3.569  0.0000E+00  0.1600E+02
   3.589  0.0000E+00  0.1600E+02
   3.609  0.0000E+00  0.1600E+02
   3.629  0.0000E+00  0.1600E+02
   3.649  0.0000E+00  0.1600E+02
   3.669  0.0000E+00  0.1600E+02
   3.689  0.0000E+00  0.1600E+02
   3.709  0.0000E+00  0.1600E+02
   3.729  0.0000E+00  0.1600E+02
   3.749  0.0000E+00  0.1600E+02
   3.769  0.0000E+00  0.1600E+02
   3.789  0.0000E+00  0.1600E+02
   3.809  0.0000E+00  0.1600E+02
   3.829  0.0000E+00  0.1600E+02
   3.849  0.0000E+00  0.1600E+02
   3.869  0.0000E+00  0.1600E+02
   3.889  0.0000E+00  0.1600E+02
   3.909  0.0000E+00  0.1600E+02
   3.929  0.0000E+00  0.1600E+02
   3.949  0.0000E+00  0.1600E+02
   3.969  0.0000E+00  0.1600E+02
   3.989  0.0000E+00  0.1600E+02
   4.009  0.0000E+00  0.1600E+02
   4.029  0.0000E+00  0.1600E+02
   4.049  0.0000E+00  0.1600E+02
   4.069  0.0000E+00  0.1600E+02
   4.089  0.0000E+00  0.1600E+02
   4.109  0.0000E+00  0.1600E+02
   4.129  0.0000E+00  0.1600E+02
   4.149  0.0000E+00  0.1600E+02
   4.169  0.0000E+00  0.1600E+02
   4.189  0.0000E+00  0.1600E+02
   4.209  0.0000E+00  0.1600E+02
   4.229  0.0000E+00  0.1600E+02
   4.249  0.0000E+00  0.1600E+02
   4.269  0.0000E+00  0.1600E+02
   4.289  0.0000E+00  0.1600E+02
   4.309  0.0000E+00  0.1600E+02
   4.329  0.0000E+00  0.1600E+02
   4.349  0.0000E+00  0.1600E+02
   4.369  0.0000E+00  0.1600E+02
   4.389  0.0000E+00  0.1600E+02
   4.409  0.0000E+00  0.1600E+02
   4.429  0.0000E+00  0.1600E+02
   4.449  0.0000E+00  0.1600E+02
   4.469  0.0000E+00  0.1600E+02
   4.489  0.0000E+00  0.1600E+02
   4.509  0.0000E+00  0.1600E+02
   4.529  0.0000E+00  0.1600E+02
   4.549  0.0000E+00  0.1600E+02
   4.569  0.0000E+00  0.1600E+02
   4.589  0.0000E+00  0.1600E+02
   4.609  0.0000E+00  0.1600E+02
   4.629  0.0000E+00  0.1600E+02
   4.649  0.0000E+00  0.1600E+02
   4.669  0.0000E+00  0.1600E+02
   4.689  0.0000E+00  0.1600E+02
   4.709  0.0000E+00  0.1600E+02
   4.729  0.0000E+00  0.1600E+02
   4.749  0.0000E+00  0.1600E+02
   4.769  0.0000E+00  0.1600E+02
   4.789  0.0000E+00  0.1600E+02
   4.809  0.0000E+00  0.1600E+02
   4.829  0.0000E+00  0.1600E+02
   4.849  0.0000E+00  0.1600E+02
   4.869  0.0000E+00  0.1600E+02
   4.889  0.0000E+00  0.1600E+02
   4.909  0.0000E+00  0.1600E+02
   4.929  0.0000E+00  0.1600E+02
   4.949  0.0000E+00  0.1600E+02
   4.969  0.0000E+00  0.1600E+02
   4.989  0.0000E+00  0.1600E+02
   5.009  0.0000E+00  0.1600E+02
   5.029  0.0000E+00  0.1600E+02
   5.049  0.0000E+00  0.1600E+02
   5.069  0.0000E+00  0.1600E+02
   5.089  0.0000E+00  0.1600E+02
   5.109  0.0000E+00  0.1600E+02
   5.129  0.0000E+00  0.1600E+02
   5.149  0.0000E+00  0.1600E+02
   5.169  0.0000E+00  0.1600E+02
   5.189  0.0000E+00  0.1600E+02
   5.209  0.0000E+00  0.1600E+02
   5.229  0.0000E+00  0.1600E+02
   5.249  0.0000E+00  0.1600E+02
   5.269  0.0000E+00  0.1600E+02
   5.289  0.0000E+00  0.1600E+02
   5.309  0.0000E+00  0.1600E+02
   5.329  0.0000E+00  0.1600E+02
   5.349  0.0000E+00  0.1600E+02
   5.369  0.0000E+00  0.1600E+02
   5.389  0.0000E+00  0.1600E+02
   5.409  0.0000E+00  0.1600E+02
   5.429  0.0000E+00  0.1600E+02
   5.449  0.0000E+00  0.1600E+02
   5.469  0.0000E+00  0.1600E+02
   5.489  0.0000E+00  0.1600E+02
   5.509  0.0000E+00  0.1600E+02
   5.529  0.0000E+00  0.1600E+02
   5.549  0.0000E+00  0.1600E+02
   5.569  0.0000E+00  0.1600E+02
   5.589  0.0000E+00  0.1600E+02
   5.609  0.0000E+00  0.1600E+02
   5.629  0.0000E+00  0.1600E+02
   5.649  0.0000E+00  0.1600E+02
   5.669  0.0000E+00  0.1600E+02
   5.689  0.0000E+00  0.1600E+02
   5.709  0.0000E+00  0.1600E+02
   5.729  0.0000E+00  0.1600E+02
   5.749  0.0000E+00  0.1600E+02
   5.769  0.0000E+00  0.1600E+02
   5.789  0.0000E+00  0.1600E+02
   5.809  0.0000E+00  0.1600E+02
   5.829  0.0000E+00  0.1600E+02
   5.849  0.0000E+00  0.1600E+02
   5.869  0.0000E+00  0.1600E+02
   5.889  0.0000E+00  0.1600E+02
   5.909  0.0000E+00  0.1600E+02
   5.929  0.0000E+00  0.1600E+02
   5.949  0.0000E+00  0.1600E+02
   5.969  0.0000E+00  0.1600E+02
   5.989  0.0000E+00  0.1600E+02
   6.009  0.0000E+00  0.1600E+02
   6.029  0.0000E+00  0.1600E+02
   6.049  0.0000E+00  0.1600E+02
   6.069  0.0000E+00  0.1600E+02
   6.089  0.0000E+00  0.1600E+02
   6.109  0.0000E+00  0.1600E+02
   6.129  0.0000E+00  0.1600E+02
   6.149  0.0000E+00  0.1600E+02
   6.169  0.0000E+00  0.1600E+02
   6.189  0.0000E+00  0.1600E+02
   6.209  0.0000E+00  0.1600E+02
   6.229  0.0000E+00  0.1600E+02
   6.249  0.0000E+00  0.1600E+02
   6.269  0.0000E+00  0.1600E+02
   6.289  0.0000E+00  0.1600E+02
   6.309  0.0000E+00  0.1600E+02
   6.329  0.0000E+00  0.1600E+02
   6.349  0.0000E+00  0.1600E+02
   6.369  0.0000E+00  0.1600E+02
   6.389  0.2198E-01  0.1600E+02
   6.409  0.2650E-01  0.1600E+02
   6.429  0.3133E-01  0.1600E+02
   6.449  0.3647E-01  0.1600E+02
   6.469  0.4192E-01  0.1600E+02
   6.489  0.4768E-01  0.1600E+02
   6.509  0.5375E-01  0.1601E+02
   6.529  0.6013E-01  0.1601E+02
   6.549  0.6681E-01  0.1601E+02
   6.569  0.6721E-01  0.1601E+02
   6.589  0.7113E-01  0.1601E+02
   6.609  0.7494E-01  0.1601E+02
   6.629  0.7862E-01  0.1601E+02
   6.649  0.8219E-01  0.1602E+02
   6.669  0.8563E-01  0.1602E+02
   6.689  0.8896E-01  0.1602E+02
   6.709  0.9216E-01  0.1602E+02
   6.729  0.9525E-01  0.1602E+02
   6.749  0.9971E-01  0.1602E+02
   6.769  0.1045E+00  0.1603E+02
   6.789  0.1096E+00  0.1603E+02
   6.809  0.1149E+00  0.1603E+02
   6.829  0.1205E+00  0.1603E+02
   6.849  0.1263E+00  0.1604E+02
   6.869  0.1324E+00  0.1604E+02
   6.889  0.1387E+00  0.1604E+02
   6.909  0.1959E+00  0.1604E+02
   6.929  0.2652E+00  0.1605E+02
   6.949  0.4735E+00  0.1606E+02
   6.969  0.5577E+00  0.1607E+02
   6.989  0.5599E+00  0.1608E+02
   7.009  0.6154E+00  0.1609E+02
   7.029  0.6887E+00  0.1610E+02
   7.049  0.7624E+00  0.1612E+02
   7.069  0.8343E+00  0.1613E+02
   7.089  0.8740E+00  0.1615E+02
   7.109  0.9268E+00  0.1617E+02
   7.129  0.9651E+00  0.1619E+02
   7.149  0.1013E+01  0.1621E+02
   7.169  0.1061E+01  0.1623E+02
   7.189  0.1106E+01  0.1625E+02
   7.209  0.1140E+01  0.1627E+02
   7.229  0.1192E+01  0.1630E+02
   7.249  0.1248E+01  0.1632E+02
   7.269  0.1318E+01  0.1635E+02
   7.289  0.1386E+01  0.1637E+02
   7.309  0.1456E+01  0.1640E+02
   7.329  0.1528E+01  0.1643E+02
   7.349  0.1598E+01  0.1646E+02
   7.369  0.1657E+01  0.1650E+02
   7.389  0.1727E+01  0.1653E+02
   7.409  0.1788E+01  0.1656E+02
   7.429  0.1872E+01  0.1660E+02
   7.449  0.1939E+01  0.1664E+02
   7.469  0.2006E+01  0.1668E+02
   7.489  0.2076E+01  0.1672E+02
   7.509  0.2205E+01  0.1676E+02
   7.529  0.2342E+01  0.1681E+02
   7.549  0.2522E+01  0.1686E+02
   7.569  0.2795E+01  0.1691E+02
   7.589  0.3072E+01  0.1697E+02
   7.609  0.3282E+01  0.1703E+02
   7.629  0.3237E+01  0.1710E+02
   7.649  0.3333E+01  0.1717E+02
   7.669  0.3419E+01  0.1723E+02
   7.689  0.3494E+01  0.1730E+02
   7.709  0.3540E+01  0.1737E+02
   7.729  0.3562E+01  0.1744E+02
   7.749  0.3583E+01  0.1752E+02
   7.769  0.3620E+01  0.1759E+02
   7.789  0.3704E+01  0.1766E+02
   7.809  0.3830E+01  0.1774E+02
   7.829  0.4188E+01  0.1782E+02
   7.849  0.4158E+01  0.1790E+02
   7.869  0.4119E+01  0.1798E+02
   7.889  0.3923E+01  0.1806E+02
   7.909  0.3949E+01  0.1814E+02
   7.929  0.3875E+01  0.1822E+02
   7.949  0.3809E+01  0.1830E+02
   7.969  0.3778E+01  0.1837E+02
   7.989  0.3848E+01  0.1845E+02
   8.009  0.3862E+01  0.1853E+02
   8.029  0.3656E+01  0.1860E+02
   8.049  0.3571E+01  0.1868E+02
   8.069  0.3496E+01  0.1875E+02
   8.089  0.3393E+01  0.1882E+02
   8.109  0.3299E+01  0.1888E+02
   8.129  0.3233E+01  0.1895E+02
   8.149  0.3181E+01  0.1901E+02
   8.169  0.3159E+01  0.1907E+02
   8.189  0.3178E+01  0.1914E+02
   8.209  0.3270E+01  0.1920E+02
   8.229  0.3221E+01  0.1927E+02
   8.249  0.3205E+01  0.1933E+02
   8.269  0.3185E+01  0.1940E+02
   8.289  0.3180E+01  0.1946E+02
   8.309  0.3402E+01  0.1953E+02
   8.329  0.3075E+01  0.1959E+02
   8.349  0.2861E+01  0.1965E+02
   8.369  0.2625E+01  0.1970E+02
   8.389  0.2429E+01  0.1976E+02
   8.409  0.2244E+01  0.1980E+02
   8.429  0.2145E+01  0.1985E+02
   8.449  0.2147E+01  0.1989E+02
   8.469  0.2184E+01  0.1993E+02
   8.489  0.2246E+01  0.1998E+02
   8.509  0.2251E+01  0.2002E+02
   8.529  0.2255E+01  0.2007E+02
   8.549  0.2260E+01  0.2011E+02
   8.569  0.2328E+01  0.2016E+02
   8.589  0.2409E+01  0.2020E+02
   8.609  0.2498E+01  0.2025E+02
   8.629  0.2574E+01  0.2030E+02
   8.649  0.2658E+01  0.2036E+02
   8.669  0.2816E+01  0.2041E+02
   8.689  0.2859E+01  0.2047E+02
   8.709  0.2911E+01  0.2053E+02
   8.729  0.3293E+01  0.2059E+02
   8.749  0.4278E+01  0.2066E+02
   8.769  0.4600E+01  0.2076E+02
   8.789  0.4781E+01  0.2085E+02
   8.809  0.5228E+01  0.2095E+02
   8.829  0.5950E+01  0.2106E+02
   8.849  0.6274E+01  0.2119E+02
   8.869  0.5697E+01  0.2131E+02
   8.889  0.4890E+01  0.2141E+02
   8.909  0.4331E+01  0.2150E+02
   8.929  0.4608E+01  0.2159E+02
   8.949  0.4165E+01  0.2168E+02
   8.969  0.3544E+01  0.2175E+02
   8.989  0.3278E+01  0.2182E+02
   9.009  0.3077E+01  0.2189E+02
   9.029  0.2737E+01  0.2195E+02
   9.049  0.2584E+01  0.2200E+02
   9.069  0.2479E+01  0.2205E+02
   9.089  0.2302E+01  0.2210E+02
   9.109  0.2185E+01  0.2214E+02
   9.129  0.1852E+01  0.2218E+02
   9.149  0.1926E+01  0.2222E+02
   9.169  0.2015E+01  0.2226E+02
   9.189  0.2037E+01  0.2230E+02
   9.209  0.2055E+01  0.2234E+02
   9.229  0.2084E+01  0.2238E+02
   9.249  0.2147E+01  0.2243E+02
   9.269  0.2762E+01  0.2247E+02
   9.289  0.3077E+01  0.2253E+02
   9.309  0.3193E+01  0.2260E+02
   9.329  0.3245E+01  0.2266E+02
   9.349  0.3142E+01  0.2273E+02
   9.369  0.2907E+01  0.2279E+02
   9.389  0.2686E+01  0.2284E+02
   9.409  0.2626E+01  0.2290E+02
   9.429  0.2622E+01  0.2295E+02
   9.449  0.2721E+01  0.2300E+02
   9.469  0.2705E+01  0.2306E+02
   9.489  0.2886E+01  0.2311E+02
   9.509  0.3226E+01  0.2317E+02
   9.529  0.4199E+01  0.2325E+02
   9.549  0.4139E+01  0.2333E+02
   9.569  0.3032E+01  0.2341E+02
   9.589  0.2499E+01  0.2346E+02
   9.609  0.2185E+01  0.2351E+02
   9.629  0.1935E+01  0.2355E+02
   9.649  0.1704E+01  0.2358E+02
   9.669  0.1504E+01  0.2362E+02
   9.689  0.1339E+01  0.2364E+02
   9.709  0.1236E+01  0.2367E+02
   9.729  0.1211E+01  0.2369E+02
   9.749  0.1190E+01  0.2372E+02
   9.769  0.1144E+01  0.2374E+02
   9.789  0.1089E+01  0.2376E+02
   9.809  0.9492E+00  0.2378E+02
   9.829  0.8770E+00  0.2380E+02
   9.849  0.8206E+00  0.2382E+02
   9.869  0.7678E+00  0.2383E+02
   9.889  0.7356E+00  0.2385E+02
   9.909  0.7296E+00  0.2386E+02
   9.929  0.7119E+00  0.2388E+02
   9.949  0.6860E+00  0.2389E+02
   9.969  0.6497E+00  0.2391E+02
   9.989  0.6094E+00  0.2392E+02
  10.009  0.5649E+00  0.2393E+02
  10.029  0.5852E+00  0.2394E+02
  10.049  0.5150E+00  0.2395E+02
  10.069  0.4534E+00  0.2396E+02
  10.089  0.3619E+00  0.2397E+02
  10.109  0.3272E+00  0.2398E+02
  10.129  0.2838E+00  0.2398E+02
  10.149  0.2438E+00  0.2399E+02
  10.169  0.1766E+00  0.2399E+02
  10.189  0.1158E+00  0.2400E+02
  10.209  0.6722E-01  0.2400E+02
