#  E (eV)   dos(E)     Int dos(E) EFermi =    3.097 eV
 -15.000  0.0000E+00  0.4800E+02
 -14.900  0.0000E+00  0.4800E+02
 -14.800  0.0000E+00  0.4800E+02
 -14.700  0.0000E+00  0.4800E+02
 -14.600  0.0000E+00  0.4800E+02
 -14.500  0.0000E+00  0.4800E+02
 -14.400  0.0000E+00  0.4800E+02
 -14.300  0.0000E+00  0.4800E+02
 -14.200  0.0000E+00  0.4800E+02
 -14.100  0.0000E+00  0.4800E+02
 -14.000  0.0000E+00  0.4800E+02
 -13.900  0.0000E+00  0.4800E+02
 -13.800  0.0000E+00  0.4800E+02
 -13.700  0.0000E+00  0.4800E+02
 -13.600  0.0000E+00  0.4800E+02
 -13.500  0.0000E+00  0.4800E+02
 -13.400  0.0000E+00  0.4800E+02
 -13.300  0.0000E+00  0.4800E+02
 -13.200  0.0000E+00  0.4800E+02
 -13.100  0.0000E+00  0.4800E+02
 -13.000  0.0000E+00  0.4800E+02
 -12.900  0.0000E+00  0.4800E+02
 -12.800  0.0000E+00  0.4800E+02
 -12.700  0.0000E+00  0.4800E+02
 -12.600  0.0000E+00  0.4800E+02
 -12.500  0.0000E+00  0.4800E+02
 -12.400  0.0000E+00  0.4800E+02
 -12.300  0.0000E+00  0.4800E+02
 -12.200  0.0000E+00  0.4800E+02
 -12.100  0.0000E+00  0.4800E+02
 -12.000  0.0000E+00  0.4800E+02
 -11.900  0.0000E+00  0.4800E+02
 -11.800  0.0000E+00  0.4800E+02
 -11.700  0.0000E+00  0.4800E+02
 -11.600  0.0000E+00  0.4800E+02
 -11.500  0.0000E+00  0.4800E+02
 -11.400  0.0000E+00  0.4800E+02
 -11.300  0.0000E+00  0.4800E+02
 -11.200  0.0000E+00  0.4800E+02
 -11.100  0.0000E+00  0.4800E+02
 -11.000  0.0000E+00  0.4800E+02
 -10.900  0.0000E+00  0.4800E+02
 -10.800  0.0000E+00  0.4800E+02
 -10.700  0.0000E+00  0.4800E+02
 -10.600  0.0000E+00  0.4800E+02
 -10.500  0.0000E+00  0.4800E+02
 -10.400  0.0000E+00  0.4800E+02
 -10.300  0.0000E+00  0.4800E+02
 -10.200  0.0000E+00  0.4800E+02
 -10.100  0.0000E+00  0.4800E+02
 -10.000  0.0000E+00  0.4800E+02
  -9.900  0.0000E+00  0.4800E+02
  -9.800  0.0000E+00  0.4800E+02
  -9.700  0.0000E+00  0.4800E+02
  -9.600  0.0000E+00  0.4800E+02
  -9.500  0.0000E+00  0.4800E+02
  -9.400  0.0000E+00  0.4800E+02
  -9.300  0.0000E+00  0.4800E+02
  -9.200  0.0000E+00  0.4800E+02
  -9.100  0.0000E+00  0.4800E+02
  -9.000  0.0000E+00  0.4800E+02
  -8.900  0.0000E+00  0.4800E+02
  -8.800  0.0000E+00  0.4800E+02
  -8.700  0.1335E+02  0.4931E+02
  -8.600  0.9467E+01  0.5038E+02
  -8.500  0.3042E+02  0.5304E+02
  -8.400  0.2647E+02  0.5745E+02
  -8.300  0.5363E+02  0.6133E+02
  -8.200  0.8672E+02  0.7068E+02
  -8.100  0.0000E+00  0.7200E+02
  -8.000  0.0000E+00  0.7200E+02
  -7.900  0.0000E+00  0.7200E+02
  -7.800  0.0000E+00  0.7200E+02
  -7.700  0.0000E+00  0.7200E+02
  -7.600  0.0000E+00  0.7200E+02
  -7.500  0.0000E+00  0.7200E+02
  -7.400  0.0000E+00  0.7200E+02
  -7.300  0.0000E+00  0.7200E+02
  -7.200  0.0000E+00  0.7200E+02
  -7.100  0.0000E+00  0.7200E+02
  -7.000  0.0000E+00  0.7200E+02
  -6.900  0.0000E+00  0.7200E+02
  -6.800  0.0000E+00  0.7200E+02
  -6.700  0.0000E+00  0.7200E+02
  -6.600  0.0000E+00  0.7200E+02
  -6.500  0.0000E+00  0.7200E+02
  -6.400  0.0000E+00  0.7200E+02
  -6.300  0.0000E+00  0.7200E+02
  -6.200  0.0000E+00  0.7200E+02
  -6.100  0.0000E+00  0.7200E+02
  -6.000  0.0000E+00  0.7200E+02
  -5.900  0.0000E+00  0.7200E+02
  -5.800  0.0000E+00  0.7200E+02
  -5.700  0.0000E+00  0.7200E+02
  -5.600  0.0000E+00  0.7200E+02
  -5.500  0.0000E+00  0.7200E+02
  -5.400  0.0000E+00  0.7200E+02
  -5.300  0.0000E+00  0.7200E+02
  -5.200  0.0000E+00  0.7200E+02
  -5.100  0.0000E+00  0.7200E+02
  -5.000  0.0000E+00  0.7200E+02
  -4.900  0.0000E+00  0.7200E+02
  -4.800  0.0000E+00  0.7200E+02
  -4.700  0.3133E+02  0.7272E+02
  -4.600  0.3060E+02  0.7605E+02
  -4.500  0.2483E+03  0.9282E+02
  -4.400  0.0000E+00  0.9600E+02
  -4.300  0.0000E+00  0.9600E+02
  -4.200  0.0000E+00  0.9600E+02
  -4.100  0.0000E+00  0.9600E+02
  -4.000  0.0000E+00  0.9600E+02
  -3.900  0.0000E+00  0.9600E+02
  -3.800  0.0000E+00  0.9600E+02
  -3.700  0.0000E+00  0.9600E+02
  -3.600  0.0000E+00  0.9600E+02
  -3.500  0.0000E+00  0.9600E+02
  -3.400  0.0000E+00  0.9600E+02
  -3.300  0.0000E+00  0.9600E+02
  -3.200  0.0000E+00  0.9600E+02
  -3.100  0.2098E+02  0.9776E+02
  -3.000  0.1454E+02  0.9941E+02
  -2.900  0.2167E+02  0.1009E+03
  -2.800  0.8971E+01  0.1028E+03
  -2.700  0.0000E+00  0.1040E+03
  -2.600  0.0000E+00  0.1040E+03
  -2.500  0.0000E+00  0.1040E+03
  -2.400  0.0000E+00  0.1040E+03
  -2.300  0.0000E+00  0.1040E+03
  -2.200  0.0000E+00  0.1040E+03
  -2.100  0.0000E+00  0.1040E+03
  -2.000  0.0000E+00  0.1040E+03
  -1.900  0.0000E+00  0.1040E+03
  -1.800  0.0000E+00  0.1040E+03
  -1.700  0.0000E+00  0.1040E+03
  -1.600  0.0000E+00  0.1040E+03
  -1.500  0.0000E+00  0.1040E+03
  -1.400  0.0000E+00  0.1040E+03
  -1.300  0.0000E+00  0.1040E+03
  -1.200  0.0000E+00  0.1040E+03
  -1.100  0.0000E+00  0.1040E+03
  -1.000  0.0000E+00  0.1040E+03
  -0.900  0.0000E+00  0.1040E+03
  -0.800  0.0000E+00  0.1040E+03
  -0.700  0.0000E+00  0.1040E+03
  -0.600  0.0000E+00  0.1040E+03
  -0.500  0.0000E+00  0.1040E+03
  -0.400  0.0000E+00  0.1040E+03
  -0.300  0.0000E+00  0.1040E+03
  -0.200  0.0000E+00  0.1040E+03
  -0.100  0.0000E+00  0.1040E+03
   0.000  0.0000E+00  0.1040E+03
   0.100  0.0000E+00  0.1040E+03
   0.200  0.1700E+02  0.1051E+03
   0.300  0.2491E+02  0.1073E+03
   0.400  0.1006E+02  0.1096E+03
   0.500  0.1303E+02  0.1104E+03
   0.600  0.3049E+02  0.1130E+03
   0.700  0.1628E+02  0.1149E+03
   0.800  0.3235E+02  0.1170E+03
   0.900  0.4536E+02  0.1196E+03
   1.000  0.1845E+02  0.1216E+03
   1.100  0.2557E+02  0.1239E+03
   1.200  0.1373E+02  0.1259E+03
   1.300  0.1378E+02  0.1274E+03
   1.400  0.2012E+02  0.1291E+03
   1.500  0.3121E+02  0.1311E+03
   1.600  0.3411E+02  0.1342E+03
   1.700  0.3414E+02  0.1371E+03
   1.800  0.5418E+02  0.1417E+03
   1.900  0.4012E+02  0.1470E+03
   2.000  0.4941E+02  0.1524E+03
   2.100  0.4590E+02  0.1573E+03
   2.200  0.4522E+02  0.1621E+03
   2.300  0.2609E+02  0.1660E+03
   2.400  0.0000E+00  0.1680E+03
   2.500  0.4512E+01  0.1682E+03
   2.600  0.6932E+01  0.1687E+03
   2.700  0.1267E+02  0.1696E+03
   2.800  0.1204E+02  0.1710E+03
   2.900  0.1061E+02  0.1722E+03
   3.000  0.2921E+02  0.1747E+03
   3.100  0.0000E+00  0.1760E+03
   3.200  0.0000E+00  0.1760E+03
   3.300  0.0000E+00  0.1760E+03
   3.400  0.0000E+00  0.1760E+03
   3.500  0.0000E+00  0.1760E+03
   3.600  0.0000E+00  0.1760E+03
   3.700  0.0000E+00  0.1760E+03
   3.800  0.0000E+00  0.1760E+03
   3.900  0.0000E+00  0.1760E+03
   4.000  0.0000E+00  0.1760E+03
   4.100  0.0000E+00  0.1760E+03
   4.200  0.0000E+00  0.1760E+03
   4.300  0.0000E+00  0.1760E+03
   4.400  0.0000E+00  0.1760E+03
   4.500  0.0000E+00  0.1760E+03
   4.600  0.0000E+00  0.1760E+03
   4.700  0.0000E+00  0.1760E+03
   4.800  0.0000E+00  0.1760E+03
   4.900  0.0000E+00  0.1760E+03
   5.000  0.0000E+00  0.1760E+03
   5.100  0.0000E+00  0.1760E+03
   5.200  0.0000E+00  0.1760E+03
   5.300  0.2844E+01  0.1762E+03
   5.400  0.4083E+01  0.1765E+03
   5.500  0.7474E+01  0.1772E+03
   5.600  0.4664E+01  0.1777E+03
   5.700  0.4864E+01  0.1782E+03
   5.800  0.5066E+01  0.1787E+03
   5.900  0.4901E+01  0.1792E+03
   6.000  0.7150E+01  0.1797E+03
   6.100  0.3102E+02  0.1812E+03
   6.200  0.2084E+02  0.1841E+03
   6.300  0.3483E+02  0.1876E+03
   6.400  0.1894E+02  0.1891E+03
   6.500  0.2983E+02  0.1918E+03
   6.600  0.3606E+02  0.1943E+03
   6.700  0.1618E+02  0.1969E+03
   6.800  0.2009E+02  0.1985E+03
   6.900  0.4016E+01  0.2000E+03
   7.000  0.0000E+00  0.2000E+03
   7.100  0.1037E+01  0.2000E+03
   7.200  0.2283E+01  0.2002E+03
   7.300  0.2687E+01  0.2005E+03
   7.400  0.8441E+01  0.2008E+03
   7.500  0.2671E+01  0.2011E+03
   7.600  0.2894E+01  0.2014E+03
   7.700  0.4082E+01  0.2017E+03
   7.800  0.5860E+01  0.2023E+03
   7.900  0.6074E+01  0.2029E+03
   8.000  0.7521E+01  0.2036E+03
   8.100  0.2295E+02  0.2047E+03
   8.200  0.1700E+02  0.2065E+03
   8.300  0.1852E+02  0.2083E+03
   8.400  0.1030E+02  0.2097E+03
   8.500  0.1288E+02  0.2110E+03
   8.600  0.2259E+01  0.2119E+03
