#  E (eV)   dos(E)     Int dos(E) EFermi =    3.824 eV
 -19.103  0.3619E+02  0.3906E-02
 -19.083  0.0000E+00  0.8000E+01
 -19.063  0.0000E+00  0.8000E+01
 -19.043  0.0000E+00  0.8000E+01
 -19.023  0.0000E+00  0.8000E+01
 -19.003  0.0000E+00  0.8000E+01
 -18.983  0.0000E+00  0.8000E+01
 -18.963  0.0000E+00  0.8000E+01
 -18.943  0.0000E+00  0.8000E+01
 -18.923  0.0000E+00  0.8000E+01
 -18.903  0.0000E+00  0.8000E+01
 -18.883  0.0000E+00  0.8000E+01
 -18.863  0.0000E+00  0.8000E+01
 -18.843  0.0000E+00  0.8000E+01
 -18.823  0.0000E+00  0.8000E+01
 -18.803  0.0000E+00  0.8000E+01
 -18.783  0.0000E+00  0.8000E+01
 -18.763  0.0000E+00  0.8000E+01
 -18.743  0.0000E+00  0.8000E+01
 -18.723  0.0000E+00  0.8000E+01
 -18.703  0.0000E+00  0.8000E+01
 -18.683  0.0000E+00  0.8000E+01
 -18.663  0.0000E+00  0.8000E+01
 -18.643  0.0000E+00  0.8000E+01
 -18.623  0.0000E+00  0.8000E+01
 -18.603  0.0000E+00  0.8000E+01
 -18.583  0.0000E+00  0.8000E+01
 -18.563  0.0000E+00  0.8000E+01
 -18.543  0.0000E+00  0.8000E+01
 -18.523  0.0000E+00  0.8000E+01
 -18.503  0.0000E+00  0.8000E+01
 -18.483  0.0000E+00  0.8000E+01
 -18.463  0.0000E+00  0.8000E+01
 -18.443  0.0000E+00  0.8000E+01
 -18.423  0.0000E+00  0.8000E+01
 -18.403  0.0000E+00  0.8000E+01
 -18.383  0.0000E+00  0.8000E+01
 -18.363  0.0000E+00  0.8000E+01
 -18.343  0.0000E+00  0.8000E+01
 -18.323  0.0000E+00  0.8000E+01
 -18.303  0.0000E+00  0.8000E+01
 -18.283  0.0000E+00  0.8000E+01
 -18.263  0.0000E+00  0.8000E+01
 -18.243  0.0000E+00  0.8000E+01
 -18.223  0.0000E+00  0.8000E+01
 -18.203  0.0000E+00  0.8000E+01
 -18.183  0.0000E+00  0.8000E+01
 -18.163  0.0000E+00  0.8000E+01
 -18.143  0.0000E+00  0.8000E+01
 -18.123  0.0000E+00  0.8000E+01
 -18.103  0.0000E+00  0.8000E+01
 -18.083  0.0000E+00  0.8000E+01
 -18.063  0.0000E+00  0.8000E+01
 -18.043  0.0000E+00  0.8000E+01
 -18.023  0.0000E+00  0.8000E+01
 -18.003  0.0000E+00  0.8000E+01
 -17.983  0.0000E+00  0.8000E+01
 -17.963  0.0000E+00  0.8000E+01
 -17.943  0.0000E+00  0.8000E+01
 -17.923  0.0000E+00  0.8000E+01
 -17.903  0.0000E+00  0.8000E+01
 -17.883  0.0000E+00  0.8000E+01
 -17.863  0.0000E+00  0.8000E+01
 -17.843  0.0000E+00  0.8000E+01
 -17.823  0.0000E+00  0.8000E+01
 -17.803  0.0000E+00  0.8000E+01
 -17.783  0.0000E+00  0.8000E+01
 -17.763  0.0000E+00  0.8000E+01
 -17.743  0.0000E+00  0.8000E+01
 -17.723  0.0000E+00  0.8000E+01
 -17.703  0.0000E+00  0.8000E+01
 -17.683  0.0000E+00  0.8000E+01
 -17.663  0.0000E+00  0.8000E+01
 -17.643  0.0000E+00  0.8000E+01
 -17.623  0.0000E+00  0.8000E+01
 -17.603  0.0000E+00  0.8000E+01
 -17.583  0.0000E+00  0.8000E+01
 -17.563  0.0000E+00  0.8000E+01
 -17.543  0.0000E+00  0.8000E+01
 -17.523  0.0000E+00  0.8000E+01
 -17.503  0.0000E+00  0.8000E+01
 -17.483  0.0000E+00  0.8000E+01
 -17.463  0.0000E+00  0.8000E+01
 -17.443  0.0000E+00  0.8000E+01
 -17.423  0.0000E+00  0.8000E+01
 -17.403  0.0000E+00  0.8000E+01
 -17.383  0.0000E+00  0.8000E+01
 -17.363  0.0000E+00  0.8000E+01
 -17.343  0.0000E+00  0.8000E+01
 -17.323  0.0000E+00  0.8000E+01
 -17.303  0.0000E+00  0.8000E+01
 -17.283  0.0000E+00  0.8000E+01
 -17.263  0.0000E+00  0.8000E+01
 -17.243  0.0000E+00  0.8000E+01
 -17.223  0.0000E+00  0.8000E+01
 -17.203  0.0000E+00  0.8000E+01
 -17.183  0.0000E+00  0.8000E+01
 -17.163  0.0000E+00  0.8000E+01
 -17.143  0.0000E+00  0.8000E+01
 -17.123  0.0000E+00  0.8000E+01
 -17.103  0.0000E+00  0.8000E+01
 -17.083  0.0000E+00  0.8000E+01
 -17.063  0.0000E+00  0.8000E+01
 -17.043  0.0000E+00  0.8000E+01
 -17.023  0.0000E+00  0.8000E+01
 -17.003  0.0000E+00  0.8000E+01
 -16.983  0.0000E+00  0.8000E+01
 -16.963  0.0000E+00  0.8000E+01
 -16.943  0.0000E+00  0.8000E+01
 -16.923  0.0000E+00  0.8000E+01
 -16.903  0.0000E+00  0.8000E+01
 -16.883  0.0000E+00  0.8000E+01
 -16.863  0.0000E+00  0.8000E+01
 -16.843  0.0000E+00  0.8000E+01
 -16.823  0.0000E+00  0.8000E+01
 -16.803  0.0000E+00  0.8000E+01
 -16.783  0.0000E+00  0.8000E+01
 -16.763  0.0000E+00  0.8000E+01
 -16.743  0.0000E+00  0.8000E+01
 -16.723  0.0000E+00  0.8000E+01
 -16.703  0.0000E+00  0.8000E+01
 -16.683  0.0000E+00  0.8000E+01
 -16.663  0.0000E+00  0.8000E+01
 -16.643  0.0000E+00  0.8000E+01
 -16.623  0.0000E+00  0.8000E+01
 -16.603  0.0000E+00  0.8000E+01
 -16.583  0.0000E+00  0.8000E+01
 -16.563  0.0000E+00  0.8000E+01
 -16.543  0.0000E+00  0.8000E+01
 -16.523  0.0000E+00  0.8000E+01
 -16.503  0.0000E+00  0.8000E+01
 -16.483  0.0000E+00  0.8000E+01
 -16.463  0.0000E+00  0.8000E+01
 -16.443  0.0000E+00  0.8000E+01
 -16.423  0.0000E+00  0.8000E+01
 -16.403  0.0000E+00  0.8000E+01
 -16.383  0.0000E+00  0.8000E+01
 -16.363  0.0000E+00  0.8000E+01
 -16.343  0.0000E+00  0.8000E+01
 -16.323  0.0000E+00  0.8000E+01
 -16.303  0.0000E+00  0.8000E+01
 -16.283  0.0000E+00  0.8000E+01
 -16.263  0.0000E+00  0.8000E+01
 -16.243  0.0000E+00  0.8000E+01
 -16.223  0.0000E+00  0.8000E+01
 -16.203  0.0000E+00  0.8000E+01
 -16.183  0.0000E+00  0.8000E+01
 -16.163  0.0000E+00  0.8000E+01
 -16.143  0.0000E+00  0.8000E+01
 -16.123  0.0000E+00  0.8000E+01
 -16.103  0.0000E+00  0.8000E+01
 -16.083  0.0000E+00  0.8000E+01
 -16.063  0.0000E+00  0.8000E+01
 -16.043  0.0000E+00  0.8000E+01
 -16.023  0.0000E+00  0.8000E+01
 -16.003  0.0000E+00  0.8000E+01
 -15.983  0.0000E+00  0.8000E+01
 -15.963  0.0000E+00  0.8000E+01
 -15.943  0.0000E+00  0.8000E+01
 -15.923  0.0000E+00  0.8000E+01
 -15.903  0.0000E+00  0.8000E+01
 -15.883  0.0000E+00  0.8000E+01
 -15.863  0.0000E+00  0.8000E+01
 -15.843  0.0000E+00  0.8000E+01
 -15.823  0.0000E+00  0.8000E+01
 -15.803  0.0000E+00  0.8000E+01
 -15.783  0.0000E+00  0.8000E+01
 -15.763  0.0000E+00  0.8000E+01
 -15.743  0.0000E+00  0.8000E+01
 -15.723  0.0000E+00  0.8000E+01
 -15.703  0.0000E+00  0.8000E+01
 -15.683  0.0000E+00  0.8000E+01
 -15.663  0.0000E+00  0.8000E+01
 -15.643  0.0000E+00  0.8000E+01
 -15.623  0.0000E+00  0.8000E+01
 -15.603  0.0000E+00  0.8000E+01
 -15.583  0.0000E+00  0.8000E+01
 -15.563  0.0000E+00  0.8000E+01
 -15.543  0.0000E+00  0.8000E+01
 -15.523  0.0000E+00  0.8000E+01
 -15.503  0.0000E+00  0.8000E+01
 -15.483  0.0000E+00  0.8000E+01
 -15.463  0.0000E+00  0.8000E+01
 -15.443  0.0000E+00  0.8000E+01
 -15.423  0.0000E+00  0.8000E+01
 -15.403  0.0000E+00  0.8000E+01
 -15.383  0.0000E+00  0.8000E+01
 -15.363  0.0000E+00  0.8000E+01
 -15.343  0.0000E+00  0.8000E+01
 -15.323  0.0000E+00  0.8000E+01
 -15.303  0.0000E+00  0.8000E+01
 -15.283  0.0000E+00  0.8000E+01
 -15.263  0.0000E+00  0.8000E+01
 -15.243  0.0000E+00  0.8000E+01
 -15.223  0.0000E+00  0.8000E+01
 -15.203  0.0000E+00  0.8000E+01
 -15.183  0.0000E+00  0.8000E+01
 -15.163  0.0000E+00  0.8000E+01
 -15.143  0.0000E+00  0.8000E+01
 -15.123  0.0000E+00  0.8000E+01
 -15.103  0.0000E+00  0.8000E+01
 -15.083  0.0000E+00  0.8000E+01
 -15.063  0.0000E+00  0.8000E+01
 -15.043  0.0000E+00  0.8000E+01
 -15.023  0.0000E+00  0.8000E+01
 -15.003  0.0000E+00  0.8000E+01
 -14.983  0.0000E+00  0.8000E+01
 -14.963  0.0000E+00  0.8000E+01
 -14.943  0.0000E+00  0.8000E+01
 -14.923  0.0000E+00  0.8000E+01
 -14.903  0.0000E+00  0.8000E+01
 -14.883  0.0000E+00  0.8000E+01
 -14.863  0.0000E+00  0.8000E+01
 -14.843  0.0000E+00  0.8000E+01
 -14.823  0.0000E+00  0.8000E+01
 -14.803  0.0000E+00  0.8000E+01
 -14.783  0.0000E+00  0.8000E+01
 -14.763  0.0000E+00  0.8000E+01
 -14.743  0.0000E+00  0.8000E+01
 -14.723  0.0000E+00  0.8000E+01
 -14.703  0.0000E+00  0.8000E+01
 -14.683  0.0000E+00  0.8000E+01
 -14.663  0.0000E+00  0.8000E+01
 -14.643  0.0000E+00  0.8000E+01
 -14.623  0.0000E+00  0.8000E+01
 -14.603  0.0000E+00  0.8000E+01
 -14.583  0.0000E+00  0.8000E+01
 -14.563  0.0000E+00  0.8000E+01
 -14.543  0.0000E+00  0.8000E+01
 -14.523  0.0000E+00  0.8000E+01
 -14.503  0.0000E+00  0.8000E+01
 -14.483  0.0000E+00  0.8000E+01
 -14.463  0.0000E+00  0.8000E+01
 -14.443  0.0000E+00  0.8000E+01
 -14.423  0.0000E+00  0.8000E+01
 -14.403  0.0000E+00  0.8000E+01
 -14.383  0.0000E+00  0.8000E+01
 -14.363  0.0000E+00  0.8000E+01
 -14.343  0.0000E+00  0.8000E+01
 -14.323  0.0000E+00  0.8000E+01
 -14.303  0.0000E+00  0.8000E+01
 -14.283  0.0000E+00  0.8000E+01
 -14.263  0.0000E+00  0.8000E+01
 -14.243  0.0000E+00  0.8000E+01
 -14.223  0.0000E+00  0.8000E+01
 -14.203  0.0000E+00  0.8000E+01
 -14.183  0.0000E+00  0.8000E+01
 -14.163  0.0000E+00  0.8000E+01
 -14.143  0.0000E+00  0.8000E+01
 -14.123  0.0000E+00  0.8000E+01
 -14.103  0.0000E+00  0.8000E+01
 -14.083  0.0000E+00  0.8000E+01
 -14.063  0.0000E+00  0.8000E+01
 -14.043  0.0000E+00  0.8000E+01
 -14.023  0.0000E+00  0.8000E+01
 -14.003  0.0000E+00  0.8000E+01
 -13.983  0.0000E+00  0.8000E+01
 -13.963  0.0000E+00  0.8000E+01
 -13.943  0.0000E+00  0.8000E+01
 -13.923  0.0000E+00  0.8000E+01
 -13.903  0.0000E+00  0.8000E+01
 -13.883  0.0000E+00  0.8000E+01
 -13.863  0.0000E+00  0.8000E+01
 -13.843  0.0000E+00  0.8000E+01
 -13.823  0.0000E+00  0.8000E+01
 -13.803  0.0000E+00  0.8000E+01
 -13.783  0.0000E+00  0.8000E+01
 -13.763  0.0000E+00  0.8000E+01
 -13.743  0.0000E+00  0.8000E+01
 -13.723  0.0000E+00  0.8000E+01
 -13.703  0.0000E+00  0.8000E+01
 -13.683  0.0000E+00  0.8000E+01
 -13.663  0.0000E+00  0.8000E+01
 -13.643  0.0000E+00  0.8000E+01
 -13.623  0.0000E+00  0.8000E+01
 -13.603  0.0000E+00  0.8000E+01
 -13.583  0.0000E+00  0.8000E+01
 -13.563  0.0000E+00  0.8000E+01
 -13.543  0.0000E+00  0.8000E+01
 -13.523  0.0000E+00  0.8000E+01
 -13.503  0.0000E+00  0.8000E+01
 -13.483  0.0000E+00  0.8000E+01
 -13.463  0.0000E+00  0.8000E+01
 -13.443  0.0000E+00  0.8000E+01
 -13.423  0.0000E+00  0.8000E+01
 -13.403  0.0000E+00  0.8000E+01
 -13.383  0.0000E+00  0.8000E+01
 -13.363  0.0000E+00  0.8000E+01
 -13.343  0.0000E+00  0.8000E+01
 -13.323  0.0000E+00  0.8000E+01
 -13.303  0.0000E+00  0.8000E+01
 -13.283  0.0000E+00  0.8000E+01
 -13.263  0.0000E+00  0.8000E+01
 -13.243  0.0000E+00  0.8000E+01
 -13.223  0.0000E+00  0.8000E+01
 -13.203  0.0000E+00  0.8000E+01
 -13.183  0.0000E+00  0.8000E+01
 -13.163  0.0000E+00  0.8000E+01
 -13.143  0.0000E+00  0.8000E+01
 -13.123  0.0000E+00  0.8000E+01
 -13.103  0.0000E+00  0.8000E+01
 -13.083  0.0000E+00  0.8000E+01
 -13.063  0.0000E+00  0.8000E+01
 -13.043  0.0000E+00  0.8000E+01
 -13.023  0.0000E+00  0.8000E+01
 -13.003  0.0000E+00  0.8000E+01
 -12.983  0.0000E+00  0.8000E+01
 -12.963  0.0000E+00  0.8000E+01
 -12.943  0.0000E+00  0.8000E+01
 -12.923  0.0000E+00  0.8000E+01
 -12.903  0.0000E+00  0.8000E+01
 -12.883  0.0000E+00  0.8000E+01
 -12.863  0.0000E+00  0.8000E+01
 -12.843  0.0000E+00  0.8000E+01
 -12.823  0.0000E+00  0.8000E+01
 -12.803  0.0000E+00  0.8000E+01
 -12.783  0.0000E+00  0.8000E+01
 -12.763  0.0000E+00  0.8000E+01
 -12.743  0.0000E+00  0.8000E+01
 -12.723  0.0000E+00  0.8000E+01
 -12.703  0.0000E+00  0.8000E+01
 -12.683  0.0000E+00  0.8000E+01
 -12.663  0.0000E+00  0.8000E+01
 -12.643  0.0000E+00  0.8000E+01
 -12.623  0.0000E+00  0.8000E+01
 -12.603  0.0000E+00  0.8000E+01
 -12.583  0.0000E+00  0.8000E+01
 -12.563  0.0000E+00  0.8000E+01
 -12.543  0.0000E+00  0.8000E+01
 -12.523  0.0000E+00  0.8000E+01
 -12.503  0.0000E+00  0.8000E+01
 -12.483  0.0000E+00  0.8000E+01
 -12.463  0.0000E+00  0.8000E+01
 -12.443  0.0000E+00  0.8000E+01
 -12.423  0.0000E+00  0.8000E+01
 -12.403  0.0000E+00  0.8000E+01
 -12.383  0.0000E+00  0.8000E+01
 -12.363  0.0000E+00  0.8000E+01
 -12.343  0.0000E+00  0.8000E+01
 -12.323  0.0000E+00  0.8000E+01
 -12.303  0.0000E+00  0.8000E+01
 -12.283  0.0000E+00  0.8000E+01
 -12.263  0.0000E+00  0.8000E+01
 -12.243  0.0000E+00  0.8000E+01
 -12.223  0.0000E+00  0.8000E+01
 -12.203  0.0000E+00  0.8000E+01
 -12.183  0.0000E+00  0.8000E+01
 -12.163  0.0000E+00  0.8000E+01
 -12.143  0.0000E+00  0.8000E+01
 -12.123  0.0000E+00  0.8000E+01
 -12.103  0.0000E+00  0.8000E+01
 -12.083  0.0000E+00  0.8000E+01
 -12.063  0.0000E+00  0.8000E+01
 -12.043  0.0000E+00  0.8000E+01
 -12.023  0.0000E+00  0.8000E+01
 -12.003  0.0000E+00  0.8000E+01
 -11.983  0.0000E+00  0.8000E+01
 -11.963  0.0000E+00  0.8000E+01
 -11.943  0.0000E+00  0.8000E+01
 -11.923  0.0000E+00  0.8000E+01
 -11.903  0.0000E+00  0.8000E+01
 -11.883  0.0000E+00  0.8000E+01
 -11.863  0.0000E+00  0.8000E+01
 -11.843  0.0000E+00  0.8000E+01
 -11.823  0.0000E+00  0.8000E+01
 -11.803  0.0000E+00  0.8000E+01
 -11.783  0.0000E+00  0.8000E+01
 -11.763  0.0000E+00  0.8000E+01
 -11.743  0.0000E+00  0.8000E+01
 -11.723  0.0000E+00  0.8000E+01
 -11.703  0.0000E+00  0.8000E+01
 -11.683  0.0000E+00  0.8000E+01
 -11.663  0.0000E+00  0.8000E+01
 -11.643  0.0000E+00  0.8000E+01
 -11.623  0.0000E+00  0.8000E+01
 -11.603  0.0000E+00  0.8000E+01
 -11.583  0.0000E+00  0.8000E+01
 -11.563  0.0000E+00  0.8000E+01
 -11.543  0.0000E+00  0.8000E+01
 -11.523  0.0000E+00  0.8000E+01
 -11.503  0.0000E+00  0.8000E+01
 -11.483  0.0000E+00  0.8000E+01
 -11.463  0.0000E+00  0.8000E+01
 -11.443  0.0000E+00  0.8000E+01
 -11.423  0.0000E+00  0.8000E+01
 -11.403  0.0000E+00  0.8000E+01
 -11.383  0.0000E+00  0.8000E+01
 -11.363  0.0000E+00  0.8000E+01
 -11.343  0.0000E+00  0.8000E+01
 -11.323  0.0000E+00  0.8000E+01
 -11.303  0.0000E+00  0.8000E+01
 -11.283  0.0000E+00  0.8000E+01
 -11.263  0.0000E+00  0.8000E+01
 -11.243  0.0000E+00  0.8000E+01
 -11.223  0.0000E+00  0.8000E+01
 -11.203  0.0000E+00  0.8000E+01
 -11.183  0.0000E+00  0.8000E+01
 -11.163  0.0000E+00  0.8000E+01
 -11.143  0.0000E+00  0.8000E+01
 -11.123  0.0000E+00  0.8000E+01
 -11.103  0.0000E+00  0.8000E+01
 -11.083  0.0000E+00  0.8000E+01
 -11.063  0.0000E+00  0.8000E+01
 -11.043  0.0000E+00  0.8000E+01
 -11.023  0.0000E+00  0.8000E+01
 -11.003  0.0000E+00  0.8000E+01
 -10.983  0.0000E+00  0.8000E+01
 -10.963  0.0000E+00  0.8000E+01
 -10.943  0.0000E+00  0.8000E+01
 -10.923  0.0000E+00  0.8000E+01
 -10.903  0.0000E+00  0.8000E+01
 -10.883  0.0000E+00  0.8000E+01
 -10.863  0.0000E+00  0.8000E+01
 -10.843  0.0000E+00  0.8000E+01
 -10.823  0.0000E+00  0.8000E+01
 -10.803  0.0000E+00  0.8000E+01
 -10.783  0.0000E+00  0.8000E+01
 -10.763  0.0000E+00  0.8000E+01
 -10.743  0.0000E+00  0.8000E+01
 -10.723  0.0000E+00  0.8000E+01
 -10.703  0.0000E+00  0.8000E+01
 -10.683  0.0000E+00  0.8000E+01
 -10.663  0.0000E+00  0.8000E+01
 -10.643  0.0000E+00  0.8000E+01
 -10.623  0.0000E+00  0.8000E+01
 -10.603  0.0000E+00  0.8000E+01
 -10.583  0.0000E+00  0.8000E+01
 -10.563  0.0000E+00  0.8000E+01
 -10.543  0.0000E+00  0.8000E+01
 -10.523  0.0000E+00  0.8000E+01
 -10.503  0.0000E+00  0.8000E+01
 -10.483  0.0000E+00  0.8000E+01
 -10.463  0.0000E+00  0.8000E+01
 -10.443  0.0000E+00  0.8000E+01
 -10.423  0.0000E+00  0.8000E+01
 -10.403  0.0000E+00  0.8000E+01
 -10.383  0.0000E+00  0.8000E+01
 -10.363  0.0000E+00  0.8000E+01
 -10.343  0.0000E+00  0.8000E+01
 -10.323  0.0000E+00  0.8000E+01
 -10.303  0.0000E+00  0.8000E+01
 -10.283  0.0000E+00  0.8000E+01
 -10.263  0.0000E+00  0.8000E+01
 -10.243  0.0000E+00  0.8000E+01
 -10.223  0.0000E+00  0.8000E+01
 -10.203  0.0000E+00  0.8000E+01
 -10.183  0.0000E+00  0.8000E+01
 -10.163  0.0000E+00  0.8000E+01
 -10.143  0.0000E+00  0.8000E+01
 -10.123  0.0000E+00  0.8000E+01
 -10.103  0.0000E+00  0.8000E+01
 -10.083  0.0000E+00  0.8000E+01
 -10.063  0.0000E+00  0.8000E+01
 -10.043  0.0000E+00  0.8000E+01
 -10.023  0.0000E+00  0.8000E+01
 -10.003  0.0000E+00  0.8000E+01
  -9.983  0.0000E+00  0.8000E+01
  -9.963  0.0000E+00  0.8000E+01
  -9.943  0.0000E+00  0.8000E+01
  -9.923  0.0000E+00  0.8000E+01
  -9.903  0.0000E+00  0.8000E+01
  -9.883  0.0000E+00  0.8000E+01
  -9.863  0.0000E+00  0.8000E+01
  -9.843  0.0000E+00  0.8000E+01
  -9.823  0.0000E+00  0.8000E+01
  -9.803  0.0000E+00  0.8000E+01
  -9.783  0.0000E+00  0.8000E+01
  -9.763  0.0000E+00  0.8000E+01
  -9.743  0.0000E+00  0.8000E+01
  -9.723  0.0000E+00  0.8000E+01
  -9.703  0.0000E+00  0.8000E+01
  -9.683  0.0000E+00  0.8000E+01
  -9.663  0.0000E+00  0.8000E+01
  -9.643  0.0000E+00  0.8000E+01
  -9.623  0.0000E+00  0.8000E+01
  -9.603  0.0000E+00  0.8000E+01
  -9.583  0.0000E+00  0.8000E+01
  -9.563  0.0000E+00  0.8000E+01
  -9.543  0.0000E+00  0.8000E+01
  -9.523  0.0000E+00  0.8000E+01
  -9.503  0.0000E+00  0.8000E+01
  -9.483  0.0000E+00  0.8000E+01
  -9.463  0.0000E+00  0.8000E+01
  -9.443  0.0000E+00  0.8000E+01
  -9.423  0.0000E+00  0.8000E+01
  -9.403  0.0000E+00  0.8000E+01
  -9.383  0.0000E+00  0.8000E+01
  -9.363  0.6125E+01  0.8004E+01
  -9.343  0.2769E+03  0.1076E+02
  -9.323  0.1344E+03  0.1468E+02
  -9.303  0.0000E+00  0.1600E+02
  -9.283  0.0000E+00  0.1600E+02
  -9.263  0.0000E+00  0.1600E+02
  -9.243  0.0000E+00  0.1600E+02
  -9.223  0.0000E+00  0.1600E+02
  -9.203  0.0000E+00  0.1600E+02
  -9.183  0.0000E+00  0.1600E+02
  -9.163  0.0000E+00  0.1600E+02
  -9.143  0.0000E+00  0.1600E+02
  -9.123  0.0000E+00  0.1600E+02
  -9.103  0.0000E+00  0.1600E+02
  -9.083  0.0000E+00  0.1600E+02
  -9.063  0.0000E+00  0.1600E+02
  -9.043  0.0000E+00  0.1600E+02
  -9.023  0.0000E+00  0.1600E+02
  -9.003  0.0000E+00  0.1600E+02
  -8.983  0.0000E+00  0.1600E+02
  -8.963  0.0000E+00  0.1600E+02
  -8.943  0.0000E+00  0.1600E+02
  -8.923  0.0000E+00  0.1600E+02
  -8.903  0.0000E+00  0.1600E+02
  -8.883  0.0000E+00  0.1600E+02
  -8.863  0.0000E+00  0.1600E+02
  -8.843  0.0000E+00  0.1600E+02
  -8.823  0.0000E+00  0.1600E+02
  -8.803  0.0000E+00  0.1600E+02
  -8.783  0.0000E+00  0.1600E+02
  -8.763  0.0000E+00  0.1600E+02
  -8.743  0.0000E+00  0.1600E+02
  -8.723  0.0000E+00  0.1600E+02
  -8.703  0.0000E+00  0.1600E+02
  -8.683  0.0000E+00  0.1600E+02
  -8.663  0.0000E+00  0.1600E+02
  -8.643  0.0000E+00  0.1600E+02
  -8.623  0.0000E+00  0.1600E+02
  -8.603  0.0000E+00  0.1600E+02
  -8.583  0.0000E+00  0.1600E+02
  -8.563  0.0000E+00  0.1600E+02
  -8.543  0.0000E+00  0.1600E+02
  -8.523  0.0000E+00  0.1600E+02
  -8.503  0.0000E+00  0.1600E+02
  -8.483  0.0000E+00  0.1600E+02
  -8.463  0.0000E+00  0.1600E+02
  -8.443  0.0000E+00  0.1600E+02
  -8.423  0.0000E+00  0.1600E+02
  -8.403  0.0000E+00  0.1600E+02
  -8.383  0.0000E+00  0.1600E+02
  -8.363  0.0000E+00  0.1600E+02
  -8.343  0.0000E+00  0.1600E+02
  -8.323  0.0000E+00  0.1600E+02
  -8.303  0.0000E+00  0.1600E+02
  -8.283  0.0000E+00  0.1600E+02
  -8.263  0.0000E+00  0.1600E+02
  -8.243  0.0000E+00  0.1600E+02
  -8.223  0.0000E+00  0.1600E+02
  -8.203  0.0000E+00  0.1600E+02
  -8.183  0.0000E+00  0.1600E+02
  -8.163  0.0000E+00  0.1600E+02
  -8.143  0.0000E+00  0.1600E+02
  -8.123  0.0000E+00  0.1600E+02
  -8.103  0.0000E+00  0.1600E+02
  -8.083  0.0000E+00  0.1600E+02
  -8.063  0.0000E+00  0.1600E+02
  -8.043  0.0000E+00  0.1600E+02
  -8.023  0.0000E+00  0.1600E+02
  -8.003  0.0000E+00  0.1600E+02
  -7.983  0.0000E+00  0.1600E+02
  -7.963  0.0000E+00  0.1600E+02
  -7.943  0.0000E+00  0.1600E+02
  -7.923  0.0000E+00  0.1600E+02
  -7.903  0.0000E+00  0.1600E+02
  -7.883  0.0000E+00  0.1600E+02
  -7.863  0.0000E+00  0.1600E+02
  -7.843  0.0000E+00  0.1600E+02
  -7.823  0.0000E+00  0.1600E+02
  -7.803  0.0000E+00  0.1600E+02
  -7.783  0.0000E+00  0.1600E+02
  -7.763  0.0000E+00  0.1600E+02
  -7.743  0.0000E+00  0.1600E+02
  -7.723  0.0000E+00  0.1600E+02
  -7.703  0.0000E+00  0.1600E+02
  -7.683  0.0000E+00  0.1600E+02
  -7.663  0.0000E+00  0.1600E+02
  -7.643  0.0000E+00  0.1600E+02
  -7.623  0.0000E+00  0.1600E+02
  -7.603  0.0000E+00  0.1600E+02
  -7.583  0.0000E+00  0.1600E+02
  -7.563  0.0000E+00  0.1600E+02
  -7.543  0.0000E+00  0.1600E+02
  -7.523  0.0000E+00  0.1600E+02
  -7.503  0.0000E+00  0.1600E+02
  -7.483  0.0000E+00  0.1600E+02
  -7.463  0.0000E+00  0.1600E+02
  -7.443  0.0000E+00  0.1600E+02
  -7.423  0.0000E+00  0.1600E+02
  -7.403  0.0000E+00  0.1600E+02
  -7.383  0.0000E+00  0.1600E+02
  -7.363  0.0000E+00  0.1600E+02
  -7.343  0.0000E+00  0.1600E+02
  -7.323  0.0000E+00  0.1600E+02
  -7.303  0.0000E+00  0.1600E+02
  -7.283  0.0000E+00  0.1600E+02
  -7.263  0.0000E+00  0.1600E+02
  -7.243  0.0000E+00  0.1600E+02
  -7.223  0.0000E+00  0.1600E+02
  -7.203  0.0000E+00  0.1600E+02
  -7.183  0.0000E+00  0.1600E+02
  -7.163  0.0000E+00  0.1600E+02
  -7.143  0.0000E+00  0.1600E+02
  -7.123  0.0000E+00  0.1600E+02
  -7.103  0.0000E+00  0.1600E+02
  -7.083  0.0000E+00  0.1600E+02
  -7.063  0.0000E+00  0.1600E+02
  -7.043  0.0000E+00  0.1600E+02
  -7.023  0.0000E+00  0.1600E+02
  -7.003  0.0000E+00  0.1600E+02
  -6.983  0.0000E+00  0.1600E+02
  -6.963  0.0000E+00  0.1600E+02
  -6.943  0.0000E+00  0.1600E+02
  -6.923  0.0000E+00  0.1600E+02
  -6.903  0.0000E+00  0.1600E+02
  -6.883  0.0000E+00  0.1600E+02
  -6.863  0.0000E+00  0.1600E+02
  -6.843  0.0000E+00  0.1600E+02
  -6.823  0.0000E+00  0.1600E+02
  -6.803  0.0000E+00  0.1600E+02
  -6.783  0.0000E+00  0.1600E+02
  -6.763  0.0000E+00  0.1600E+02
  -6.743  0.0000E+00  0.1600E+02
  -6.723  0.0000E+00  0.1600E+02
  -6.703  0.0000E+00  0.1600E+02
  -6.683  0.0000E+00  0.1600E+02
  -6.663  0.0000E+00  0.1600E+02
  -6.643  0.0000E+00  0.1600E+02
  -6.623  0.0000E+00  0.1600E+02
  -6.603  0.0000E+00  0.1600E+02
  -6.583  0.0000E+00  0.1600E+02
  -6.563  0.0000E+00  0.1600E+02
  -6.543  0.0000E+00  0.1600E+02
  -6.523  0.0000E+00  0.1600E+02
  -6.503  0.0000E+00  0.1600E+02
  -6.483  0.0000E+00  0.1600E+02
  -6.463  0.0000E+00  0.1600E+02
  -6.443  0.0000E+00  0.1600E+02
  -6.423  0.0000E+00  0.1600E+02
  -6.403  0.0000E+00  0.1600E+02
  -6.383  0.0000E+00  0.1600E+02
  -6.363  0.0000E+00  0.1600E+02
  -6.343  0.0000E+00  0.1600E+02
  -6.323  0.0000E+00  0.1600E+02
  -6.303  0.0000E+00  0.1600E+02
  -6.283  0.0000E+00  0.1600E+02
  -6.263  0.0000E+00  0.1600E+02
  -6.243  0.0000E+00  0.1600E+02
  -6.223  0.0000E+00  0.1600E+02
  -6.203  0.0000E+00  0.1600E+02
  -6.183  0.0000E+00  0.1600E+02
  -6.163  0.0000E+00  0.1600E+02
  -6.143  0.0000E+00  0.1600E+02
  -6.123  0.0000E+00  0.1600E+02
  -6.103  0.0000E+00  0.1600E+02
  -6.083  0.0000E+00  0.1600E+02
  -6.063  0.0000E+00  0.1600E+02
  -6.043  0.0000E+00  0.1600E+02
  -6.023  0.0000E+00  0.1600E+02
  -6.003  0.2237E+02  0.1625E+02
  -5.983  0.4636E+02  0.1690E+02
  -5.963  0.6745E+02  0.1806E+02
  -5.943  0.9010E+02  0.1974E+02
  -5.923  0.1942E+03  0.2266E+02
  -5.903  0.2108E+03  0.2641E+02
  -5.883  0.3008E+03  0.3105E+02
  -5.863  0.2774E+03  0.3583E+02
  -5.843  0.1633E+02  0.3997E+02
  -5.823  0.0000E+00  0.4000E+02
  -5.803  0.0000E+00  0.4000E+02
  -5.783  0.0000E+00  0.4000E+02
  -5.763  0.0000E+00  0.4000E+02
  -5.743  0.0000E+00  0.4000E+02
  -5.723  0.0000E+00  0.4000E+02
  -5.703  0.0000E+00  0.4000E+02
  -5.683  0.0000E+00  0.4000E+02
  -5.663  0.0000E+00  0.4000E+02
  -5.643  0.0000E+00  0.4000E+02
  -5.623  0.0000E+00  0.4000E+02
  -5.603  0.0000E+00  0.4000E+02
  -5.583  0.0000E+00  0.4000E+02
  -5.563  0.0000E+00  0.4000E+02
  -5.543  0.0000E+00  0.4000E+02
  -5.523  0.0000E+00  0.4000E+02
  -5.503  0.0000E+00  0.4000E+02
  -5.483  0.0000E+00  0.4000E+02
  -5.463  0.0000E+00  0.4000E+02
  -5.443  0.0000E+00  0.4000E+02
  -5.423  0.0000E+00  0.4000E+02
  -5.403  0.0000E+00  0.4000E+02
  -5.383  0.0000E+00  0.4000E+02
  -5.363  0.0000E+00  0.4000E+02
  -5.343  0.0000E+00  0.4000E+02
  -5.323  0.0000E+00  0.4000E+02
  -5.303  0.0000E+00  0.4000E+02
  -5.283  0.0000E+00  0.4000E+02
  -5.263  0.0000E+00  0.4000E+02
  -5.243  0.0000E+00  0.4000E+02
  -5.223  0.0000E+00  0.4000E+02
  -5.203  0.0000E+00  0.4000E+02
  -5.183  0.0000E+00  0.4000E+02
  -5.163  0.0000E+00  0.4000E+02
  -5.143  0.0000E+00  0.4000E+02
  -5.123  0.0000E+00  0.4000E+02
  -5.103  0.0000E+00  0.4000E+02
  -5.083  0.0000E+00  0.4000E+02
  -5.063  0.0000E+00  0.4000E+02
  -5.043  0.0000E+00  0.4000E+02
  -5.023  0.0000E+00  0.4000E+02
  -5.003  0.0000E+00  0.4000E+02
  -4.983  0.0000E+00  0.4000E+02
  -4.963  0.0000E+00  0.4000E+02
  -4.943  0.0000E+00  0.4000E+02
  -4.923  0.0000E+00  0.4000E+02
  -4.903  0.0000E+00  0.4000E+02
  -4.883  0.0000E+00  0.4000E+02
  -4.863  0.0000E+00  0.4000E+02
  -4.843  0.0000E+00  0.4000E+02
  -4.823  0.0000E+00  0.4000E+02
  -4.803  0.0000E+00  0.4000E+02
  -4.783  0.0000E+00  0.4000E+02
  -4.763  0.0000E+00  0.4000E+02
  -4.743  0.0000E+00  0.4000E+02
  -4.723  0.0000E+00  0.4000E+02
  -4.703  0.0000E+00  0.4000E+02
  -4.683  0.0000E+00  0.4000E+02
  -4.663  0.0000E+00  0.4000E+02
  -4.643  0.0000E+00  0.4000E+02
  -4.623  0.0000E+00  0.4000E+02
  -4.603  0.0000E+00  0.4000E+02
  -4.583  0.0000E+00  0.4000E+02
  -4.563  0.0000E+00  0.4000E+02
  -4.543  0.0000E+00  0.4000E+02
  -4.523  0.0000E+00  0.4000E+02
  -4.503  0.0000E+00  0.4000E+02
  -4.483  0.0000E+00  0.4000E+02
  -4.463  0.0000E+00  0.4000E+02
  -4.443  0.0000E+00  0.4000E+02
  -4.423  0.0000E+00  0.4000E+02
  -4.403  0.0000E+00  0.4000E+02
  -4.383  0.0000E+00  0.4000E+02
  -4.363  0.0000E+00  0.4000E+02
  -4.343  0.0000E+00  0.4000E+02
  -4.323  0.0000E+00  0.4000E+02
  -4.303  0.0000E+00  0.4000E+02
  -4.283  0.0000E+00  0.4000E+02
  -4.263  0.0000E+00  0.4000E+02
  -4.243  0.0000E+00  0.4000E+02
  -4.223  0.0000E+00  0.4000E+02
  -4.203  0.0000E+00  0.4000E+02
  -4.183  0.0000E+00  0.4000E+02
  -4.163  0.0000E+00  0.4000E+02
  -4.143  0.0000E+00  0.4000E+02
  -4.123  0.0000E+00  0.4000E+02
  -4.103  0.0000E+00  0.4000E+02
  -4.083  0.0000E+00  0.4000E+02
  -4.063  0.0000E+00  0.4000E+02
  -4.043  0.0000E+00  0.4000E+02
  -4.023  0.0000E+00  0.4000E+02
  -4.003  0.0000E+00  0.4000E+02
  -3.983  0.0000E+00  0.4000E+02
  -3.963  0.0000E+00  0.4000E+02
  -3.943  0.0000E+00  0.4000E+02
  -3.923  0.0000E+00  0.4000E+02
  -3.903  0.0000E+00  0.4000E+02
  -3.883  0.0000E+00  0.4000E+02
  -3.863  0.0000E+00  0.4000E+02
  -3.843  0.0000E+00  0.4000E+02
  -3.823  0.0000E+00  0.4000E+02
  -3.803  0.0000E+00  0.4000E+02
  -3.783  0.0000E+00  0.4000E+02
  -3.763  0.0000E+00  0.4000E+02
  -3.743  0.0000E+00  0.4000E+02
  -3.723  0.0000E+00  0.4000E+02
  -3.703  0.0000E+00  0.4000E+02
  -3.683  0.0000E+00  0.4000E+02
  -3.663  0.0000E+00  0.4000E+02
  -3.643  0.0000E+00  0.4000E+02
  -3.623  0.0000E+00  0.4000E+02
  -3.603  0.0000E+00  0.4000E+02
  -3.583  0.0000E+00  0.4000E+02
  -3.563  0.0000E+00  0.4000E+02
  -3.543  0.0000E+00  0.4000E+02
  -3.523  0.0000E+00  0.4000E+02
  -3.503  0.0000E+00  0.4000E+02
  -3.483  0.0000E+00  0.4000E+02
  -3.463  0.0000E+00  0.4000E+02
  -3.443  0.0000E+00  0.4000E+02
  -3.423  0.0000E+00  0.4000E+02
  -3.403  0.0000E+00  0.4000E+02
  -3.383  0.0000E+00  0.4000E+02
  -3.363  0.0000E+00  0.4000E+02
  -3.343  0.0000E+00  0.4000E+02
  -3.323  0.0000E+00  0.4000E+02
  -3.303  0.0000E+00  0.4000E+02
  -3.283  0.0000E+00  0.4000E+02
  -3.263  0.0000E+00  0.4000E+02
  -3.243  0.0000E+00  0.4000E+02
  -3.223  0.0000E+00  0.4000E+02
  -3.203  0.0000E+00  0.4000E+02
  -3.183  0.0000E+00  0.4000E+02
  -3.163  0.0000E+00  0.4000E+02
  -3.143  0.0000E+00  0.4000E+02
  -3.123  0.0000E+00  0.4000E+02
  -3.103  0.0000E+00  0.4000E+02
  -3.083  0.0000E+00  0.4000E+02
  -3.063  0.0000E+00  0.4000E+02
  -3.043  0.0000E+00  0.4000E+02
  -3.023  0.0000E+00  0.4000E+02
  -3.003  0.0000E+00  0.4000E+02
  -2.983  0.0000E+00  0.4000E+02
  -2.963  0.0000E+00  0.4000E+02
  -2.943  0.0000E+00  0.4000E+02
  -2.923  0.0000E+00  0.4000E+02
  -2.903  0.0000E+00  0.4000E+02
  -2.883  0.0000E+00  0.4000E+02
  -2.863  0.0000E+00  0.4000E+02
  -2.843  0.0000E+00  0.4000E+02
  -2.823  0.0000E+00  0.4000E+02
  -2.803  0.0000E+00  0.4000E+02
  -2.783  0.0000E+00  0.4000E+02
  -2.763  0.0000E+00  0.4000E+02
  -2.743  0.0000E+00  0.4000E+02
  -2.723  0.0000E+00  0.4000E+02
  -2.703  0.0000E+00  0.4000E+02
  -2.683  0.0000E+00  0.4000E+02
  -2.663  0.0000E+00  0.4000E+02
  -2.643  0.0000E+00  0.4000E+02
  -2.623  0.0000E+00  0.4000E+02
  -2.603  0.0000E+00  0.4000E+02
  -2.583  0.0000E+00  0.4000E+02
  -2.563  0.0000E+00  0.4000E+02
  -2.543  0.0000E+00  0.4000E+02
  -2.523  0.0000E+00  0.4000E+02
  -2.503  0.0000E+00  0.4000E+02
  -2.483  0.0000E+00  0.4000E+02
  -2.463  0.0000E+00  0.4000E+02
  -2.443  0.0000E+00  0.4000E+02
  -2.423  0.0000E+00  0.4000E+02
  -2.403  0.0000E+00  0.4000E+02
  -2.383  0.0000E+00  0.4000E+02
  -2.363  0.0000E+00  0.4000E+02
  -2.343  0.0000E+00  0.4000E+02
  -2.323  0.0000E+00  0.4000E+02
  -2.303  0.0000E+00  0.4000E+02
  -2.283  0.0000E+00  0.4000E+02
  -2.263  0.0000E+00  0.4000E+02
  -2.243  0.0000E+00  0.4000E+02
  -2.223  0.0000E+00  0.4000E+02
  -2.203  0.0000E+00  0.4000E+02
  -2.183  0.0000E+00  0.4000E+02
  -2.163  0.0000E+00  0.4000E+02
  -2.143  0.0000E+00  0.4000E+02
  -2.123  0.0000E+00  0.4000E+02
  -2.103  0.0000E+00  0.4000E+02
  -2.083  0.0000E+00  0.4000E+02
  -2.063  0.0000E+00  0.4000E+02
  -2.043  0.0000E+00  0.4000E+02
  -2.023  0.0000E+00  0.4000E+02
  -2.003  0.0000E+00  0.4000E+02
  -1.983  0.0000E+00  0.4000E+02
  -1.963  0.0000E+00  0.4000E+02
  -1.943  0.0000E+00  0.4000E+02
  -1.923  0.0000E+00  0.4000E+02
  -1.903  0.0000E+00  0.4000E+02
  -1.883  0.0000E+00  0.4000E+02
  -1.863  0.0000E+00  0.4000E+02
  -1.843  0.0000E+00  0.4000E+02
  -1.823  0.0000E+00  0.4000E+02
  -1.803  0.0000E+00  0.4000E+02
  -1.783  0.0000E+00  0.4000E+02
  -1.763  0.0000E+00  0.4000E+02
  -1.743  0.0000E+00  0.4000E+02
  -1.723  0.0000E+00  0.4000E+02
  -1.703  0.0000E+00  0.4000E+02
  -1.683  0.0000E+00  0.4000E+02
  -1.663  0.0000E+00  0.4000E+02
  -1.643  0.0000E+00  0.4000E+02
  -1.623  0.0000E+00  0.4000E+02
  -1.603  0.0000E+00  0.4000E+02
  -1.583  0.0000E+00  0.4000E+02
  -1.563  0.0000E+00  0.4000E+02
  -1.543  0.0000E+00  0.4000E+02
  -1.523  0.0000E+00  0.4000E+02
  -1.503  0.0000E+00  0.4000E+02
  -1.483  0.0000E+00  0.4000E+02
  -1.463  0.0000E+00  0.4000E+02
  -1.443  0.0000E+00  0.4000E+02
  -1.423  0.0000E+00  0.4000E+02
  -1.403  0.0000E+00  0.4000E+02
  -1.383  0.0000E+00  0.4000E+02
  -1.363  0.0000E+00  0.4000E+02
  -1.343  0.0000E+00  0.4000E+02
  -1.323  0.0000E+00  0.4000E+02
  -1.303  0.0000E+00  0.4000E+02
  -1.283  0.0000E+00  0.4000E+02
  -1.263  0.0000E+00  0.4000E+02
  -1.243  0.0000E+00  0.4000E+02
  -1.223  0.0000E+00  0.4000E+02
  -1.203  0.0000E+00  0.4000E+02
  -1.183  0.0000E+00  0.4000E+02
  -1.163  0.0000E+00  0.4000E+02
  -1.143  0.0000E+00  0.4000E+02
  -1.123  0.0000E+00  0.4000E+02
  -1.103  0.0000E+00  0.4000E+02
  -1.083  0.0000E+00  0.4000E+02
  -1.063  0.0000E+00  0.4000E+02
  -1.043  0.0000E+00  0.4000E+02
  -1.023  0.0000E+00  0.4000E+02
  -1.003  0.0000E+00  0.4000E+02
  -0.983  0.0000E+00  0.4000E+02
  -0.963  0.0000E+00  0.4000E+02
  -0.943  0.0000E+00  0.4000E+02
  -0.923  0.0000E+00  0.4000E+02
  -0.903  0.0000E+00  0.4000E+02
  -0.883  0.0000E+00  0.4000E+02
  -0.863  0.0000E+00  0.4000E+02
  -0.843  0.0000E+00  0.4000E+02
  -0.823  0.0000E+00  0.4000E+02
  -0.803  0.0000E+00  0.4000E+02
  -0.783  0.0000E+00  0.4000E+02
  -0.763  0.0000E+00  0.4000E+02
  -0.743  0.0000E+00  0.4000E+02
  -0.723  0.0000E+00  0.4000E+02
  -0.703  0.0000E+00  0.4000E+02
  -0.683  0.0000E+00  0.4000E+02
  -0.663  0.0000E+00  0.4000E+02
  -0.643  0.0000E+00  0.4000E+02
  -0.623  0.0000E+00  0.4000E+02
  -0.603  0.0000E+00  0.4000E+02
  -0.583  0.0000E+00  0.4000E+02
  -0.563  0.0000E+00  0.4000E+02
  -0.543  0.0000E+00  0.4000E+02
  -0.523  0.0000E+00  0.4000E+02
  -0.503  0.0000E+00  0.4000E+02
  -0.483  0.0000E+00  0.4000E+02
  -0.463  0.0000E+00  0.4000E+02
  -0.443  0.0000E+00  0.4000E+02
  -0.423  0.0000E+00  0.4000E+02
  -0.403  0.0000E+00  0.4000E+02
  -0.383  0.0000E+00  0.4000E+02
  -0.363  0.0000E+00  0.4000E+02
  -0.343  0.0000E+00  0.4000E+02
  -0.323  0.0000E+00  0.4000E+02
  -0.303  0.0000E+00  0.4000E+02
  -0.283  0.0000E+00  0.4000E+02
  -0.263  0.0000E+00  0.4000E+02
  -0.243  0.0000E+00  0.4000E+02
  -0.223  0.0000E+00  0.4000E+02
  -0.203  0.0000E+00  0.4000E+02
  -0.183  0.0000E+00  0.4000E+02
  -0.163  0.0000E+00  0.4000E+02
  -0.143  0.0000E+00  0.4000E+02
  -0.123  0.0000E+00  0.4000E+02
  -0.103  0.0000E+00  0.4000E+02
  -0.083  0.0000E+00  0.4000E+02
  -0.063  0.0000E+00  0.4000E+02
  -0.043  0.0000E+00  0.4000E+02
  -0.023  0.0000E+00  0.4000E+02
  -0.003  0.0000E+00  0.4000E+02
   0.017  0.0000E+00  0.4000E+02
   0.037  0.0000E+00  0.4000E+02
   0.057  0.0000E+00  0.4000E+02
   0.077  0.0000E+00  0.4000E+02
   0.097  0.0000E+00  0.4000E+02
   0.117  0.0000E+00  0.4000E+02
   0.137  0.0000E+00  0.4000E+02
   0.157  0.3291E+01  0.4005E+02
   0.177  0.5444E+01  0.4014E+02
   0.197  0.7282E+01  0.4027E+02
   0.217  0.9367E+01  0.4044E+02
   0.237  0.1162E+02  0.4065E+02
   0.257  0.1567E+02  0.4091E+02
   0.277  0.2047E+02  0.4127E+02
   0.297  0.2528E+02  0.4178E+02
   0.317  0.2711E+02  0.4231E+02
   0.337  0.2825E+02  0.4286E+02
   0.357  0.2866E+02  0.4343E+02
   0.377  0.3080E+02  0.4403E+02
   0.397  0.2744E+02  0.4462E+02
   0.417  0.2522E+02  0.4516E+02
   0.437  0.2088E+02  0.4563E+02
   0.457  0.1923E+02  0.4604E+02
   0.477  0.1665E+02  0.4642E+02
   0.497  0.1500E+02  0.4674E+02
   0.517  0.1240E+02  0.4703E+02
   0.537  0.1060E+02  0.4725E+02
   0.557  0.9673E+01  0.4746E+02
   0.577  0.8943E+02  0.4815E+02
   0.597  0.9188E+02  0.4996E+02
   0.617  0.1195E+03  0.5216E+02
   0.637  0.7372E+02  0.5419E+02
   0.657  0.7130E+02  0.5555E+02
   0.677  0.6286E+02  0.5704E+02
   0.697  0.6097E+02  0.5825E+02
   0.717  0.5337E+02  0.5946E+02
   0.737  0.5390E+02  0.6053E+02
   0.757  0.5108E+02  0.6160E+02
   0.777  0.3465E+02  0.6251E+02
   0.797  0.2285E+02  0.6307E+02
   0.817  0.1687E+02  0.6350E+02
   0.837  0.1135E+02  0.6378E+02
   0.857  0.6114E+01  0.6396E+02
   0.877  0.0000E+00  0.6400E+02
   0.897  0.0000E+00  0.6400E+02
   0.917  0.0000E+00  0.6400E+02
   0.937  0.0000E+00  0.6400E+02
   0.957  0.0000E+00  0.6400E+02
   0.977  0.0000E+00  0.6400E+02
   0.997  0.0000E+00  0.6400E+02
   1.017  0.0000E+00  0.6400E+02
   1.037  0.0000E+00  0.6400E+02
   1.057  0.0000E+00  0.6400E+02
   1.077  0.0000E+00  0.6400E+02
   1.097  0.0000E+00  0.6400E+02
   1.117  0.0000E+00  0.6400E+02
   1.137  0.0000E+00  0.6400E+02
   1.157  0.0000E+00  0.6400E+02
   1.177  0.0000E+00  0.6400E+02
   1.197  0.0000E+00  0.6400E+02
   1.217  0.0000E+00  0.6400E+02
   1.237  0.0000E+00  0.6400E+02
   1.257  0.0000E+00  0.6400E+02
   1.277  0.0000E+00  0.6400E+02
   1.297  0.0000E+00  0.6400E+02
   1.317  0.0000E+00  0.6400E+02
   1.337  0.0000E+00  0.6400E+02
   1.357  0.0000E+00  0.6400E+02
   1.377  0.0000E+00  0.6400E+02
   1.397  0.0000E+00  0.6400E+02
   1.417  0.0000E+00  0.6400E+02
   1.437  0.0000E+00  0.6400E+02
   1.457  0.0000E+00  0.6400E+02
   1.477  0.0000E+00  0.6400E+02
   1.497  0.0000E+00  0.6400E+02
   1.517  0.0000E+00  0.6400E+02
   1.537  0.0000E+00  0.6400E+02
   1.557  0.0000E+00  0.6400E+02
   1.577  0.0000E+00  0.6400E+02
   1.597  0.0000E+00  0.6400E+02
   1.617  0.0000E+00  0.6400E+02
   1.637  0.0000E+00  0.6400E+02
   1.657  0.0000E+00  0.6400E+02
   1.677  0.0000E+00  0.6400E+02
   1.697  0.0000E+00  0.6400E+02
   1.717  0.0000E+00  0.6400E+02
   1.737  0.0000E+00  0.6400E+02
   1.757  0.0000E+00  0.6400E+02
   1.777  0.0000E+00  0.6400E+02
   1.797  0.0000E+00  0.6400E+02
   1.817  0.0000E+00  0.6400E+02
   1.837  0.0000E+00  0.6400E+02
   1.857  0.0000E+00  0.6400E+02
   1.877  0.0000E+00  0.6400E+02
   1.897  0.0000E+00  0.6400E+02
   1.917  0.0000E+00  0.6400E+02
   1.937  0.0000E+00  0.6400E+02
   1.957  0.0000E+00  0.6400E+02
   1.977  0.0000E+00  0.6400E+02
   1.997  0.0000E+00  0.6400E+02
   2.017  0.0000E+00  0.6400E+02
   2.037  0.0000E+00  0.6400E+02
   2.057  0.0000E+00  0.6400E+02
   2.077  0.0000E+00  0.6400E+02
   2.097  0.0000E+00  0.6400E+02
   2.117  0.0000E+00  0.6400E+02
   2.137  0.0000E+00  0.6400E+02
   2.157  0.0000E+00  0.6400E+02
   2.177  0.0000E+00  0.6400E+02
   2.197  0.0000E+00  0.6400E+02
   2.217  0.0000E+00  0.6400E+02
   2.237  0.0000E+00  0.6400E+02
   2.257  0.0000E+00  0.6400E+02
   2.277  0.0000E+00  0.6400E+02
   2.297  0.0000E+00  0.6400E+02
   2.317  0.0000E+00  0.6400E+02
   2.337  0.0000E+00  0.6400E+02
   2.357  0.0000E+00  0.6400E+02
   2.377  0.0000E+00  0.6400E+02
   2.397  0.0000E+00  0.6400E+02
   2.417  0.0000E+00  0.6400E+02
   2.437  0.0000E+00  0.6400E+02
   2.457  0.0000E+00  0.6400E+02
   2.477  0.0000E+00  0.6400E+02
   2.497  0.0000E+00  0.6400E+02
   2.517  0.0000E+00  0.6400E+02
   2.537  0.0000E+00  0.6400E+02
   2.557  0.0000E+00  0.6400E+02
   2.577  0.0000E+00  0.6400E+02
   2.597  0.0000E+00  0.6400E+02
   2.617  0.0000E+00  0.6400E+02
   2.637  0.0000E+00  0.6400E+02
   2.657  0.0000E+00  0.6400E+02
   2.677  0.0000E+00  0.6400E+02
   2.697  0.0000E+00  0.6400E+02
   2.717  0.0000E+00  0.6400E+02
   2.737  0.0000E+00  0.6400E+02
   2.757  0.0000E+00  0.6400E+02
   2.777  0.0000E+00  0.6400E+02
   2.797  0.0000E+00  0.6400E+02
   2.817  0.0000E+00  0.6400E+02
   2.837  0.0000E+00  0.6400E+02
   2.857  0.0000E+00  0.6400E+02
   2.877  0.0000E+00  0.6400E+02
   2.897  0.0000E+00  0.6400E+02
   2.917  0.0000E+00  0.6400E+02
   2.937  0.0000E+00  0.6400E+02
   2.957  0.0000E+00  0.6400E+02
   2.977  0.0000E+00  0.6400E+02
   2.997  0.0000E+00  0.6400E+02
   3.017  0.0000E+00  0.6400E+02
   3.037  0.0000E+00  0.6400E+02
   3.057  0.0000E+00  0.6400E+02
   3.077  0.0000E+00  0.6400E+02
   3.097  0.0000E+00  0.6400E+02
   3.117  0.0000E+00  0.6400E+02
   3.137  0.0000E+00  0.6400E+02
   3.157  0.0000E+00  0.6400E+02
   3.177  0.0000E+00  0.6400E+02
   3.197  0.0000E+00  0.6400E+02
   3.217  0.0000E+00  0.6400E+02
   3.237  0.0000E+00  0.6400E+02
   3.257  0.0000E+00  0.6400E+02
   3.277  0.0000E+00  0.6400E+02
   3.297  0.0000E+00  0.6400E+02
   3.317  0.0000E+00  0.6400E+02
   3.337  0.0000E+00  0.6400E+02
   3.357  0.0000E+00  0.6400E+02
   3.377  0.0000E+00  0.6400E+02
   3.397  0.0000E+00  0.6400E+02
   3.417  0.0000E+00  0.6400E+02
   3.437  0.0000E+00  0.6400E+02
   3.457  0.0000E+00  0.6400E+02
   3.477  0.0000E+00  0.6400E+02
   3.497  0.0000E+00  0.6400E+02
   3.517  0.0000E+00  0.6400E+02
   3.537  0.0000E+00  0.6400E+02
   3.557  0.0000E+00  0.6400E+02
   3.577  0.0000E+00  0.6400E+02
   3.597  0.0000E+00  0.6400E+02
   3.617  0.0000E+00  0.6400E+02
   3.637  0.0000E+00  0.6400E+02
   3.657  0.0000E+00  0.6400E+02
   3.677  0.0000E+00  0.6400E+02
   3.697  0.0000E+00  0.6400E+02
   3.717  0.0000E+00  0.6400E+02
   3.737  0.0000E+00  0.6400E+02
   3.757  0.0000E+00  0.6400E+02
   3.777  0.0000E+00  0.6400E+02
   3.797  0.0000E+00  0.6400E+02
   3.817  0.0000E+00  0.6400E+02
   3.837  0.0000E+00  0.6400E+02
   3.857  0.0000E+00  0.6400E+02
   3.877  0.0000E+00  0.6400E+02
   3.897  0.0000E+00  0.6400E+02
   3.917  0.0000E+00  0.6400E+02
   3.937  0.0000E+00  0.6400E+02
   3.957  0.0000E+00  0.6400E+02
   3.977  0.0000E+00  0.6400E+02
   3.997  0.0000E+00  0.6400E+02
   4.017  0.0000E+00  0.6400E+02
   4.037  0.0000E+00  0.6400E+02
   4.057  0.0000E+00  0.6400E+02
   4.077  0.0000E+00  0.6400E+02
   4.097  0.0000E+00  0.6400E+02
   4.117  0.0000E+00  0.6400E+02
   4.137  0.0000E+00  0.6400E+02
   4.157  0.0000E+00  0.6400E+02
   4.177  0.0000E+00  0.6400E+02
   4.197  0.0000E+00  0.6400E+02
   4.217  0.0000E+00  0.6400E+02
   4.237  0.0000E+00  0.6400E+02
   4.257  0.0000E+00  0.6400E+02
   4.277  0.0000E+00  0.6400E+02
   4.297  0.0000E+00  0.6400E+02
   4.317  0.0000E+00  0.6400E+02
   4.337  0.0000E+00  0.6400E+02
   4.357  0.0000E+00  0.6400E+02
   4.377  0.0000E+00  0.6400E+02
   4.397  0.0000E+00  0.6400E+02
   4.417  0.0000E+00  0.6400E+02
   4.437  0.0000E+00  0.6400E+02
   4.457  0.0000E+00  0.6400E+02
   4.477  0.0000E+00  0.6400E+02
   4.497  0.0000E+00  0.6400E+02
   4.517  0.0000E+00  0.6400E+02
   4.537  0.0000E+00  0.6400E+02
   4.557  0.0000E+00  0.6400E+02
   4.577  0.0000E+00  0.6400E+02
   4.597  0.0000E+00  0.6400E+02
   4.617  0.0000E+00  0.6400E+02
   4.637  0.0000E+00  0.6400E+02
   4.657  0.0000E+00  0.6400E+02
   4.677  0.0000E+00  0.6400E+02
   4.697  0.0000E+00  0.6400E+02
   4.717  0.1342E+00  0.6400E+02
   4.737  0.1621E+00  0.6401E+02
   4.757  0.1919E+00  0.6401E+02
   4.777  0.2235E+00  0.6402E+02
   4.797  0.2570E+00  0.6402E+02
   4.817  0.2924E+00  0.6403E+02
   4.837  0.3296E+00  0.6403E+02
   4.857  0.3686E+00  0.6404E+02
   4.877  0.4096E+00  0.6405E+02
   4.897  0.4524E+00  0.6406E+02
   4.917  0.4371E+00  0.6406E+02
   4.937  0.4624E+00  0.6407E+02
   4.957  0.4876E+00  0.6408E+02
   4.977  0.5127E+00  0.6409E+02
   4.997  0.5377E+00  0.6410E+02
   5.017  0.5625E+00  0.6411E+02
   5.037  0.5872E+00  0.6413E+02
   5.057  0.6117E+00  0.6414E+02
   5.077  0.6361E+00  0.6415E+02
   5.097  0.6630E+00  0.6416E+02
   5.117  0.6922E+00  0.6418E+02
   5.137  0.7221E+00  0.6419E+02
   5.157  0.7529E+00  0.6421E+02
   5.177  0.7844E+00  0.6422E+02
   5.197  0.8084E+00  0.6424E+02
   5.217  0.8373E+00  0.6425E+02
   5.237  0.8666E+00  0.6427E+02
   5.257  0.8962E+00  0.6429E+02
   5.277  0.9262E+00  0.6431E+02
   5.297  0.9563E+00  0.6432E+02
   5.317  0.9866E+00  0.6434E+02
   5.337  0.1017E+01  0.6436E+02
   5.357  0.1047E+01  0.6439E+02
   5.377  0.1810E+01  0.6442E+02
   5.397  0.2154E+01  0.6446E+02
   5.417  0.2536E+01  0.6451E+02
   5.437  0.2478E+01  0.6456E+02
   5.457  0.2710E+01  0.6461E+02
   5.477  0.2958E+01  0.6467E+02
   5.497  0.3222E+01  0.6473E+02
   5.517  0.3502E+01  0.6480E+02
   5.537  0.4125E+01  0.6489E+02
   5.557  0.4274E+01  0.6497E+02
   5.577  0.4345E+01  0.6506E+02
   5.597  0.4362E+01  0.6514E+02
   5.617  0.4537E+01  0.6523E+02
   5.637  0.4713E+01  0.6532E+02
   5.657  0.4890E+01  0.6542E+02
   5.677  0.5072E+01  0.6552E+02
   5.697  0.5167E+01  0.6562E+02
   5.717  0.5194E+01  0.6573E+02
   5.737  0.5495E+01  0.6585E+02
   5.757  0.5602E+01  0.6596E+02
   5.777  0.5700E+01  0.6607E+02
   5.797  0.5789E+01  0.6619E+02
   5.817  0.5869E+01  0.6630E+02
   5.837  0.5939E+01  0.6642E+02
   5.857  0.7635E+01  0.6659E+02
   5.877  0.7585E+01  0.6674E+02
   5.897  0.7756E+01  0.6690E+02
   5.917  0.7991E+01  0.6705E+02
   5.937  0.8259E+01  0.6723E+02
   5.957  0.8373E+01  0.6739E+02
   5.977  0.8503E+01  0.6756E+02
   5.997  0.8603E+01  0.6773E+02
   6.017  0.8443E+01  0.6790E+02
   6.037  0.8201E+01  0.6807E+02
   6.057  0.8120E+01  0.6823E+02
   6.077  0.7913E+01  0.6839E+02
   6.097  0.7843E+01  0.6855E+02
   6.117  0.7807E+01  0.6871E+02
   6.137  0.7629E+01  0.6886E+02
   6.157  0.7521E+01  0.6901E+02
   6.177  0.8290E+01  0.6917E+02
   6.197  0.8740E+01  0.6934E+02
   6.217  0.9260E+01  0.6952E+02
   6.237  0.9952E+01  0.6973E+02
   6.257  0.1060E+02  0.6993E+02
   6.277  0.1369E+02  0.7018E+02
   6.297  0.1495E+02  0.7047E+02
   6.317  0.1491E+02  0.7077E+02
   6.337  0.1581E+02  0.7108E+02
   6.357  0.1679E+02  0.7141E+02
   6.377  0.1837E+02  0.7176E+02
   6.397  0.1716E+02  0.7213E+02
   6.417  0.1642E+02  0.7246E+02
   6.437  0.1649E+02  0.7287E+02
   6.457  0.1466E+02  0.7317E+02
   6.477  0.1472E+02  0.7347E+02
   6.497  0.1401E+02  0.7376E+02
   6.517  0.1718E+02  0.7407E+02
   6.537  0.1369E+02  0.7439E+02
   6.557  0.1214E+02  0.7466E+02
   6.577  0.1001E+02  0.7489E+02
   6.597  0.5006E+01  0.7509E+02
   6.617  0.4464E+01  0.7518E+02
   6.637  0.3922E+01  0.7526E+02
   6.657  0.3547E+01  0.7534E+02
   6.677  0.3204E+01  0.7541E+02
   6.697  0.2852E+01  0.7547E+02
   6.717  0.2595E+01  0.7552E+02
   6.737  0.2368E+01  0.7557E+02
   6.757  0.2149E+01  0.7562E+02
   6.777  0.2003E+01  0.7566E+02
   6.797  0.1851E+01  0.7570E+02
   6.817  0.1710E+01  0.7573E+02
   6.837  0.1580E+01  0.7576E+02
   6.857  0.1454E+01  0.7580E+02
   6.877  0.1330E+01  0.7582E+02
   6.897  0.1210E+01  0.7585E+02
   6.917  0.1169E+01  0.7587E+02
   6.937  0.1037E+01  0.7589E+02
   6.957  0.9233E+00  0.7591E+02
   6.977  0.9391E+00  0.7593E+02
   6.997  0.7951E+00  0.7595E+02
   7.017  0.6616E+00  0.7597E+02
   7.037  0.5389E+00  0.7598E+02
   7.057  0.2725E+00  0.7599E+02
   7.077  0.2094E+00  0.7600E+02
