#  E (eV)   dos(E)     Int dos(E) EFermi =    3.616 eV
 -17.907  0.7520E+04  0.9259E-02
 -17.807  0.0000E+00  0.4800E+02
 -17.707  0.0000E+00  0.4800E+02
 -17.607  0.0000E+00  0.4800E+02
 -17.507  0.0000E+00  0.4800E+02
 -17.407  0.0000E+00  0.4800E+02
 -17.307  0.0000E+00  0.4800E+02
 -17.207  0.0000E+00  0.4800E+02
 -17.107  0.0000E+00  0.4800E+02
 -17.007  0.0000E+00  0.4800E+02
 -16.907  0.0000E+00  0.4800E+02
 -16.807  0.0000E+00  0.4800E+02
 -16.707  0.0000E+00  0.4800E+02
 -16.607  0.0000E+00  0.4800E+02
 -16.507  0.0000E+00  0.4800E+02
 -16.407  0.0000E+00  0.4800E+02
 -16.307  0.0000E+00  0.4800E+02
 -16.207  0.0000E+00  0.4800E+02
 -16.107  0.0000E+00  0.4800E+02
 -16.007  0.0000E+00  0.4800E+02
 -15.907  0.0000E+00  0.4800E+02
 -15.807  0.0000E+00  0.4800E+02
 -15.707  0.0000E+00  0.4800E+02
 -15.607  0.0000E+00  0.4800E+02
 -15.507  0.0000E+00  0.4800E+02
 -15.407  0.0000E+00  0.4800E+02
 -15.307  0.0000E+00  0.4800E+02
 -15.207  0.0000E+00  0.4800E+02
 -15.107  0.0000E+00  0.4800E+02
 -15.007  0.0000E+00  0.4800E+02
 -14.907  0.0000E+00  0.4800E+02
 -14.807  0.0000E+00  0.4800E+02
 -14.707  0.0000E+00  0.4800E+02
 -14.607  0.0000E+00  0.4800E+02
 -14.507  0.0000E+00  0.4800E+02
 -14.407  0.0000E+00  0.4800E+02
 -14.307  0.0000E+00  0.4800E+02
 -14.207  0.0000E+00  0.4800E+02
 -14.107  0.0000E+00  0.4800E+02
 -14.007  0.0000E+00  0.4800E+02
 -13.907  0.0000E+00  0.4800E+02
 -13.807  0.0000E+00  0.4800E+02
 -13.707  0.0000E+00  0.4800E+02
 -13.607  0.0000E+00  0.4800E+02
 -13.507  0.0000E+00  0.4800E+02
 -13.407  0.0000E+00  0.4800E+02
 -13.307  0.0000E+00  0.4800E+02
 -13.207  0.0000E+00  0.4800E+02
 -13.107  0.0000E+00  0.4800E+02
 -13.007  0.0000E+00  0.4800E+02
 -12.907  0.0000E+00  0.4800E+02
 -12.807  0.0000E+00  0.4800E+02
 -12.707  0.0000E+00  0.4800E+02
 -12.607  0.0000E+00  0.4800E+02
 -12.507  0.0000E+00  0.4800E+02
 -12.407  0.0000E+00  0.4800E+02
 -12.307  0.0000E+00  0.4800E+02
 -12.207  0.0000E+00  0.4800E+02
 -12.107  0.0000E+00  0.4800E+02
 -12.007  0.0000E+00  0.4800E+02
 -11.907  0.0000E+00  0.4800E+02
 -11.807  0.0000E+00  0.4800E+02
 -11.707  0.0000E+00  0.4800E+02
 -11.607  0.0000E+00  0.4800E+02
 -11.507  0.0000E+00  0.4800E+02
 -11.407  0.0000E+00  0.4800E+02
 -11.307  0.0000E+00  0.4800E+02
 -11.207  0.0000E+00  0.4800E+02
 -11.107  0.0000E+00  0.4800E+02
 -11.007  0.0000E+00  0.4800E+02
 -10.907  0.0000E+00  0.4800E+02
 -10.807  0.0000E+00  0.4800E+02
 -10.707  0.0000E+00  0.4800E+02
 -10.607  0.0000E+00  0.4800E+02
 -10.507  0.0000E+00  0.4800E+02
 -10.407  0.0000E+00  0.4800E+02
 -10.307  0.0000E+00  0.4800E+02
 -10.207  0.0000E+00  0.4800E+02
 -10.107  0.0000E+00  0.4800E+02
 -10.007  0.0000E+00  0.4800E+02
  -9.907  0.0000E+00  0.4800E+02
  -9.807  0.0000E+00  0.4800E+02
  -9.707  0.0000E+00  0.4800E+02
  -9.607  0.0000E+00  0.4800E+02
  -9.507  0.0000E+00  0.4800E+02
  -9.407  0.0000E+00  0.4800E+02
  -9.307  0.0000E+00  0.4800E+02
  -9.207  0.0000E+00  0.4800E+02
  -9.107  0.0000E+00  0.4800E+02
  -9.007  0.0000E+00  0.4800E+02
  -8.907  0.3417E+02  0.4880E+02
  -8.807  0.9732E+01  0.5014E+02
  -8.707  0.3148E+02  0.5218E+02
  -8.607  0.2538E+02  0.5667E+02
  -8.507  0.4952E+02  0.5991E+02
  -8.407  0.1939E+03  0.6816E+02
  -8.307  0.0000E+00  0.7200E+02
  -8.207  0.0000E+00  0.7200E+02
  -8.107  0.0000E+00  0.7200E+02
  -8.007  0.0000E+00  0.7200E+02
  -7.907  0.0000E+00  0.7200E+02
  -7.807  0.0000E+00  0.7200E+02
  -7.707  0.0000E+00  0.7200E+02
  -7.607  0.0000E+00  0.7200E+02
  -7.507  0.0000E+00  0.7200E+02
  -7.407  0.0000E+00  0.7200E+02
  -7.307  0.0000E+00  0.7200E+02
  -7.207  0.0000E+00  0.7200E+02
  -7.107  0.0000E+00  0.7200E+02
  -7.007  0.0000E+00  0.7200E+02
  -6.907  0.0000E+00  0.7200E+02
  -6.807  0.0000E+00  0.7200E+02
  -6.707  0.0000E+00  0.7200E+02
  -6.607  0.0000E+00  0.7200E+02
  -6.507  0.0000E+00  0.7200E+02
  -6.407  0.0000E+00  0.7200E+02
  -6.307  0.0000E+00  0.7200E+02
  -6.207  0.0000E+00  0.7200E+02
  -6.107  0.0000E+00  0.7200E+02
  -6.007  0.0000E+00  0.7200E+02
  -5.907  0.0000E+00  0.7200E+02
  -5.807  0.0000E+00  0.7200E+02
  -5.707  0.0000E+00  0.7200E+02
  -5.607  0.0000E+00  0.7200E+02
  -5.507  0.0000E+00  0.7200E+02
  -5.407  0.0000E+00  0.7200E+02
  -5.307  0.0000E+00  0.7200E+02
  -5.207  0.0000E+00  0.7200E+02
  -5.107  0.0000E+00  0.7200E+02
  -5.007  0.0000E+00  0.7200E+02
  -4.907  0.0000E+00  0.7200E+02
  -4.807  0.3522E+02  0.7345E+02
  -4.707  0.5741E+02  0.7769E+02
  -4.607  0.0000E+00  0.9600E+02
  -4.507  0.0000E+00  0.9600E+02
  -4.407  0.0000E+00  0.9600E+02
  -4.307  0.0000E+00  0.9600E+02
  -4.207  0.0000E+00  0.9600E+02
  -4.107  0.0000E+00  0.9600E+02
  -4.007  0.0000E+00  0.9600E+02
  -3.907  0.0000E+00  0.9600E+02
  -3.807  0.0000E+00  0.9600E+02
  -3.707  0.0000E+00  0.9600E+02
  -3.607  0.0000E+00  0.9600E+02
  -3.507  0.0000E+00  0.9600E+02
  -3.407  0.0000E+00  0.9600E+02
  -3.307  0.9861E+01  0.9693E+02
  -3.207  0.1691E+02  0.9920E+02
  -3.107  0.1779E+02  0.1009E+03
  -3.007  0.8548E+01  0.1028E+03
  -2.907  0.0000E+00  0.1040E+03
  -2.807  0.0000E+00  0.1040E+03
  -2.707  0.0000E+00  0.1040E+03
  -2.607  0.0000E+00  0.1040E+03
  -2.507  0.0000E+00  0.1040E+03
  -2.407  0.0000E+00  0.1040E+03
  -2.307  0.0000E+00  0.1040E+03
  -2.207  0.0000E+00  0.1040E+03
  -2.107  0.0000E+00  0.1040E+03
  -2.007  0.0000E+00  0.1040E+03
  -1.907  0.0000E+00  0.1040E+03
  -1.807  0.0000E+00  0.1040E+03
  -1.707  0.0000E+00  0.1040E+03
  -1.607  0.0000E+00  0.1040E+03
  -1.507  0.0000E+00  0.1040E+03
  -1.407  0.0000E+00  0.1040E+03
  -1.307  0.0000E+00  0.1040E+03
  -1.207  0.0000E+00  0.1040E+03
  -1.107  0.0000E+00  0.1040E+03
  -1.007  0.0000E+00  0.1040E+03
  -0.907  0.0000E+00  0.1040E+03
  -0.807  0.0000E+00  0.1040E+03
  -0.707  0.0000E+00  0.1040E+03
  -0.607  0.0000E+00  0.1040E+03
  -0.507  0.0000E+00  0.1040E+03
  -0.407  0.0000E+00  0.1040E+03
  -0.307  0.0000E+00  0.1040E+03
  -0.207  0.0000E+00  0.1040E+03
  -0.107  0.0000E+00  0.1040E+03
  -0.007  0.8174E+01  0.1044E+03
   0.093  0.2359E+02  0.1063E+03
   0.193  0.1655E+02  0.1092E+03
   0.293  0.4906E+01  0.1100E+03
   0.393  0.2656E+02  0.1119E+03
   0.493  0.1457E+02  0.1141E+03
   0.593  0.3813E+02  0.1161E+03
   0.693  0.1731E+02  0.1186E+03
   0.793  0.1231E+02  0.1207E+03
   0.893  0.3331E+02  0.1234E+03
   0.993  0.1074E+02  0.1255E+03
   1.093  0.1169E+02  0.1271E+03
   1.193  0.1796E+02  0.1282E+03
   1.293  0.1519E+02  0.1300E+03
   1.393  0.3448E+02  0.1326E+03
   1.493  0.1719E+02  0.1358E+03
   1.593  0.3925E+02  0.1393E+03
   1.693  0.5497E+02  0.1450E+03
   1.793  0.6089E+02  0.1500E+03
   1.893  0.4234E+02  0.1553E+03
   1.993  0.4856E+02  0.1598E+03
   2.093  0.3445E+02  0.1644E+03
   2.193  0.2249E+02  0.1674E+03
   2.293  0.0000E+00  0.1680E+03
   2.393  0.7243E+01  0.1684E+03
   2.493  0.1072E+02  0.1694E+03
   2.593  0.1231E+02  0.1707E+03
   2.693  0.9407E+01  0.1719E+03
   2.793  0.2301E+02  0.1738E+03
   2.893  0.6036E+01  0.1760E+03
   2.993  0.0000E+00  0.1760E+03
   3.093  0.0000E+00  0.1760E+03
   3.193  0.0000E+00  0.1760E+03
   3.293  0.0000E+00  0.1760E+03
   3.393  0.0000E+00  0.1760E+03
   3.493  0.0000E+00  0.1760E+03
   3.593  0.0000E+00  0.1760E+03
   3.693  0.0000E+00  0.1760E+03
   3.793  0.0000E+00  0.1760E+03
   3.893  0.0000E+00  0.1760E+03
   3.993  0.0000E+00  0.1760E+03
   4.093  0.0000E+00  0.1760E+03
   4.193  0.0000E+00  0.1760E+03
   4.293  0.0000E+00  0.1760E+03
   4.393  0.0000E+00  0.1760E+03
   4.493  0.0000E+00  0.1760E+03
   4.593  0.0000E+00  0.1760E+03
   4.693  0.0000E+00  0.1760E+03
   4.793  0.0000E+00  0.1760E+03
   4.893  0.0000E+00  0.1760E+03
   4.993  0.0000E+00  0.1760E+03
   5.093  0.0000E+00  0.1760E+03
   5.193  0.5274E+01  0.1765E+03
   5.293  0.7351E+01  0.1771E+03
   5.393  0.4541E+01  0.1780E+03
   5.493  0.4540E+01  0.1784E+03
   5.593  0.4538E+01  0.1789E+03
   5.693  0.4589E+01  0.1793E+03
   5.793  0.8372E+01  0.1800E+03
   5.893  0.2841E+02  0.1818E+03
   5.993  0.3200E+02  0.1848E+03
   6.093  0.1947E+02  0.1881E+03
   6.193  0.2456E+02  0.1896E+03
   6.293  0.2372E+02  0.1926E+03
   6.393  0.3715E+02  0.1950E+03
   6.493  0.1452E+02  0.1973E+03
   6.593  0.1743E+02  0.1990E+03
   6.693  0.0000E+00  0.2000E+03
   6.793  0.0000E+00  0.2000E+03
   6.893  0.0000E+00  0.2000E+03
   6.993  0.3129E+01  0.2003E+03
   7.093  0.2639E+01  0.2006E+03
   7.193  0.2538E+01  0.2009E+03
   7.293  0.2183E+01  0.2012E+03
   7.393  0.3456E+01  0.2014E+03
   7.493  0.4862E+01  0.2019E+03
   7.593  0.7215E+01  0.2026E+03
   7.693  0.8458E+01  0.2034E+03
   7.793  0.1020E+02  0.2043E+03
   7.893  0.1371E+02  0.2057E+03
   7.993  0.1856E+02  0.2078E+03
   8.093  0.7551E+01  0.2095E+03
   8.193  0.1221E+02  0.2104E+03
   8.293  0.6640E+01  0.2118E+03
   8.393  0.6859E+00  0.2120E+03
