#  E (eV)   dos(E)     Int dos(E) EFermi =    3.958 eV
 -19.012  0.3667E+02  0.3906E-02
 -18.992  0.0000E+00  0.8000E+01
 -18.972  0.0000E+00  0.8000E+01
 -18.952  0.0000E+00  0.8000E+01
 -18.932  0.0000E+00  0.8000E+01
 -18.912  0.0000E+00  0.8000E+01
 -18.892  0.0000E+00  0.8000E+01
 -18.872  0.0000E+00  0.8000E+01
 -18.852  0.0000E+00  0.8000E+01
 -18.832  0.0000E+00  0.8000E+01
 -18.812  0.0000E+00  0.8000E+01
 -18.792  0.0000E+00  0.8000E+01
 -18.772  0.0000E+00  0.8000E+01
 -18.752  0.0000E+00  0.8000E+01
 -18.732  0.0000E+00  0.8000E+01
 -18.712  0.0000E+00  0.8000E+01
 -18.692  0.0000E+00  0.8000E+01
 -18.672  0.0000E+00  0.8000E+01
 -18.652  0.0000E+00  0.8000E+01
 -18.632  0.0000E+00  0.8000E+01
 -18.612  0.0000E+00  0.8000E+01
 -18.592  0.0000E+00  0.8000E+01
 -18.572  0.0000E+00  0.8000E+01
 -18.552  0.0000E+00  0.8000E+01
 -18.532  0.0000E+00  0.8000E+01
 -18.512  0.0000E+00  0.8000E+01
 -18.492  0.0000E+00  0.8000E+01
 -18.472  0.0000E+00  0.8000E+01
 -18.452  0.0000E+00  0.8000E+01
 -18.432  0.0000E+00  0.8000E+01
 -18.412  0.0000E+00  0.8000E+01
 -18.392  0.0000E+00  0.8000E+01
 -18.372  0.0000E+00  0.8000E+01
 -18.352  0.0000E+00  0.8000E+01
 -18.332  0.0000E+00  0.8000E+01
 -18.312  0.0000E+00  0.8000E+01
 -18.292  0.0000E+00  0.8000E+01
 -18.272  0.0000E+00  0.8000E+01
 -18.252  0.0000E+00  0.8000E+01
 -18.232  0.0000E+00  0.8000E+01
 -18.212  0.0000E+00  0.8000E+01
 -18.192  0.0000E+00  0.8000E+01
 -18.172  0.0000E+00  0.8000E+01
 -18.152  0.0000E+00  0.8000E+01
 -18.132  0.0000E+00  0.8000E+01
 -18.112  0.0000E+00  0.8000E+01
 -18.092  0.0000E+00  0.8000E+01
 -18.072  0.0000E+00  0.8000E+01
 -18.052  0.0000E+00  0.8000E+01
 -18.032  0.0000E+00  0.8000E+01
 -18.012  0.0000E+00  0.8000E+01
 -17.992  0.0000E+00  0.8000E+01
 -17.972  0.0000E+00  0.8000E+01
 -17.952  0.0000E+00  0.8000E+01
 -17.932  0.0000E+00  0.8000E+01
 -17.912  0.0000E+00  0.8000E+01
 -17.892  0.0000E+00  0.8000E+01
 -17.872  0.0000E+00  0.8000E+01
 -17.852  0.0000E+00  0.8000E+01
 -17.832  0.0000E+00  0.8000E+01
 -17.812  0.0000E+00  0.8000E+01
 -17.792  0.0000E+00  0.8000E+01
 -17.772  0.0000E+00  0.8000E+01
 -17.752  0.0000E+00  0.8000E+01
 -17.732  0.0000E+00  0.8000E+01
 -17.712  0.0000E+00  0.8000E+01
 -17.692  0.0000E+00  0.8000E+01
 -17.672  0.0000E+00  0.8000E+01
 -17.652  0.0000E+00  0.8000E+01
 -17.632  0.0000E+00  0.8000E+01
 -17.612  0.0000E+00  0.8000E+01
 -17.592  0.0000E+00  0.8000E+01
 -17.572  0.0000E+00  0.8000E+01
 -17.552  0.0000E+00  0.8000E+01
 -17.532  0.0000E+00  0.8000E+01
 -17.512  0.0000E+00  0.8000E+01
 -17.492  0.0000E+00  0.8000E+01
 -17.472  0.0000E+00  0.8000E+01
 -17.452  0.0000E+00  0.8000E+01
 -17.432  0.0000E+00  0.8000E+01
 -17.412  0.0000E+00  0.8000E+01
 -17.392  0.0000E+00  0.8000E+01
 -17.372  0.0000E+00  0.8000E+01
 -17.352  0.0000E+00  0.8000E+01
 -17.332  0.0000E+00  0.8000E+01
 -17.312  0.0000E+00  0.8000E+01
 -17.292  0.0000E+00  0.8000E+01
 -17.272  0.0000E+00  0.8000E+01
 -17.252  0.0000E+00  0.8000E+01
 -17.232  0.0000E+00  0.8000E+01
 -17.212  0.0000E+00  0.8000E+01
 -17.192  0.0000E+00  0.8000E+01
 -17.172  0.0000E+00  0.8000E+01
 -17.152  0.0000E+00  0.8000E+01
 -17.132  0.0000E+00  0.8000E+01
 -17.112  0.0000E+00  0.8000E+01
 -17.092  0.0000E+00  0.8000E+01
 -17.072  0.0000E+00  0.8000E+01
 -17.052  0.0000E+00  0.8000E+01
 -17.032  0.0000E+00  0.8000E+01
 -17.012  0.0000E+00  0.8000E+01
 -16.992  0.0000E+00  0.8000E+01
 -16.972  0.0000E+00  0.8000E+01
 -16.952  0.0000E+00  0.8000E+01
 -16.932  0.0000E+00  0.8000E+01
 -16.912  0.0000E+00  0.8000E+01
 -16.892  0.0000E+00  0.8000E+01
 -16.872  0.0000E+00  0.8000E+01
 -16.852  0.0000E+00  0.8000E+01
 -16.832  0.0000E+00  0.8000E+01
 -16.812  0.0000E+00  0.8000E+01
 -16.792  0.0000E+00  0.8000E+01
 -16.772  0.0000E+00  0.8000E+01
 -16.752  0.0000E+00  0.8000E+01
 -16.732  0.0000E+00  0.8000E+01
 -16.712  0.0000E+00  0.8000E+01
 -16.692  0.0000E+00  0.8000E+01
 -16.672  0.0000E+00  0.8000E+01
 -16.652  0.0000E+00  0.8000E+01
 -16.632  0.0000E+00  0.8000E+01
 -16.612  0.0000E+00  0.8000E+01
 -16.592  0.0000E+00  0.8000E+01
 -16.572  0.0000E+00  0.8000E+01
 -16.552  0.0000E+00  0.8000E+01
 -16.532  0.0000E+00  0.8000E+01
 -16.512  0.0000E+00  0.8000E+01
 -16.492  0.0000E+00  0.8000E+01
 -16.472  0.0000E+00  0.8000E+01
 -16.452  0.0000E+00  0.8000E+01
 -16.432  0.0000E+00  0.8000E+01
 -16.412  0.0000E+00  0.8000E+01
 -16.392  0.0000E+00  0.8000E+01
 -16.372  0.0000E+00  0.8000E+01
 -16.352  0.0000E+00  0.8000E+01
 -16.332  0.0000E+00  0.8000E+01
 -16.312  0.0000E+00  0.8000E+01
 -16.292  0.0000E+00  0.8000E+01
 -16.272  0.0000E+00  0.8000E+01
 -16.252  0.0000E+00  0.8000E+01
 -16.232  0.0000E+00  0.8000E+01
 -16.212  0.0000E+00  0.8000E+01
 -16.192  0.0000E+00  0.8000E+01
 -16.172  0.0000E+00  0.8000E+01
 -16.152  0.0000E+00  0.8000E+01
 -16.132  0.0000E+00  0.8000E+01
 -16.112  0.0000E+00  0.8000E+01
 -16.092  0.0000E+00  0.8000E+01
 -16.072  0.0000E+00  0.8000E+01
 -16.052  0.0000E+00  0.8000E+01
 -16.032  0.0000E+00  0.8000E+01
 -16.012  0.0000E+00  0.8000E+01
 -15.992  0.0000E+00  0.8000E+01
 -15.972  0.0000E+00  0.8000E+01
 -15.952  0.0000E+00  0.8000E+01
 -15.932  0.0000E+00  0.8000E+01
 -15.912  0.0000E+00  0.8000E+01
 -15.892  0.0000E+00  0.8000E+01
 -15.872  0.0000E+00  0.8000E+01
 -15.852  0.0000E+00  0.8000E+01
 -15.832  0.0000E+00  0.8000E+01
 -15.812  0.0000E+00  0.8000E+01
 -15.792  0.0000E+00  0.8000E+01
 -15.772  0.0000E+00  0.8000E+01
 -15.752  0.0000E+00  0.8000E+01
 -15.732  0.0000E+00  0.8000E+01
 -15.712  0.0000E+00  0.8000E+01
 -15.692  0.0000E+00  0.8000E+01
 -15.672  0.0000E+00  0.8000E+01
 -15.652  0.0000E+00  0.8000E+01
 -15.632  0.0000E+00  0.8000E+01
 -15.612  0.0000E+00  0.8000E+01
 -15.592  0.0000E+00  0.8000E+01
 -15.572  0.0000E+00  0.8000E+01
 -15.552  0.0000E+00  0.8000E+01
 -15.532  0.0000E+00  0.8000E+01
 -15.512  0.0000E+00  0.8000E+01
 -15.492  0.0000E+00  0.8000E+01
 -15.472  0.0000E+00  0.8000E+01
 -15.452  0.0000E+00  0.8000E+01
 -15.432  0.0000E+00  0.8000E+01
 -15.412  0.0000E+00  0.8000E+01
 -15.392  0.0000E+00  0.8000E+01
 -15.372  0.0000E+00  0.8000E+01
 -15.352  0.0000E+00  0.8000E+01
 -15.332  0.0000E+00  0.8000E+01
 -15.312  0.0000E+00  0.8000E+01
 -15.292  0.0000E+00  0.8000E+01
 -15.272  0.0000E+00  0.8000E+01
 -15.252  0.0000E+00  0.8000E+01
 -15.232  0.0000E+00  0.8000E+01
 -15.212  0.0000E+00  0.8000E+01
 -15.192  0.0000E+00  0.8000E+01
 -15.172  0.0000E+00  0.8000E+01
 -15.152  0.0000E+00  0.8000E+01
 -15.132  0.0000E+00  0.8000E+01
 -15.112  0.0000E+00  0.8000E+01
 -15.092  0.0000E+00  0.8000E+01
 -15.072  0.0000E+00  0.8000E+01
 -15.052  0.0000E+00  0.8000E+01
 -15.032  0.0000E+00  0.8000E+01
 -15.012  0.0000E+00  0.8000E+01
 -14.992  0.0000E+00  0.8000E+01
 -14.972  0.0000E+00  0.8000E+01
 -14.952  0.0000E+00  0.8000E+01
 -14.932  0.0000E+00  0.8000E+01
 -14.912  0.0000E+00  0.8000E+01
 -14.892  0.0000E+00  0.8000E+01
 -14.872  0.0000E+00  0.8000E+01
 -14.852  0.0000E+00  0.8000E+01
 -14.832  0.0000E+00  0.8000E+01
 -14.812  0.0000E+00  0.8000E+01
 -14.792  0.0000E+00  0.8000E+01
 -14.772  0.0000E+00  0.8000E+01
 -14.752  0.0000E+00  0.8000E+01
 -14.732  0.0000E+00  0.8000E+01
 -14.712  0.0000E+00  0.8000E+01
 -14.692  0.0000E+00  0.8000E+01
 -14.672  0.0000E+00  0.8000E+01
 -14.652  0.0000E+00  0.8000E+01
 -14.632  0.0000E+00  0.8000E+01
 -14.612  0.0000E+00  0.8000E+01
 -14.592  0.0000E+00  0.8000E+01
 -14.572  0.0000E+00  0.8000E+01
 -14.552  0.0000E+00  0.8000E+01
 -14.532  0.0000E+00  0.8000E+01
 -14.512  0.0000E+00  0.8000E+01
 -14.492  0.0000E+00  0.8000E+01
 -14.472  0.0000E+00  0.8000E+01
 -14.452  0.0000E+00  0.8000E+01
 -14.432  0.0000E+00  0.8000E+01
 -14.412  0.0000E+00  0.8000E+01
 -14.392  0.0000E+00  0.8000E+01
 -14.372  0.0000E+00  0.8000E+01
 -14.352  0.0000E+00  0.8000E+01
 -14.332  0.0000E+00  0.8000E+01
 -14.312  0.0000E+00  0.8000E+01
 -14.292  0.0000E+00  0.8000E+01
 -14.272  0.0000E+00  0.8000E+01
 -14.252  0.0000E+00  0.8000E+01
 -14.232  0.0000E+00  0.8000E+01
 -14.212  0.0000E+00  0.8000E+01
 -14.192  0.0000E+00  0.8000E+01
 -14.172  0.0000E+00  0.8000E+01
 -14.152  0.0000E+00  0.8000E+01
 -14.132  0.0000E+00  0.8000E+01
 -14.112  0.0000E+00  0.8000E+01
 -14.092  0.0000E+00  0.8000E+01
 -14.072  0.0000E+00  0.8000E+01
 -14.052  0.0000E+00  0.8000E+01
 -14.032  0.0000E+00  0.8000E+01
 -14.012  0.0000E+00  0.8000E+01
 -13.992  0.0000E+00  0.8000E+01
 -13.972  0.0000E+00  0.8000E+01
 -13.952  0.0000E+00  0.8000E+01
 -13.932  0.0000E+00  0.8000E+01
 -13.912  0.0000E+00  0.8000E+01
 -13.892  0.0000E+00  0.8000E+01
 -13.872  0.0000E+00  0.8000E+01
 -13.852  0.0000E+00  0.8000E+01
 -13.832  0.0000E+00  0.8000E+01
 -13.812  0.0000E+00  0.8000E+01
 -13.792  0.0000E+00  0.8000E+01
 -13.772  0.0000E+00  0.8000E+01
 -13.752  0.0000E+00  0.8000E+01
 -13.732  0.0000E+00  0.8000E+01
 -13.712  0.0000E+00  0.8000E+01
 -13.692  0.0000E+00  0.8000E+01
 -13.672  0.0000E+00  0.8000E+01
 -13.652  0.0000E+00  0.8000E+01
 -13.632  0.0000E+00  0.8000E+01
 -13.612  0.0000E+00  0.8000E+01
 -13.592  0.0000E+00  0.8000E+01
 -13.572  0.0000E+00  0.8000E+01
 -13.552  0.0000E+00  0.8000E+01
 -13.532  0.0000E+00  0.8000E+01
 -13.512  0.0000E+00  0.8000E+01
 -13.492  0.0000E+00  0.8000E+01
 -13.472  0.0000E+00  0.8000E+01
 -13.452  0.0000E+00  0.8000E+01
 -13.432  0.0000E+00  0.8000E+01
 -13.412  0.0000E+00  0.8000E+01
 -13.392  0.0000E+00  0.8000E+01
 -13.372  0.0000E+00  0.8000E+01
 -13.352  0.0000E+00  0.8000E+01
 -13.332  0.0000E+00  0.8000E+01
 -13.312  0.0000E+00  0.8000E+01
 -13.292  0.0000E+00  0.8000E+01
 -13.272  0.0000E+00  0.8000E+01
 -13.252  0.0000E+00  0.8000E+01
 -13.232  0.0000E+00  0.8000E+01
 -13.212  0.0000E+00  0.8000E+01
 -13.192  0.0000E+00  0.8000E+01
 -13.172  0.0000E+00  0.8000E+01
 -13.152  0.0000E+00  0.8000E+01
 -13.132  0.0000E+00  0.8000E+01
 -13.112  0.0000E+00  0.8000E+01
 -13.092  0.0000E+00  0.8000E+01
 -13.072  0.0000E+00  0.8000E+01
 -13.052  0.0000E+00  0.8000E+01
 -13.032  0.0000E+00  0.8000E+01
 -13.012  0.0000E+00  0.8000E+01
 -12.992  0.0000E+00  0.8000E+01
 -12.972  0.0000E+00  0.8000E+01
 -12.952  0.0000E+00  0.8000E+01
 -12.932  0.0000E+00  0.8000E+01
 -12.912  0.0000E+00  0.8000E+01
 -12.892  0.0000E+00  0.8000E+01
 -12.872  0.0000E+00  0.8000E+01
 -12.852  0.0000E+00  0.8000E+01
 -12.832  0.0000E+00  0.8000E+01
 -12.812  0.0000E+00  0.8000E+01
 -12.792  0.0000E+00  0.8000E+01
 -12.772  0.0000E+00  0.8000E+01
 -12.752  0.0000E+00  0.8000E+01
 -12.732  0.0000E+00  0.8000E+01
 -12.712  0.0000E+00  0.8000E+01
 -12.692  0.0000E+00  0.8000E+01
 -12.672  0.0000E+00  0.8000E+01
 -12.652  0.0000E+00  0.8000E+01
 -12.632  0.0000E+00  0.8000E+01
 -12.612  0.0000E+00  0.8000E+01
 -12.592  0.0000E+00  0.8000E+01
 -12.572  0.0000E+00  0.8000E+01
 -12.552  0.0000E+00  0.8000E+01
 -12.532  0.0000E+00  0.8000E+01
 -12.512  0.0000E+00  0.8000E+01
 -12.492  0.0000E+00  0.8000E+01
 -12.472  0.0000E+00  0.8000E+01
 -12.452  0.0000E+00  0.8000E+01
 -12.432  0.0000E+00  0.8000E+01
 -12.412  0.0000E+00  0.8000E+01
 -12.392  0.0000E+00  0.8000E+01
 -12.372  0.0000E+00  0.8000E+01
 -12.352  0.0000E+00  0.8000E+01
 -12.332  0.0000E+00  0.8000E+01
 -12.312  0.0000E+00  0.8000E+01
 -12.292  0.0000E+00  0.8000E+01
 -12.272  0.0000E+00  0.8000E+01
 -12.252  0.0000E+00  0.8000E+01
 -12.232  0.0000E+00  0.8000E+01
 -12.212  0.0000E+00  0.8000E+01
 -12.192  0.0000E+00  0.8000E+01
 -12.172  0.0000E+00  0.8000E+01
 -12.152  0.0000E+00  0.8000E+01
 -12.132  0.0000E+00  0.8000E+01
 -12.112  0.0000E+00  0.8000E+01
 -12.092  0.0000E+00  0.8000E+01
 -12.072  0.0000E+00  0.8000E+01
 -12.052  0.0000E+00  0.8000E+01
 -12.032  0.0000E+00  0.8000E+01
 -12.012  0.0000E+00  0.8000E+01
 -11.992  0.0000E+00  0.8000E+01
 -11.972  0.0000E+00  0.8000E+01
 -11.952  0.0000E+00  0.8000E+01
 -11.932  0.0000E+00  0.8000E+01
 -11.912  0.0000E+00  0.8000E+01
 -11.892  0.0000E+00  0.8000E+01
 -11.872  0.0000E+00  0.8000E+01
 -11.852  0.0000E+00  0.8000E+01
 -11.832  0.0000E+00  0.8000E+01
 -11.812  0.0000E+00  0.8000E+01
 -11.792  0.0000E+00  0.8000E+01
 -11.772  0.0000E+00  0.8000E+01
 -11.752  0.0000E+00  0.8000E+01
 -11.732  0.0000E+00  0.8000E+01
 -11.712  0.0000E+00  0.8000E+01
 -11.692  0.0000E+00  0.8000E+01
 -11.672  0.0000E+00  0.8000E+01
 -11.652  0.0000E+00  0.8000E+01
 -11.632  0.0000E+00  0.8000E+01
 -11.612  0.0000E+00  0.8000E+01
 -11.592  0.0000E+00  0.8000E+01
 -11.572  0.0000E+00  0.8000E+01
 -11.552  0.0000E+00  0.8000E+01
 -11.532  0.0000E+00  0.8000E+01
 -11.512  0.0000E+00  0.8000E+01
 -11.492  0.0000E+00  0.8000E+01
 -11.472  0.0000E+00  0.8000E+01
 -11.452  0.0000E+00  0.8000E+01
 -11.432  0.0000E+00  0.8000E+01
 -11.412  0.0000E+00  0.8000E+01
 -11.392  0.0000E+00  0.8000E+01
 -11.372  0.0000E+00  0.8000E+01
 -11.352  0.0000E+00  0.8000E+01
 -11.332  0.0000E+00  0.8000E+01
 -11.312  0.0000E+00  0.8000E+01
 -11.292  0.0000E+00  0.8000E+01
 -11.272  0.0000E+00  0.8000E+01
 -11.252  0.0000E+00  0.8000E+01
 -11.232  0.0000E+00  0.8000E+01
 -11.212  0.0000E+00  0.8000E+01
 -11.192  0.0000E+00  0.8000E+01
 -11.172  0.0000E+00  0.8000E+01
 -11.152  0.0000E+00  0.8000E+01
 -11.132  0.0000E+00  0.8000E+01
 -11.112  0.0000E+00  0.8000E+01
 -11.092  0.0000E+00  0.8000E+01
 -11.072  0.0000E+00  0.8000E+01
 -11.052  0.0000E+00  0.8000E+01
 -11.032  0.0000E+00  0.8000E+01
 -11.012  0.0000E+00  0.8000E+01
 -10.992  0.0000E+00  0.8000E+01
 -10.972  0.0000E+00  0.8000E+01
 -10.952  0.0000E+00  0.8000E+01
 -10.932  0.0000E+00  0.8000E+01
 -10.912  0.0000E+00  0.8000E+01
 -10.892  0.0000E+00  0.8000E+01
 -10.872  0.0000E+00  0.8000E+01
 -10.852  0.0000E+00  0.8000E+01
 -10.832  0.0000E+00  0.8000E+01
 -10.812  0.0000E+00  0.8000E+01
 -10.792  0.0000E+00  0.8000E+01
 -10.772  0.0000E+00  0.8000E+01
 -10.752  0.0000E+00  0.8000E+01
 -10.732  0.0000E+00  0.8000E+01
 -10.712  0.0000E+00  0.8000E+01
 -10.692  0.0000E+00  0.8000E+01
 -10.672  0.0000E+00  0.8000E+01
 -10.652  0.0000E+00  0.8000E+01
 -10.632  0.0000E+00  0.8000E+01
 -10.612  0.0000E+00  0.8000E+01
 -10.592  0.0000E+00  0.8000E+01
 -10.572  0.0000E+00  0.8000E+01
 -10.552  0.0000E+00  0.8000E+01
 -10.532  0.0000E+00  0.8000E+01
 -10.512  0.0000E+00  0.8000E+01
 -10.492  0.0000E+00  0.8000E+01
 -10.472  0.0000E+00  0.8000E+01
 -10.452  0.0000E+00  0.8000E+01
 -10.432  0.0000E+00  0.8000E+01
 -10.412  0.0000E+00  0.8000E+01
 -10.392  0.0000E+00  0.8000E+01
 -10.372  0.0000E+00  0.8000E+01
 -10.352  0.0000E+00  0.8000E+01
 -10.332  0.0000E+00  0.8000E+01
 -10.312  0.0000E+00  0.8000E+01
 -10.292  0.0000E+00  0.8000E+01
 -10.272  0.0000E+00  0.8000E+01
 -10.252  0.0000E+00  0.8000E+01
 -10.232  0.0000E+00  0.8000E+01
 -10.212  0.0000E+00  0.8000E+01
 -10.192  0.0000E+00  0.8000E+01
 -10.172  0.0000E+00  0.8000E+01
 -10.152  0.0000E+00  0.8000E+01
 -10.132  0.0000E+00  0.8000E+01
 -10.112  0.0000E+00  0.8000E+01
 -10.092  0.0000E+00  0.8000E+01
 -10.072  0.0000E+00  0.8000E+01
 -10.052  0.0000E+00  0.8000E+01
 -10.032  0.0000E+00  0.8000E+01
 -10.012  0.0000E+00  0.8000E+01
  -9.992  0.0000E+00  0.8000E+01
  -9.972  0.0000E+00  0.8000E+01
  -9.952  0.0000E+00  0.8000E+01
  -9.932  0.0000E+00  0.8000E+01
  -9.912  0.0000E+00  0.8000E+01
  -9.892  0.0000E+00  0.8000E+01
  -9.872  0.0000E+00  0.8000E+01
  -9.852  0.0000E+00  0.8000E+01
  -9.832  0.0000E+00  0.8000E+01
  -9.812  0.0000E+00  0.8000E+01
  -9.792  0.0000E+00  0.8000E+01
  -9.772  0.0000E+00  0.8000E+01
  -9.752  0.0000E+00  0.8000E+01
  -9.732  0.0000E+00  0.8000E+01
  -9.712  0.0000E+00  0.8000E+01
  -9.692  0.0000E+00  0.8000E+01
  -9.672  0.0000E+00  0.8000E+01
  -9.652  0.0000E+00  0.8000E+01
  -9.632  0.0000E+00  0.8000E+01
  -9.612  0.0000E+00  0.8000E+01
  -9.592  0.0000E+00  0.8000E+01
  -9.572  0.0000E+00  0.8000E+01
  -9.552  0.0000E+00  0.8000E+01
  -9.532  0.0000E+00  0.8000E+01
  -9.512  0.0000E+00  0.8000E+01
  -9.492  0.0000E+00  0.8000E+01
  -9.472  0.0000E+00  0.8000E+01
  -9.452  0.0000E+00  0.8000E+01
  -9.432  0.0000E+00  0.8000E+01
  -9.412  0.0000E+00  0.8000E+01
  -9.392  0.0000E+00  0.8000E+01
  -9.372  0.0000E+00  0.8000E+01
  -9.352  0.0000E+00  0.8000E+01
  -9.332  0.0000E+00  0.8000E+01
  -9.312  0.0000E+00  0.8000E+01
  -9.292  0.0000E+00  0.8000E+01
  -9.272  0.0000E+00  0.8000E+01
  -9.252  0.0000E+00  0.8000E+01
  -9.232  0.0000E+00  0.8000E+01
  -9.212  0.2260E+03  0.9466E+01
  -9.192  0.1432E+03  0.1396E+02
  -9.172  0.3849E+02  0.1587E+02
  -9.152  0.0000E+00  0.1600E+02
  -9.132  0.0000E+00  0.1600E+02
  -9.112  0.0000E+00  0.1600E+02
  -9.092  0.0000E+00  0.1600E+02
  -9.072  0.0000E+00  0.1600E+02
  -9.052  0.0000E+00  0.1600E+02
  -9.032  0.0000E+00  0.1600E+02
  -9.012  0.0000E+00  0.1600E+02
  -8.992  0.0000E+00  0.1600E+02
  -8.972  0.0000E+00  0.1600E+02
  -8.952  0.0000E+00  0.1600E+02
  -8.932  0.0000E+00  0.1600E+02
  -8.912  0.0000E+00  0.1600E+02
  -8.892  0.0000E+00  0.1600E+02
  -8.872  0.0000E+00  0.1600E+02
  -8.852  0.0000E+00  0.1600E+02
  -8.832  0.0000E+00  0.1600E+02
  -8.812  0.0000E+00  0.1600E+02
  -8.792  0.0000E+00  0.1600E+02
  -8.772  0.0000E+00  0.1600E+02
  -8.752  0.0000E+00  0.1600E+02
  -8.732  0.0000E+00  0.1600E+02
  -8.712  0.0000E+00  0.1600E+02
  -8.692  0.0000E+00  0.1600E+02
  -8.672  0.0000E+00  0.1600E+02
  -8.652  0.0000E+00  0.1600E+02
  -8.632  0.0000E+00  0.1600E+02
  -8.612  0.0000E+00  0.1600E+02
  -8.592  0.0000E+00  0.1600E+02
  -8.572  0.0000E+00  0.1600E+02
  -8.552  0.0000E+00  0.1600E+02
  -8.532  0.0000E+00  0.1600E+02
  -8.512  0.0000E+00  0.1600E+02
  -8.492  0.0000E+00  0.1600E+02
  -8.472  0.0000E+00  0.1600E+02
  -8.452  0.0000E+00  0.1600E+02
  -8.432  0.0000E+00  0.1600E+02
  -8.412  0.0000E+00  0.1600E+02
  -8.392  0.0000E+00  0.1600E+02
  -8.372  0.0000E+00  0.1600E+02
  -8.352  0.0000E+00  0.1600E+02
  -8.332  0.0000E+00  0.1600E+02
  -8.312  0.0000E+00  0.1600E+02
  -8.292  0.0000E+00  0.1600E+02
  -8.272  0.0000E+00  0.1600E+02
  -8.252  0.0000E+00  0.1600E+02
  -8.232  0.0000E+00  0.1600E+02
  -8.212  0.0000E+00  0.1600E+02
  -8.192  0.0000E+00  0.1600E+02
  -8.172  0.0000E+00  0.1600E+02
  -8.152  0.0000E+00  0.1600E+02
  -8.132  0.0000E+00  0.1600E+02
  -8.112  0.0000E+00  0.1600E+02
  -8.092  0.0000E+00  0.1600E+02
  -8.072  0.0000E+00  0.1600E+02
  -8.052  0.0000E+00  0.1600E+02
  -8.032  0.0000E+00  0.1600E+02
  -8.012  0.0000E+00  0.1600E+02
  -7.992  0.0000E+00  0.1600E+02
  -7.972  0.0000E+00  0.1600E+02
  -7.952  0.0000E+00  0.1600E+02
  -7.932  0.0000E+00  0.1600E+02
  -7.912  0.0000E+00  0.1600E+02
  -7.892  0.0000E+00  0.1600E+02
  -7.872  0.0000E+00  0.1600E+02
  -7.852  0.0000E+00  0.1600E+02
  -7.832  0.0000E+00  0.1600E+02
  -7.812  0.0000E+00  0.1600E+02
  -7.792  0.0000E+00  0.1600E+02
  -7.772  0.0000E+00  0.1600E+02
  -7.752  0.0000E+00  0.1600E+02
  -7.732  0.0000E+00  0.1600E+02
  -7.712  0.0000E+00  0.1600E+02
  -7.692  0.0000E+00  0.1600E+02
  -7.672  0.0000E+00  0.1600E+02
  -7.652  0.0000E+00  0.1600E+02
  -7.632  0.0000E+00  0.1600E+02
  -7.612  0.0000E+00  0.1600E+02
  -7.592  0.0000E+00  0.1600E+02
  -7.572  0.0000E+00  0.1600E+02
  -7.552  0.0000E+00  0.1600E+02
  -7.532  0.0000E+00  0.1600E+02
  -7.512  0.0000E+00  0.1600E+02
  -7.492  0.0000E+00  0.1600E+02
  -7.472  0.0000E+00  0.1600E+02
  -7.452  0.0000E+00  0.1600E+02
  -7.432  0.0000E+00  0.1600E+02
  -7.412  0.0000E+00  0.1600E+02
  -7.392  0.0000E+00  0.1600E+02
  -7.372  0.0000E+00  0.1600E+02
  -7.352  0.0000E+00  0.1600E+02
  -7.332  0.0000E+00  0.1600E+02
  -7.312  0.0000E+00  0.1600E+02
  -7.292  0.0000E+00  0.1600E+02
  -7.272  0.0000E+00  0.1600E+02
  -7.252  0.0000E+00  0.1600E+02
  -7.232  0.0000E+00  0.1600E+02
  -7.212  0.0000E+00  0.1600E+02
  -7.192  0.0000E+00  0.1600E+02
  -7.172  0.0000E+00  0.1600E+02
  -7.152  0.0000E+00  0.1600E+02
  -7.132  0.0000E+00  0.1600E+02
  -7.112  0.0000E+00  0.1600E+02
  -7.092  0.0000E+00  0.1600E+02
  -7.072  0.0000E+00  0.1600E+02
  -7.052  0.0000E+00  0.1600E+02
  -7.032  0.0000E+00  0.1600E+02
  -7.012  0.0000E+00  0.1600E+02
  -6.992  0.0000E+00  0.1600E+02
  -6.972  0.0000E+00  0.1600E+02
  -6.952  0.0000E+00  0.1600E+02
  -6.932  0.0000E+00  0.1600E+02
  -6.912  0.0000E+00  0.1600E+02
  -6.892  0.0000E+00  0.1600E+02
  -6.872  0.0000E+00  0.1600E+02
  -6.852  0.0000E+00  0.1600E+02
  -6.832  0.0000E+00  0.1600E+02
  -6.812  0.0000E+00  0.1600E+02
  -6.792  0.0000E+00  0.1600E+02
  -6.772  0.0000E+00  0.1600E+02
  -6.752  0.0000E+00  0.1600E+02
  -6.732  0.0000E+00  0.1600E+02
  -6.712  0.0000E+00  0.1600E+02
  -6.692  0.0000E+00  0.1600E+02
  -6.672  0.0000E+00  0.1600E+02
  -6.652  0.0000E+00  0.1600E+02
  -6.632  0.0000E+00  0.1600E+02
  -6.612  0.0000E+00  0.1600E+02
  -6.592  0.0000E+00  0.1600E+02
  -6.572  0.0000E+00  0.1600E+02
  -6.552  0.0000E+00  0.1600E+02
  -6.532  0.0000E+00  0.1600E+02
  -6.512  0.0000E+00  0.1600E+02
  -6.492  0.0000E+00  0.1600E+02
  -6.472  0.0000E+00  0.1600E+02
  -6.452  0.0000E+00  0.1600E+02
  -6.432  0.0000E+00  0.1600E+02
  -6.412  0.0000E+00  0.1600E+02
  -6.392  0.0000E+00  0.1600E+02
  -6.372  0.0000E+00  0.1600E+02
  -6.352  0.0000E+00  0.1600E+02
  -6.332  0.0000E+00  0.1600E+02
  -6.312  0.0000E+00  0.1600E+02
  -6.292  0.0000E+00  0.1600E+02
  -6.272  0.0000E+00  0.1600E+02
  -6.252  0.0000E+00  0.1600E+02
  -6.232  0.0000E+00  0.1600E+02
  -6.212  0.0000E+00  0.1600E+02
  -6.192  0.0000E+00  0.1600E+02
  -6.172  0.0000E+00  0.1600E+02
  -6.152  0.0000E+00  0.1600E+02
  -6.132  0.0000E+00  0.1600E+02
  -6.112  0.0000E+00  0.1600E+02
  -6.092  0.0000E+00  0.1600E+02
  -6.072  0.0000E+00  0.1600E+02
  -6.052  0.0000E+00  0.1600E+02
  -6.032  0.0000E+00  0.1600E+02
  -6.012  0.0000E+00  0.1600E+02
  -5.992  0.0000E+00  0.1600E+02
  -5.972  0.0000E+00  0.1600E+02
  -5.952  0.0000E+00  0.1600E+02
  -5.932  0.2320E+02  0.1626E+02
  -5.912  0.4851E+02  0.1693E+02
  -5.892  0.7203E+02  0.1815E+02
  -5.872  0.9258E+02  0.1991E+02
  -5.852  0.2097E+03  0.2314E+02
  -5.832  0.1920E+03  0.2704E+02
  -5.812  0.3135E+03  0.3197E+02
  -5.792  0.2461E+03  0.3672E+02
  -5.772  0.9530E+01  0.3999E+02
  -5.752  0.0000E+00  0.4000E+02
  -5.732  0.0000E+00  0.4000E+02
  -5.712  0.0000E+00  0.4000E+02
  -5.692  0.0000E+00  0.4000E+02
  -5.672  0.0000E+00  0.4000E+02
  -5.652  0.0000E+00  0.4000E+02
  -5.632  0.0000E+00  0.4000E+02
  -5.612  0.0000E+00  0.4000E+02
  -5.592  0.0000E+00  0.4000E+02
  -5.572  0.0000E+00  0.4000E+02
  -5.552  0.0000E+00  0.4000E+02
  -5.532  0.0000E+00  0.4000E+02
  -5.512  0.0000E+00  0.4000E+02
  -5.492  0.0000E+00  0.4000E+02
  -5.472  0.0000E+00  0.4000E+02
  -5.452  0.0000E+00  0.4000E+02
  -5.432  0.0000E+00  0.4000E+02
  -5.412  0.0000E+00  0.4000E+02
  -5.392  0.0000E+00  0.4000E+02
  -5.372  0.0000E+00  0.4000E+02
  -5.352  0.0000E+00  0.4000E+02
  -5.332  0.0000E+00  0.4000E+02
  -5.312  0.0000E+00  0.4000E+02
  -5.292  0.0000E+00  0.4000E+02
  -5.272  0.0000E+00  0.4000E+02
  -5.252  0.0000E+00  0.4000E+02
  -5.232  0.0000E+00  0.4000E+02
  -5.212  0.0000E+00  0.4000E+02
  -5.192  0.0000E+00  0.4000E+02
  -5.172  0.0000E+00  0.4000E+02
  -5.152  0.0000E+00  0.4000E+02
  -5.132  0.0000E+00  0.4000E+02
  -5.112  0.0000E+00  0.4000E+02
  -5.092  0.0000E+00  0.4000E+02
  -5.072  0.0000E+00  0.4000E+02
  -5.052  0.0000E+00  0.4000E+02
  -5.032  0.0000E+00  0.4000E+02
  -5.012  0.0000E+00  0.4000E+02
  -4.992  0.0000E+00  0.4000E+02
  -4.972  0.0000E+00  0.4000E+02
  -4.952  0.0000E+00  0.4000E+02
  -4.932  0.0000E+00  0.4000E+02
  -4.912  0.0000E+00  0.4000E+02
  -4.892  0.0000E+00  0.4000E+02
  -4.872  0.0000E+00  0.4000E+02
  -4.852  0.0000E+00  0.4000E+02
  -4.832  0.0000E+00  0.4000E+02
  -4.812  0.0000E+00  0.4000E+02
  -4.792  0.0000E+00  0.4000E+02
  -4.772  0.0000E+00  0.4000E+02
  -4.752  0.0000E+00  0.4000E+02
  -4.732  0.0000E+00  0.4000E+02
  -4.712  0.0000E+00  0.4000E+02
  -4.692  0.0000E+00  0.4000E+02
  -4.672  0.0000E+00  0.4000E+02
  -4.652  0.0000E+00  0.4000E+02
  -4.632  0.0000E+00  0.4000E+02
  -4.612  0.0000E+00  0.4000E+02
  -4.592  0.0000E+00  0.4000E+02
  -4.572  0.0000E+00  0.4000E+02
  -4.552  0.0000E+00  0.4000E+02
  -4.532  0.0000E+00  0.4000E+02
  -4.512  0.0000E+00  0.4000E+02
  -4.492  0.0000E+00  0.4000E+02
  -4.472  0.0000E+00  0.4000E+02
  -4.452  0.0000E+00  0.4000E+02
  -4.432  0.0000E+00  0.4000E+02
  -4.412  0.0000E+00  0.4000E+02
  -4.392  0.0000E+00  0.4000E+02
  -4.372  0.0000E+00  0.4000E+02
  -4.352  0.0000E+00  0.4000E+02
  -4.332  0.0000E+00  0.4000E+02
  -4.312  0.0000E+00  0.4000E+02
  -4.292  0.0000E+00  0.4000E+02
  -4.272  0.0000E+00  0.4000E+02
  -4.252  0.0000E+00  0.4000E+02
  -4.232  0.0000E+00  0.4000E+02
  -4.212  0.0000E+00  0.4000E+02
  -4.192  0.0000E+00  0.4000E+02
  -4.172  0.0000E+00  0.4000E+02
  -4.152  0.0000E+00  0.4000E+02
  -4.132  0.0000E+00  0.4000E+02
  -4.112  0.0000E+00  0.4000E+02
  -4.092  0.0000E+00  0.4000E+02
  -4.072  0.0000E+00  0.4000E+02
  -4.052  0.0000E+00  0.4000E+02
  -4.032  0.0000E+00  0.4000E+02
  -4.012  0.0000E+00  0.4000E+02
  -3.992  0.0000E+00  0.4000E+02
  -3.972  0.0000E+00  0.4000E+02
  -3.952  0.0000E+00  0.4000E+02
  -3.932  0.0000E+00  0.4000E+02
  -3.912  0.0000E+00  0.4000E+02
  -3.892  0.0000E+00  0.4000E+02
  -3.872  0.0000E+00  0.4000E+02
  -3.852  0.0000E+00  0.4000E+02
  -3.832  0.0000E+00  0.4000E+02
  -3.812  0.0000E+00  0.4000E+02
  -3.792  0.0000E+00  0.4000E+02
  -3.772  0.0000E+00  0.4000E+02
  -3.752  0.0000E+00  0.4000E+02
  -3.732  0.0000E+00  0.4000E+02
  -3.712  0.0000E+00  0.4000E+02
  -3.692  0.0000E+00  0.4000E+02
  -3.672  0.0000E+00  0.4000E+02
  -3.652  0.0000E+00  0.4000E+02
  -3.632  0.0000E+00  0.4000E+02
  -3.612  0.0000E+00  0.4000E+02
  -3.592  0.0000E+00  0.4000E+02
  -3.572  0.0000E+00  0.4000E+02
  -3.552  0.0000E+00  0.4000E+02
  -3.532  0.0000E+00  0.4000E+02
  -3.512  0.0000E+00  0.4000E+02
  -3.492  0.0000E+00  0.4000E+02
  -3.472  0.0000E+00  0.4000E+02
  -3.452  0.0000E+00  0.4000E+02
  -3.432  0.0000E+00  0.4000E+02
  -3.412  0.0000E+00  0.4000E+02
  -3.392  0.0000E+00  0.4000E+02
  -3.372  0.0000E+00  0.4000E+02
  -3.352  0.0000E+00  0.4000E+02
  -3.332  0.0000E+00  0.4000E+02
  -3.312  0.0000E+00  0.4000E+02
  -3.292  0.0000E+00  0.4000E+02
  -3.272  0.0000E+00  0.4000E+02
  -3.252  0.0000E+00  0.4000E+02
  -3.232  0.0000E+00  0.4000E+02
  -3.212  0.0000E+00  0.4000E+02
  -3.192  0.0000E+00  0.4000E+02
  -3.172  0.0000E+00  0.4000E+02
  -3.152  0.0000E+00  0.4000E+02
  -3.132  0.0000E+00  0.4000E+02
  -3.112  0.0000E+00  0.4000E+02
  -3.092  0.0000E+00  0.4000E+02
  -3.072  0.0000E+00  0.4000E+02
  -3.052  0.0000E+00  0.4000E+02
  -3.032  0.0000E+00  0.4000E+02
  -3.012  0.0000E+00  0.4000E+02
  -2.992  0.0000E+00  0.4000E+02
  -2.972  0.0000E+00  0.4000E+02
  -2.952  0.0000E+00  0.4000E+02
  -2.932  0.0000E+00  0.4000E+02
  -2.912  0.0000E+00  0.4000E+02
  -2.892  0.0000E+00  0.4000E+02
  -2.872  0.0000E+00  0.4000E+02
  -2.852  0.0000E+00  0.4000E+02
  -2.832  0.0000E+00  0.4000E+02
  -2.812  0.0000E+00  0.4000E+02
  -2.792  0.0000E+00  0.4000E+02
  -2.772  0.0000E+00  0.4000E+02
  -2.752  0.0000E+00  0.4000E+02
  -2.732  0.0000E+00  0.4000E+02
  -2.712  0.0000E+00  0.4000E+02
  -2.692  0.0000E+00  0.4000E+02
  -2.672  0.0000E+00  0.4000E+02
  -2.652  0.0000E+00  0.4000E+02
  -2.632  0.0000E+00  0.4000E+02
  -2.612  0.0000E+00  0.4000E+02
  -2.592  0.0000E+00  0.4000E+02
  -2.572  0.0000E+00  0.4000E+02
  -2.552  0.0000E+00  0.4000E+02
  -2.532  0.0000E+00  0.4000E+02
  -2.512  0.0000E+00  0.4000E+02
  -2.492  0.0000E+00  0.4000E+02
  -2.472  0.0000E+00  0.4000E+02
  -2.452  0.0000E+00  0.4000E+02
  -2.432  0.0000E+00  0.4000E+02
  -2.412  0.0000E+00  0.4000E+02
  -2.392  0.0000E+00  0.4000E+02
  -2.372  0.0000E+00  0.4000E+02
  -2.352  0.0000E+00  0.4000E+02
  -2.332  0.0000E+00  0.4000E+02
  -2.312  0.0000E+00  0.4000E+02
  -2.292  0.0000E+00  0.4000E+02
  -2.272  0.0000E+00  0.4000E+02
  -2.252  0.0000E+00  0.4000E+02
  -2.232  0.0000E+00  0.4000E+02
  -2.212  0.0000E+00  0.4000E+02
  -2.192  0.0000E+00  0.4000E+02
  -2.172  0.0000E+00  0.4000E+02
  -2.152  0.0000E+00  0.4000E+02
  -2.132  0.0000E+00  0.4000E+02
  -2.112  0.0000E+00  0.4000E+02
  -2.092  0.0000E+00  0.4000E+02
  -2.072  0.0000E+00  0.4000E+02
  -2.052  0.0000E+00  0.4000E+02
  -2.032  0.0000E+00  0.4000E+02
  -2.012  0.0000E+00  0.4000E+02
  -1.992  0.0000E+00  0.4000E+02
  -1.972  0.0000E+00  0.4000E+02
  -1.952  0.0000E+00  0.4000E+02
  -1.932  0.0000E+00  0.4000E+02
  -1.912  0.0000E+00  0.4000E+02
  -1.892  0.0000E+00  0.4000E+02
  -1.872  0.0000E+00  0.4000E+02
  -1.852  0.0000E+00  0.4000E+02
  -1.832  0.0000E+00  0.4000E+02
  -1.812  0.0000E+00  0.4000E+02
  -1.792  0.0000E+00  0.4000E+02
  -1.772  0.0000E+00  0.4000E+02
  -1.752  0.0000E+00  0.4000E+02
  -1.732  0.0000E+00  0.4000E+02
  -1.712  0.0000E+00  0.4000E+02
  -1.692  0.0000E+00  0.4000E+02
  -1.672  0.0000E+00  0.4000E+02
  -1.652  0.0000E+00  0.4000E+02
  -1.632  0.0000E+00  0.4000E+02
  -1.612  0.0000E+00  0.4000E+02
  -1.592  0.0000E+00  0.4000E+02
  -1.572  0.0000E+00  0.4000E+02
  -1.552  0.0000E+00  0.4000E+02
  -1.532  0.0000E+00  0.4000E+02
  -1.512  0.0000E+00  0.4000E+02
  -1.492  0.0000E+00  0.4000E+02
  -1.472  0.0000E+00  0.4000E+02
  -1.452  0.0000E+00  0.4000E+02
  -1.432  0.0000E+00  0.4000E+02
  -1.412  0.0000E+00  0.4000E+02
  -1.392  0.0000E+00  0.4000E+02
  -1.372  0.0000E+00  0.4000E+02
  -1.352  0.0000E+00  0.4000E+02
  -1.332  0.0000E+00  0.4000E+02
  -1.312  0.0000E+00  0.4000E+02
  -1.292  0.0000E+00  0.4000E+02
  -1.272  0.0000E+00  0.4000E+02
  -1.252  0.0000E+00  0.4000E+02
  -1.232  0.0000E+00  0.4000E+02
  -1.212  0.0000E+00  0.4000E+02
  -1.192  0.0000E+00  0.4000E+02
  -1.172  0.0000E+00  0.4000E+02
  -1.152  0.0000E+00  0.4000E+02
  -1.132  0.0000E+00  0.4000E+02
  -1.112  0.0000E+00  0.4000E+02
  -1.092  0.0000E+00  0.4000E+02
  -1.072  0.0000E+00  0.4000E+02
  -1.052  0.0000E+00  0.4000E+02
  -1.032  0.0000E+00  0.4000E+02
  -1.012  0.0000E+00  0.4000E+02
  -0.992  0.0000E+00  0.4000E+02
  -0.972  0.0000E+00  0.4000E+02
  -0.952  0.0000E+00  0.4000E+02
  -0.932  0.0000E+00  0.4000E+02
  -0.912  0.0000E+00  0.4000E+02
  -0.892  0.0000E+00  0.4000E+02
  -0.872  0.0000E+00  0.4000E+02
  -0.852  0.0000E+00  0.4000E+02
  -0.832  0.0000E+00  0.4000E+02
  -0.812  0.0000E+00  0.4000E+02
  -0.792  0.0000E+00  0.4000E+02
  -0.772  0.0000E+00  0.4000E+02
  -0.752  0.0000E+00  0.4000E+02
  -0.732  0.0000E+00  0.4000E+02
  -0.712  0.0000E+00  0.4000E+02
  -0.692  0.0000E+00  0.4000E+02
  -0.672  0.0000E+00  0.4000E+02
  -0.652  0.0000E+00  0.4000E+02
  -0.632  0.0000E+00  0.4000E+02
  -0.612  0.0000E+00  0.4000E+02
  -0.592  0.0000E+00  0.4000E+02
  -0.572  0.0000E+00  0.4000E+02
  -0.552  0.0000E+00  0.4000E+02
  -0.532  0.0000E+00  0.4000E+02
  -0.512  0.0000E+00  0.4000E+02
  -0.492  0.0000E+00  0.4000E+02
  -0.472  0.0000E+00  0.4000E+02
  -0.452  0.0000E+00  0.4000E+02
  -0.432  0.0000E+00  0.4000E+02
  -0.412  0.0000E+00  0.4000E+02
  -0.392  0.0000E+00  0.4000E+02
  -0.372  0.0000E+00  0.4000E+02
  -0.352  0.0000E+00  0.4000E+02
  -0.332  0.0000E+00  0.4000E+02
  -0.312  0.0000E+00  0.4000E+02
  -0.292  0.0000E+00  0.4000E+02
  -0.272  0.0000E+00  0.4000E+02
  -0.252  0.0000E+00  0.4000E+02
  -0.232  0.0000E+00  0.4000E+02
  -0.212  0.0000E+00  0.4000E+02
  -0.192  0.0000E+00  0.4000E+02
  -0.172  0.0000E+00  0.4000E+02
  -0.152  0.0000E+00  0.4000E+02
  -0.132  0.0000E+00  0.4000E+02
  -0.112  0.0000E+00  0.4000E+02
  -0.092  0.0000E+00  0.4000E+02
  -0.072  0.0000E+00  0.4000E+02
  -0.052  0.0000E+00  0.4000E+02
  -0.032  0.0000E+00  0.4000E+02
  -0.012  0.0000E+00  0.4000E+02
   0.008  0.0000E+00  0.4000E+02
   0.028  0.0000E+00  0.4000E+02
   0.048  0.0000E+00  0.4000E+02
   0.068  0.0000E+00  0.4000E+02
   0.088  0.0000E+00  0.4000E+02
   0.108  0.0000E+00  0.4000E+02
   0.128  0.0000E+00  0.4000E+02
   0.148  0.0000E+00  0.4000E+02
   0.168  0.0000E+00  0.4000E+02
   0.188  0.0000E+00  0.4000E+02
   0.208  0.0000E+00  0.4000E+02
   0.228  0.0000E+00  0.4000E+02
   0.248  0.0000E+00  0.4000E+02
   0.268  0.2795E+01  0.4004E+02
   0.288  0.4914E+01  0.4011E+02
   0.308  0.7040E+01  0.4024E+02
   0.328  0.9076E+01  0.4040E+02
   0.348  0.1140E+02  0.4060E+02
   0.368  0.1500E+02  0.4086E+02
   0.388  0.2015E+02  0.4121E+02
   0.408  0.2547E+02  0.4172E+02
   0.428  0.2761E+02  0.4225E+02
   0.448  0.2887E+02  0.4282E+02
   0.468  0.2934E+02  0.4340E+02
   0.488  0.3164E+02  0.4401E+02
   0.508  0.2817E+02  0.4462E+02
   0.528  0.2598E+02  0.4517E+02
   0.548  0.2135E+02  0.4565E+02
   0.568  0.1961E+02  0.4606E+02
   0.588  0.1687E+02  0.4645E+02
   0.608  0.1528E+02  0.4677E+02
   0.628  0.1238E+02  0.4706E+02
   0.648  0.1061E+02  0.4729E+02
   0.668  0.9633E+01  0.4750E+02
   0.688  0.9158E+02  0.4859E+02
   0.708  0.9817E+02  0.5049E+02
   0.728  0.1026E+03  0.5281E+02
   0.748  0.6702E+02  0.5463E+02
   0.768  0.7272E+02  0.5602E+02
   0.788  0.5898E+02  0.5747E+02
   0.808  0.6408E+02  0.5872E+02
   0.828  0.5449E+02  0.5988E+02
   0.848  0.5198E+02  0.6097E+02
   0.868  0.4970E+02  0.6206E+02
   0.888  0.2628E+02  0.6280E+02
   0.908  0.2144E+02  0.6329E+02
   0.928  0.1412E+02  0.6365E+02
   0.948  0.9478E+01  0.6389E+02
   0.968  0.0000E+00  0.6400E+02
   0.988  0.0000E+00  0.6400E+02
   1.008  0.0000E+00  0.6400E+02
   1.028  0.0000E+00  0.6400E+02
   1.048  0.0000E+00  0.6400E+02
   1.068  0.0000E+00  0.6400E+02
   1.088  0.0000E+00  0.6400E+02
   1.108  0.0000E+00  0.6400E+02
   1.128  0.0000E+00  0.6400E+02
   1.148  0.0000E+00  0.6400E+02
   1.168  0.0000E+00  0.6400E+02
   1.188  0.0000E+00  0.6400E+02
   1.208  0.0000E+00  0.6400E+02
   1.228  0.0000E+00  0.6400E+02
   1.248  0.0000E+00  0.6400E+02
   1.268  0.0000E+00  0.6400E+02
   1.288  0.0000E+00  0.6400E+02
   1.308  0.0000E+00  0.6400E+02
   1.328  0.0000E+00  0.6400E+02
   1.348  0.0000E+00  0.6400E+02
   1.368  0.0000E+00  0.6400E+02
   1.388  0.0000E+00  0.6400E+02
   1.408  0.0000E+00  0.6400E+02
   1.428  0.0000E+00  0.6400E+02
   1.448  0.0000E+00  0.6400E+02
   1.468  0.0000E+00  0.6400E+02
   1.488  0.0000E+00  0.6400E+02
   1.508  0.0000E+00  0.6400E+02
   1.528  0.0000E+00  0.6400E+02
   1.548  0.0000E+00  0.6400E+02
   1.568  0.0000E+00  0.6400E+02
   1.588  0.0000E+00  0.6400E+02
   1.608  0.0000E+00  0.6400E+02
   1.628  0.0000E+00  0.6400E+02
   1.648  0.0000E+00  0.6400E+02
   1.668  0.0000E+00  0.6400E+02
   1.688  0.0000E+00  0.6400E+02
   1.708  0.0000E+00  0.6400E+02
   1.728  0.0000E+00  0.6400E+02
   1.748  0.0000E+00  0.6400E+02
   1.768  0.0000E+00  0.6400E+02
   1.788  0.0000E+00  0.6400E+02
   1.808  0.0000E+00  0.6400E+02
   1.828  0.0000E+00  0.6400E+02
   1.848  0.0000E+00  0.6400E+02
   1.868  0.0000E+00  0.6400E+02
   1.888  0.0000E+00  0.6400E+02
   1.908  0.0000E+00  0.6400E+02
   1.928  0.0000E+00  0.6400E+02
   1.948  0.0000E+00  0.6400E+02
   1.968  0.0000E+00  0.6400E+02
   1.988  0.0000E+00  0.6400E+02
   2.008  0.0000E+00  0.6400E+02
   2.028  0.0000E+00  0.6400E+02
   2.048  0.0000E+00  0.6400E+02
   2.068  0.0000E+00  0.6400E+02
   2.088  0.0000E+00  0.6400E+02
   2.108  0.0000E+00  0.6400E+02
   2.128  0.0000E+00  0.6400E+02
   2.148  0.0000E+00  0.6400E+02
   2.168  0.0000E+00  0.6400E+02
   2.188  0.0000E+00  0.6400E+02
   2.208  0.0000E+00  0.6400E+02
   2.228  0.0000E+00  0.6400E+02
   2.248  0.0000E+00  0.6400E+02
   2.268  0.0000E+00  0.6400E+02
   2.288  0.0000E+00  0.6400E+02
   2.308  0.0000E+00  0.6400E+02
   2.328  0.0000E+00  0.6400E+02
   2.348  0.0000E+00  0.6400E+02
   2.368  0.0000E+00  0.6400E+02
   2.388  0.0000E+00  0.6400E+02
   2.408  0.0000E+00  0.6400E+02
   2.428  0.0000E+00  0.6400E+02
   2.448  0.0000E+00  0.6400E+02
   2.468  0.0000E+00  0.6400E+02
   2.488  0.0000E+00  0.6400E+02
   2.508  0.0000E+00  0.6400E+02
   2.528  0.0000E+00  0.6400E+02
   2.548  0.0000E+00  0.6400E+02
   2.568  0.0000E+00  0.6400E+02
   2.588  0.0000E+00  0.6400E+02
   2.608  0.0000E+00  0.6400E+02
   2.628  0.0000E+00  0.6400E+02
   2.648  0.0000E+00  0.6400E+02
   2.668  0.0000E+00  0.6400E+02
   2.688  0.0000E+00  0.6400E+02
   2.708  0.0000E+00  0.6400E+02
   2.728  0.0000E+00  0.6400E+02
   2.748  0.0000E+00  0.6400E+02
   2.768  0.0000E+00  0.6400E+02
   2.788  0.0000E+00  0.6400E+02
   2.808  0.0000E+00  0.6400E+02
   2.828  0.0000E+00  0.6400E+02
   2.848  0.0000E+00  0.6400E+02
   2.868  0.0000E+00  0.6400E+02
   2.888  0.0000E+00  0.6400E+02
   2.908  0.0000E+00  0.6400E+02
   2.928  0.0000E+00  0.6400E+02
   2.948  0.0000E+00  0.6400E+02
   2.968  0.0000E+00  0.6400E+02
   2.988  0.0000E+00  0.6400E+02
   3.008  0.0000E+00  0.6400E+02
   3.028  0.0000E+00  0.6400E+02
   3.048  0.0000E+00  0.6400E+02
   3.068  0.0000E+00  0.6400E+02
   3.088  0.0000E+00  0.6400E+02
   3.108  0.0000E+00  0.6400E+02
   3.128  0.0000E+00  0.6400E+02
   3.148  0.0000E+00  0.6400E+02
   3.168  0.0000E+00  0.6400E+02
   3.188  0.0000E+00  0.6400E+02
   3.208  0.0000E+00  0.6400E+02
   3.228  0.0000E+00  0.6400E+02
   3.248  0.0000E+00  0.6400E+02
   3.268  0.0000E+00  0.6400E+02
   3.288  0.0000E+00  0.6400E+02
   3.308  0.0000E+00  0.6400E+02
   3.328  0.0000E+00  0.6400E+02
   3.348  0.0000E+00  0.6400E+02
   3.368  0.0000E+00  0.6400E+02
   3.388  0.0000E+00  0.6400E+02
   3.408  0.0000E+00  0.6400E+02
   3.428  0.0000E+00  0.6400E+02
   3.448  0.0000E+00  0.6400E+02
   3.468  0.0000E+00  0.6400E+02
   3.488  0.0000E+00  0.6400E+02
   3.508  0.0000E+00  0.6400E+02
   3.528  0.0000E+00  0.6400E+02
   3.548  0.0000E+00  0.6400E+02
   3.568  0.0000E+00  0.6400E+02
   3.588  0.0000E+00  0.6400E+02
   3.608  0.0000E+00  0.6400E+02
   3.628  0.0000E+00  0.6400E+02
   3.648  0.0000E+00  0.6400E+02
   3.668  0.0000E+00  0.6400E+02
   3.688  0.0000E+00  0.6400E+02
   3.708  0.0000E+00  0.6400E+02
   3.728  0.0000E+00  0.6400E+02
   3.748  0.0000E+00  0.6400E+02
   3.768  0.0000E+00  0.6400E+02
   3.788  0.0000E+00  0.6400E+02
   3.808  0.0000E+00  0.6400E+02
   3.828  0.0000E+00  0.6400E+02
   3.848  0.0000E+00  0.6400E+02
   3.868  0.0000E+00  0.6400E+02
   3.888  0.0000E+00  0.6400E+02
   3.908  0.0000E+00  0.6400E+02
   3.928  0.0000E+00  0.6400E+02
   3.948  0.0000E+00  0.6400E+02
   3.968  0.0000E+00  0.6400E+02
   3.988  0.0000E+00  0.6400E+02
   4.008  0.0000E+00  0.6400E+02
   4.028  0.0000E+00  0.6400E+02
   4.048  0.0000E+00  0.6400E+02
   4.068  0.0000E+00  0.6400E+02
   4.088  0.0000E+00  0.6400E+02
   4.108  0.0000E+00  0.6400E+02
   4.128  0.0000E+00  0.6400E+02
   4.148  0.0000E+00  0.6400E+02
   4.168  0.0000E+00  0.6400E+02
   4.188  0.0000E+00  0.6400E+02
   4.208  0.0000E+00  0.6400E+02
   4.228  0.0000E+00  0.6400E+02
   4.248  0.0000E+00  0.6400E+02
   4.268  0.0000E+00  0.6400E+02
   4.288  0.0000E+00  0.6400E+02
   4.308  0.0000E+00  0.6400E+02
   4.328  0.0000E+00  0.6400E+02
   4.348  0.0000E+00  0.6400E+02
   4.368  0.0000E+00  0.6400E+02
   4.388  0.0000E+00  0.6400E+02
   4.408  0.0000E+00  0.6400E+02
   4.428  0.0000E+00  0.6400E+02
   4.448  0.0000E+00  0.6400E+02
   4.468  0.0000E+00  0.6400E+02
   4.488  0.0000E+00  0.6400E+02
   4.508  0.0000E+00  0.6400E+02
   4.528  0.0000E+00  0.6400E+02
   4.548  0.0000E+00  0.6400E+02
   4.568  0.0000E+00  0.6400E+02
   4.588  0.0000E+00  0.6400E+02
   4.608  0.0000E+00  0.6400E+02
   4.628  0.0000E+00  0.6400E+02
   4.648  0.0000E+00  0.6400E+02
   4.668  0.0000E+00  0.6400E+02
   4.688  0.0000E+00  0.6400E+02
   4.708  0.0000E+00  0.6400E+02
   4.728  0.0000E+00  0.6400E+02
   4.748  0.0000E+00  0.6400E+02
   4.768  0.0000E+00  0.6400E+02
   4.788  0.0000E+00  0.6400E+02
   4.808  0.0000E+00  0.6400E+02
   4.828  0.0000E+00  0.6400E+02
   4.848  0.0000E+00  0.6400E+02
   4.868  0.0000E+00  0.6400E+02
   4.888  0.0000E+00  0.6400E+02
   4.908  0.0000E+00  0.6400E+02
   4.928  0.1353E+00  0.6400E+02
   4.948  0.1639E+00  0.6401E+02
   4.968  0.1945E+00  0.6401E+02
   4.988  0.2269E+00  0.6402E+02
   5.008  0.2613E+00  0.6402E+02
   5.028  0.2977E+00  0.6403E+02
   5.048  0.3360E+00  0.6403E+02
   5.068  0.3762E+00  0.6404E+02
   5.088  0.4183E+00  0.6405E+02
   5.108  0.4189E+00  0.6406E+02
   5.128  0.4449E+00  0.6406E+02
   5.148  0.4708E+00  0.6407E+02
   5.168  0.4965E+00  0.6408E+02
   5.188  0.5221E+00  0.6409E+02
   5.208  0.5475E+00  0.6410E+02
   5.228  0.5728E+00  0.6412E+02
   5.248  0.5980E+00  0.6413E+02
   5.268  0.6231E+00  0.6414E+02
   5.288  0.6480E+00  0.6415E+02
   5.308  0.6763E+00  0.6417E+02
   5.328  0.7062E+00  0.6418E+02
   5.348  0.7369E+00  0.6419E+02
   5.368  0.7684E+00  0.6421E+02
   5.388  0.8007E+00  0.6422E+02
   5.408  0.8242E+00  0.6424E+02
   5.428  0.8537E+00  0.6426E+02
   5.448  0.8837E+00  0.6428E+02
   5.468  0.9140E+00  0.6429E+02
   5.488  0.9446E+00  0.6431E+02
   5.508  0.9754E+00  0.6433E+02
   5.528  0.1006E+01  0.6435E+02
   5.548  0.1875E+01  0.6439E+02
   5.568  0.2234E+01  0.6443E+02
   5.588  0.2634E+01  0.6448E+02
   5.608  0.2508E+01  0.6453E+02
   5.628  0.2747E+01  0.6458E+02
   5.648  0.3002E+01  0.6464E+02
   5.668  0.3274E+01  0.6470E+02
   5.688  0.3562E+01  0.6477E+02
   5.708  0.3984E+01  0.6485E+02
   5.728  0.4282E+01  0.6494E+02
   5.748  0.4310E+01  0.6503E+02
   5.768  0.4410E+01  0.6511E+02
   5.788  0.4594E+01  0.6520E+02
   5.808  0.4778E+01  0.6530E+02
   5.828  0.4963E+01  0.6540E+02
   5.848  0.5146E+01  0.6550E+02
   5.868  0.5185E+01  0.6560E+02
   5.888  0.5525E+01  0.6572E+02
   5.908  0.5564E+01  0.6583E+02
   5.928  0.5665E+01  0.6594E+02
   5.948  0.5756E+01  0.6606E+02
   5.968  0.5839E+01  0.6617E+02
   5.988  0.5913E+01  0.6629E+02
   6.008  0.6751E+01  0.6641E+02
   6.028  0.7394E+01  0.6655E+02
   6.048  0.7945E+01  0.6672E+02
   6.068  0.7776E+01  0.6688E+02
   6.088  0.8092E+01  0.6705E+02
   6.108  0.8222E+01  0.6721E+02
   6.128  0.8332E+01  0.6737E+02
   6.148  0.8482E+01  0.6754E+02
   6.168  0.8528E+01  0.6771E+02
   6.188  0.8433E+01  0.6788E+02
   6.208  0.8295E+01  0.6805E+02
   6.228  0.7899E+01  0.6821E+02
   6.248  0.7836E+01  0.6837E+02
   6.268  0.7753E+01  0.6853E+02
   6.288  0.7769E+01  0.6868E+02
   6.308  0.7547E+01  0.6883E+02
   6.328  0.7923E+01  0.6899E+02
   6.348  0.8113E+01  0.6915E+02
   6.368  0.8847E+01  0.6932E+02
   6.388  0.9453E+01  0.6950E+02
   6.408  0.1017E+02  0.6969E+02
   6.428  0.1107E+02  0.6992E+02
   6.448  0.1422E+02  0.7020E+02
   6.468  0.1536E+02  0.7050E+02
   6.488  0.1515E+02  0.7080E+02
   6.508  0.1597E+02  0.7111E+02
   6.528  0.1767E+02  0.7144E+02
   6.548  0.1895E+02  0.7181E+02
   6.568  0.1593E+02  0.7216E+02
   6.588  0.1527E+02  0.7247E+02
   6.608  0.2045E+02  0.7282E+02
   6.628  0.1363E+02  0.7313E+02
   6.648  0.1304E+02  0.7340E+02
   6.668  0.1385E+02  0.7369E+02
   6.688  0.1464E+02  0.7398E+02
   6.708  0.1525E+02  0.7427E+02
   6.728  0.1176E+02  0.7455E+02
   6.748  0.1088E+02  0.7477E+02
   6.768  0.8876E+01  0.7498E+02
   6.788  0.4790E+01  0.7516E+02
   6.808  0.4268E+01  0.7525E+02
   6.828  0.3753E+01  0.7533E+02
   6.848  0.3286E+01  0.7540E+02
   6.868  0.2946E+01  0.7546E+02
   6.888  0.2645E+01  0.7552E+02
   6.908  0.2394E+01  0.7557E+02
   6.928  0.2155E+01  0.7561E+02
   6.948  0.2007E+01  0.7565E+02
   6.968  0.1867E+01  0.7569E+02
   6.988  0.1741E+01  0.7573E+02
   7.008  0.1615E+01  0.7576E+02
   7.028  0.1491E+01  0.7579E+02
   7.048  0.1367E+01  0.7582E+02
   7.068  0.1245E+01  0.7585E+02
   7.088  0.1237E+01  0.7587E+02
   7.108  0.1086E+01  0.7590E+02
   7.128  0.9607E+00  0.7592E+02
   7.148  0.9565E+00  0.7594E+02
   7.168  0.7992E+00  0.7595E+02
   7.188  0.6545E+00  0.7597E+02
   7.208  0.5223E+00  0.7598E+02
   7.228  0.2542E+00  0.7599E+02
