#  E (eV)   dos(E)     Int dos(E) EFermi =    3.057 eV
   0.000  0.0000E+00  0.1040E+03
   0.010  0.0000E+00  0.1040E+03
   0.020  0.0000E+00  0.1040E+03
   0.030  0.0000E+00  0.1040E+03
   0.040  0.0000E+00  0.1040E+03
   0.050  0.0000E+00  0.1040E+03
   0.060  0.0000E+00  0.1040E+03
   0.070  0.0000E+00  0.1040E+03
   0.080  0.0000E+00  0.1040E+03
   0.090  0.0000E+00  0.1040E+03
   0.100  0.0000E+00  0.1040E+03
   0.110  0.0000E+00  0.1040E+03
   0.120  0.8945E+01  0.1040E+03
   0.130  0.1806E+02  0.1042E+03
   0.140  0.9232E+01  0.1044E+03
   0.150  0.1029E+02  0.1045E+03
   0.160  0.1299E+02  0.1046E+03
   0.170  0.1846E+02  0.1048E+03
   0.180  0.1990E+02  0.1050E+03
   0.190  0.2161E+02  0.1052E+03
   0.200  0.3282E+02  0.1055E+03
   0.210  0.2118E+02  0.1057E+03
   0.220  0.2272E+02  0.1060E+03
   0.230  0.2400E+02  0.1062E+03
   0.240  0.2541E+02  0.1064E+03
   0.250  0.2661E+02  0.1067E+03
   0.260  0.2830E+02  0.1070E+03
   0.270  0.3990E+02  0.1073E+03
   0.280  0.2749E+02  0.1077E+03
   0.290  0.2837E+02  0.1080E+03
   0.300  0.2784E+02  0.1083E+03
   0.310  0.2631E+02  0.1085E+03
   0.320  0.2395E+02  0.1088E+03
   0.330  0.2193E+02  0.1090E+03
   0.340  0.1927E+02  0.1092E+03
   0.350  0.1495E+02  0.1094E+03
   0.360  0.1124E+02  0.1095E+03
   0.370  0.9670E+01  0.1096E+03
   0.380  0.8584E+01  0.1097E+03
   0.390  0.7697E+01  0.1098E+03
   0.400  0.7126E+01  0.1099E+03
   0.410  0.6587E+01  0.1099E+03
   0.420  0.6214E+01  0.1100E+03
   0.430  0.5986E+01  0.1101E+03
   0.440  0.5752E+01  0.1101E+03
   0.450  0.5477E+01  0.1102E+03
   
     DOS          :     12.57s CPU     12.78s WALL


   This run was terminated on:  11: 4:36  16Jan2021            

=------------------------------------------------------------------------------=
   JOB DONE.
=------------------------------------------------------------------------------=
   0.550  0.3072E+02  0.1120E+03
   0.560  0.2960E+02  0.1123E+03
   0.570  0.2897E+02  0.1126E+03
   0.580  0.2862E+02  0.1129E+03
   0.590  0.2758E+02  0.1132E+03
   0.600  0.2841E+02  0.1135E+03
   0.610  0.2771E+02  0.1137E+03
   0.620  0.2515E+02  0.1140E+03
   0.630  0.2287E+02  0.1142E+03
   0.640  0.2143E+02  0.1145E+03
   0.650  0.1893E+02  0.1147E+03
   0.660  0.1860E+02  0.1149E+03
   0.670  0.1749E+02  0.1150E+03
   0.680  0.1652E+02  0.1152E+03
   0.690  0.3833E+02  0.1154E+03
   0.700  0.3629E+02  0.1158E+03
   0.710  0.2486E+02  0.1162E+03
   0.720  0.2239E+02  0.1164E+03
   0.730  0.2259E+02  0.1166E+03
   0.740  0.2706E+02  0.1169E+03
   0.750  0.2344E+02  0.1171E+03
   0.760  0.2281E+02  0.1174E+03
   0.770  0.2249E+02  0.1176E+03
   0.780  0.2198E+02  0.1178E+03
   0.790  0.2145E+02  0.1180E+03
   0.800  0.2080E+02  0.1182E+03
   0.810  0.1961E+02  0.1184E+03
   0.820  0.1863E+02  0.1186E+03
   0.830  0.1792E+02  0.1188E+03
   0.840  0.1758E+02  0.1190E+03
   0.850  0.1742E+02  0.1192E+03
   0.860  0.1723E+02  0.1193E+03
   0.870  0.1699E+02  0.1195E+03
   0.880  0.1679E+02  0.1197E+03
   0.890  0.1646E+02  0.1199E+03
   0.900  0.1564E+02  0.1200E+03
   0.910  0.1488E+02  0.1202E+03
   0.920  0.1411E+02  0.1203E+03
   0.930  0.1346E+02  0.1205E+03
   0.940  0.1187E+02  0.1206E+03
   0.950  0.1193E+02  0.1207E+03
   0.960  0.1463E+02  0.1208E+03
   0.970  0.1728E+02  0.1210E+03
   0.980  0.2048E+02  0.1212E+03
   0.990  0.3151E+02  0.1215E+03
   1.000  0.2157E+02  0.1219E+03
   1.010  0.3543E+02  0.1221E+03
   1.020  0.3286E+02  0.1225E+03
   1.030  0.3327E+02  0.1229E+03
   1.040  0.3503E+02  0.1232E+03
   1.050  0.3632E+02  0.1235E+03
   1.060  0.2881E+02  0.1239E+03
   1.070  0.2742E+02  0.1242E+03
   1.080  0.2639E+02  0.1244E+03
   1.090  0.2550E+02  0.1247E+03
   1.100  0.2472E+02  0.1249E+03
   1.110  0.2406E+02  0.1252E+03
   1.120  0.2328E+02  0.1254E+03
   1.130  0.2221E+02  0.1257E+03
   1.140  0.2128E+02  0.1259E+03
   1.150  0.2046E+02  0.1261E+03
   1.160  0.1923E+02  0.1263E+03
   1.170  0.1817E+02  0.1265E+03
   1.180  0.1773E+02  0.1266E+03
   1.190  0.1725E+02  0.1268E+03
   1.200  0.1692E+02  0.1270E+03
   1.210  0.1563E+02  0.1272E+03
   1.220  0.1443E+02  0.1273E+03
   1.230  0.1281E+02  0.1274E+03
   1.240  0.1072E+02  0.1276E+03
   1.250  0.9084E+01  0.1277E+03
   1.260  0.8280E+01  0.1277E+03
   1.270  0.8286E+01  0.1278E+03
   1.280  0.8174E+01  0.1279E+03
   1.290  0.7741E+01  0.1280E+03
   1.300  0.8997E+01  0.1281E+03
   1.310  0.9465E+01  0.1282E+03
   1.320  0.9582E+01  0.1283E+03
   1.330  0.1393E+02  0.1284E+03
   1.340  0.2060E+02  0.1286E+03
   1.350  0.2700E+02  0.1288E+03
   1.360  0.2418E+02  0.1291E+03
   1.370  0.2279E+02  0.1293E+03
   1.380  0.2209E+02  0.1296E+03
   1.390  0.2289E+02  0.1298E+03
   1.400  0.2486E+02  0.1300E+03
   1.410  0.2290E+02  0.1303E+03
   1.420  0.1999E+02  0.1305E+03
   1.430  0.2006E+02  0.1307E+03
   1.440  0.2230E+02  0.1309E+03
   1.450  0.2476E+02  0.1311E+03
   1.460  0.2616E+02  0.1314E+03
   1.470  0.2806E+02  0.1316E+03
   1.480  0.2869E+02  0.1319E+03
   1.490  0.3014E+02  0.1322E+03
   1.500  0.2857E+02  0.1325E+03
   1.510  0.3214E+02  0.1328E+03
   1.520  0.3285E+02  0.1332E+03
   1.530  0.3019E+02  0.1335E+03
   1.540  0.2936E+02  0.1338E+03
   1.550  0.3404E+02  0.1341E+03
   1.560  0.3389E+02  0.1345E+03
   1.570  0.3454E+02  0.1348E+03
   1.580  0.2769E+02  0.1351E+03
   1.590  0.2464E+02  0.1354E+03
   1.600  0.1298E+02  0.1356E+03
   1.610  0.1074E+02  0.1357E+03
   1.620  0.1434E+02  0.1358E+03
   1.630  0.1995E+02  0.1360E+03
   1.640  0.3187E+02  0.1363E+03
   1.650  0.3391E+02  0.1366E+03
   1.660  0.3751E+02  0.1369E+03
   1.670  0.3860E+02  0.1372E+03
   1.680  0.3621E+02  0.1376E+03
   1.690  0.3763E+02  0.1380E+03
   1.700  0.4387E+02  0.1384E+03
   1.710  0.3645E+02  0.1388E+03
   1.720  0.4450E+02  0.1392E+03
   1.730  0.6858E+02  0.1398E+03
   1.740  0.8078E+02  0.1406E+03
   1.750  0.5174E+02  0.1412E+03
   1.760  0.4680E+02  0.1417E+03
   1.770  0.4767E+02  0.1422E+03
   1.780  0.9146E+02  0.1428E+03
   1.790  0.8054E+02  0.1435E+03
   1.800  0.6329E+02  0.1443E+03
   1.810  0.5008E+02  0.1449E+03
   1.820  0.5262E+02  0.1454E+03
   1.830  0.3658E+02  0.1458E+03
   1.840  0.3657E+02  0.1462E+03
   1.850  0.3796E+02  0.1465E+03
   1.860  0.4236E+02  0.1470E+03
   1.870  0.3730E+02  0.1474E+03
   1.880  0.3683E+02  0.1477E+03
   1.890  0.5382E+02  0.1482E+03
   1.900  0.6601E+02  0.1488E+03
   1.910  0.7707E+02  0.1495E+03
   1.920  0.6880E+02  0.1503E+03
   1.930  0.5170E+02  0.1509E+03
   1.940  0.5001E+02  0.1514E+03
   1.950  0.5659E+02  0.1519E+03
   1.960  0.1137E+03  0.1527E+03
   1.970  0.5240E+02  0.1535E+03
   1.980  0.5330E+02  0.1540E+03
   1.990  0.4678E+02  0.1545E+03
   2.000  0.4438E+02  0.1549E+03
   2.010  0.4721E+02  0.1554E+03
   2.020  0.3770E+02  0.1559E+03
   2.030  0.3503E+02  0.1562E+03
   2.040  0.4306E+02  0.1566E+03
   2.050  0.4661E+02  0.1571E+03
   2.060  0.4683E+02  0.1575E+03
   2.070  0.5777E+02  0.1580E+03
   2.080  0.4304E+02  0.1586E+03
   2.090  0.3637E+02  0.1590E+03
   2.100  0.4351E+02  0.1594E+03
   2.110  0.5721E+02  0.1599E+03
   2.120  0.5279E+02  0.1604E+03
   2.130  0.3934E+02  0.1608E+03
   2.140  0.3469E+02  0.1612E+03
   2.150  0.4004E+02  0.1616E+03
   2.160  0.5069E+02  0.1622E+03
   2.170  0.3716E+02  0.1626E+03
   2.180  0.5218E+02  0.1634E+03
   2.190  0.5050E+02  0.1639E+03
   2.200  0.4618E+02  0.1644E+03
   2.210  0.4401E+02  0.1648E+03
   2.220  0.4049E+02  0.1652E+03
   2.230  0.2846E+02  0.1656E+03
   2.240  0.2253E+02  0.1658E+03
   2.250  0.2027E+02  0.1660E+03
   2.260  0.1929E+02  0.1662E+03
   2.270  0.1887E+02  0.1664E+03
   2.280  0.1760E+02  0.1666E+03
   2.290  0.1848E+02  0.1668E+03
   2.300  0.2169E+02  0.1670E+03
   2.310  0.2723E+02  0.1672E+03
   2.320  0.2217E+02  0.1675E+03
   2.330  0.1722E+02  0.1677E+03
   2.340  0.1091E+02  0.1679E+03
   2.350  0.7251E+01  0.1679E+03
   2.360  0.2132E+01  0.1680E+03
   2.370  0.2390E+00  0.1680E+03
   2.380  0.9325E+00  0.1680E+03
   2.390  0.1292E+01  0.1680E+03
   2.400  0.1574E+01  0.1680E+03
   2.410  0.1972E+01  0.1681E+03
   2.420  0.2217E+01  0.1681E+03
   2.430  0.3004E+01  0.1681E+03
   2.440  0.3252E+01  0.1681E+03
   2.450  0.3407E+01  0.1682E+03
   2.460  0.3560E+01  0.1682E+03
   2.470  0.3983E+01  0.1682E+03
   2.480  0.4407E+01  0.1683E+03
   2.490  0.4694E+01  0.1683E+03
   2.500  0.4935E+01  0.1684E+03
   2.510  0.5130E+01  0.1684E+03
   2.520  0.5605E+01  0.1685E+03
   2.530  0.6293E+01  0.1685E+03
   2.540  0.6801E+01  0.1686E+03
   2.550  0.7166E+01  0.1687E+03
   2.560  0.7562E+01  0.1687E+03
   2.570  0.7988E+01  0.1688E+03
   2.580  0.8259E+01  0.1689E+03
   2.590  0.8930E+01  0.1690E+03
   2.600  0.9095E+01  0.1691E+03
   2.610  0.9369E+01  0.1692E+03
   2.620  0.9643E+01  0.1693E+03
   2.630  0.9944E+01  0.1694E+03
   2.640  0.1031E+02  0.1695E+03
   2.650  0.1072E+02  0.1696E+03
   2.660  0.1162E+02  0.1697E+03
   2.670  0.1266E+02  0.1698E+03
   2.680  0.1381E+02  0.1699E+03
   2.690  0.1507E+02  0.1701E+03
   2.700  0.1644E+02  0.1702E+03
   2.710  0.1677E+02  0.1704E+03
   2.720  0.1916E+02  0.1706E+03
   2.730  0.2906E+02  0.1708E+03
   2.740  0.2329E+02  0.1711E+03
   2.750  0.1755E+02  0.1713E+03
   2.760  0.1502E+02  0.1714E+03
   2.770  0.1255E+02  0.1716E+03
   2.780  0.1069E+02  0.1717E+03
   2.790  0.8014E+01  0.1718E+03
   2.800  0.7650E+01  0.1719E+03
   2.810  0.7421E+01  0.1720E+03
   2.820  0.7262E+01  0.1720E+03
   2.830  0.7144E+01  0.1721E+03
   2.840  0.8461E+01  0.1722E+03
   2.850  0.9814E+01  0.1723E+03
   2.860  0.1074E+02  0.1724E+03
   2.870  0.1910E+02  0.1725E+03
   2.880  0.2386E+02  0.1727E+03
   2.890  0.2793E+02  0.1730E+03
   2.900  0.3345E+02  0.1733E+03
   2.910  0.3940E+02  0.1737E+03
   2.920  0.2595E+02  0.1741E+03
   2.930  0.3272E+02  0.1744E+03
   2.940  0.3989E+02  0.1747E+03
   2.950  0.2348E+02  0.1750E+03
   2.960  0.2022E+02  0.1752E+03
   2.970  0.1625E+02  0.1754E+03
   2.980  0.1522E+02  0.1756E+03
   2.990  0.1295E+02  0.1757E+03
   3.000  0.9300E+01  0.1758E+03
   3.010  0.5939E+01  0.1759E+03
   3.020  0.3890E+01  0.1759E+03
   3.030  0.2364E+01  0.1760E+03
   3.040  0.1113E+01  0.1760E+03
   3.050  0.2038E+00  0.1760E+03
   3.060  0.0000E+00  0.1760E+03
   3.070  0.0000E+00  0.1760E+03
   3.080  0.0000E+00  0.1760E+03
   3.090  0.0000E+00  0.1760E+03
   3.100  0.0000E+00  0.1760E+03
   3.110  0.0000E+00  0.1760E+03
   3.120  0.0000E+00  0.1760E+03
   3.130  0.0000E+00  0.1760E+03
   3.140  0.0000E+00  0.1760E+03
   3.150  0.0000E+00  0.1760E+03
   3.160  0.0000E+00  0.1760E+03
   3.170  0.0000E+00  0.1760E+03
   3.180  0.0000E+00  0.1760E+03
   3.190  0.0000E+00  0.1760E+03
   3.200  0.0000E+00  0.1760E+03
   3.210  0.0000E+00  0.1760E+03
   3.220  0.0000E+00  0.1760E+03
   3.230  0.0000E+00  0.1760E+03
   3.240  0.0000E+00  0.1760E+03
   3.250  0.0000E+00  0.1760E+03
   3.260  0.0000E+00  0.1760E+03
   3.270  0.0000E+00  0.1760E+03
   3.280  0.0000E+00  0.1760E+03
   3.290  0.0000E+00  0.1760E+03
   3.300  0.0000E+00  0.1760E+03
   3.310  0.0000E+00  0.1760E+03
   3.320  0.0000E+00  0.1760E+03
   3.330  0.0000E+00  0.1760E+03
   3.340  0.0000E+00  0.1760E+03
   3.350  0.0000E+00  0.1760E+03
   3.360  0.0000E+00  0.1760E+03
   3.370  0.0000E+00  0.1760E+03
   3.380  0.0000E+00  0.1760E+03
   3.390  0.0000E+00  0.1760E+03
   3.400  0.0000E+00  0.1760E+03
   3.410  0.0000E+00  0.1760E+03
   3.420  0.0000E+00  0.1760E+03
   3.430  0.0000E+00  0.1760E+03
   3.440  0.0000E+00  0.1760E+03
   3.450  0.0000E+00  0.1760E+03
   3.460  0.0000E+00  0.1760E+03
   3.470  0.0000E+00  0.1760E+03
   3.480  0.0000E+00  0.1760E+03
   3.490  0.0000E+00  0.1760E+03
   3.500  0.0000E+00  0.1760E+03
   3.510  0.0000E+00  0.1760E+03
   3.520  0.0000E+00  0.1760E+03
   3.530  0.0000E+00  0.1760E+03
   3.540  0.0000E+00  0.1760E+03
   3.550  0.0000E+00  0.1760E+03
   3.560  0.0000E+00  0.1760E+03
   3.570  0.0000E+00  0.1760E+03
   3.580  0.0000E+00  0.1760E+03
   3.590  0.0000E+00  0.1760E+03
   3.600  0.0000E+00  0.1760E+03
   3.610  0.0000E+00  0.1760E+03
   3.620  0.0000E+00  0.1760E+03
   3.630  0.0000E+00  0.1760E+03
   3.640  0.0000E+00  0.1760E+03
   3.650  0.0000E+00  0.1760E+03
   3.660  0.0000E+00  0.1760E+03
   3.670  0.0000E+00  0.1760E+03
   3.680  0.0000E+00  0.1760E+03
   3.690  0.0000E+00  0.1760E+03
   3.700  0.0000E+00  0.1760E+03
   3.710  0.0000E+00  0.1760E+03
   3.720  0.0000E+00  0.1760E+03
   3.730  0.0000E+00  0.1760E+03
   3.740  0.0000E+00  0.1760E+03
   3.750  0.0000E+00  0.1760E+03
   3.760  0.0000E+00  0.1760E+03
   3.770  0.0000E+00  0.1760E+03
   3.780  0.0000E+00  0.1760E+03
   3.790  0.0000E+00  0.1760E+03
   3.800  0.0000E+00  0.1760E+03
   3.810  0.0000E+00  0.1760E+03
   3.820  0.0000E+00  0.1760E+03
   3.830  0.0000E+00  0.1760E+03
   3.840  0.0000E+00  0.1760E+03
   3.850  0.0000E+00  0.1760E+03
   3.860  0.0000E+00  0.1760E+03
   3.870  0.0000E+00  0.1760E+03
   3.880  0.0000E+00  0.1760E+03
   3.890  0.0000E+00  0.1760E+03
   3.900  0.0000E+00  0.1760E+03
   3.910  0.0000E+00  0.1760E+03
   3.920  0.0000E+00  0.1760E+03
   3.930  0.0000E+00  0.1760E+03
   3.940  0.0000E+00  0.1760E+03
   3.950  0.0000E+00  0.1760E+03
   3.960  0.0000E+00  0.1760E+03
   3.970  0.0000E+00  0.1760E+03
   3.980  0.0000E+00  0.1760E+03
   3.990  0.0000E+00  0.1760E+03
   4.000  0.0000E+00  0.1760E+03
   4.010  0.0000E+00  0.1760E+03
   4.020  0.0000E+00  0.1760E+03
   4.030  0.0000E+00  0.1760E+03
   4.040  0.0000E+00  0.1760E+03
   4.050  0.0000E+00  0.1760E+03
   4.060  0.0000E+00  0.1760E+03
   4.070  0.0000E+00  0.1760E+03
   4.080  0.0000E+00  0.1760E+03
   4.090  0.0000E+00  0.1760E+03
   4.100  0.0000E+00  0.1760E+03
   4.110  0.0000E+00  0.1760E+03
   4.120  0.0000E+00  0.1760E+03
   4.130  0.0000E+00  0.1760E+03
   4.140  0.0000E+00  0.1760E+03
   4.150  0.0000E+00  0.1760E+03
   4.160  0.0000E+00  0.1760E+03
   4.170  0.0000E+00  0.1760E+03
   4.180  0.0000E+00  0.1760E+03
   4.190  0.0000E+00  0.1760E+03
   4.200  0.0000E+00  0.1760E+03
   4.210  0.0000E+00  0.1760E+03
   4.220  0.0000E+00  0.1760E+03
   4.230  0.0000E+00  0.1760E+03
   4.240  0.0000E+00  0.1760E+03
   4.250  0.0000E+00  0.1760E+03
   4.260  0.0000E+00  0.1760E+03
   4.270  0.0000E+00  0.1760E+03
   4.280  0.0000E+00  0.1760E+03
   4.290  0.0000E+00  0.1760E+03
   4.300  0.0000E+00  0.1760E+03
   4.310  0.0000E+00  0.1760E+03
   4.320  0.0000E+00  0.1760E+03
   4.330  0.0000E+00  0.1760E+03
   4.340  0.0000E+00  0.1760E+03
   4.350  0.0000E+00  0.1760E+03
   4.360  0.0000E+00  0.1760E+03
   4.370  0.0000E+00  0.1760E+03
   4.380  0.0000E+00  0.1760E+03
   4.390  0.0000E+00  0.1760E+03
   4.400  0.0000E+00  0.1760E+03
   4.410  0.0000E+00  0.1760E+03
   4.420  0.0000E+00  0.1760E+03
   4.430  0.0000E+00  0.1760E+03
   4.440  0.0000E+00  0.1760E+03
   4.450  0.0000E+00  0.1760E+03
   4.460  0.0000E+00  0.1760E+03
   4.470  0.0000E+00  0.1760E+03
   4.480  0.0000E+00  0.1760E+03
   4.490  0.0000E+00  0.1760E+03
   4.500  0.0000E+00  0.1760E+03
   4.510  0.0000E+00  0.1760E+03
   4.520  0.0000E+00  0.1760E+03
   4.530  0.0000E+00  0.1760E+03
   4.540  0.0000E+00  0.1760E+03
   4.550  0.0000E+00  0.1760E+03
   4.560  0.0000E+00  0.1760E+03
   4.570  0.0000E+00  0.1760E+03
   4.580  0.0000E+00  0.1760E+03
   4.590  0.0000E+00  0.1760E+03
   4.600  0.0000E+00  0.1760E+03
   4.610  0.0000E+00  0.1760E+03
   4.620  0.0000E+00  0.1760E+03
   4.630  0.0000E+00  0.1760E+03
   4.640  0.0000E+00  0.1760E+03
   4.650  0.0000E+00  0.1760E+03
   4.660  0.0000E+00  0.1760E+03
   4.670  0.0000E+00  0.1760E+03
   4.680  0.0000E+00  0.1760E+03
   4.690  0.0000E+00  0.1760E+03
   4.700  0.0000E+00  0.1760E+03
   4.710  0.0000E+00  0.1760E+03
   4.720  0.0000E+00  0.1760E+03
   4.730  0.0000E+00  0.1760E+03
   4.740  0.0000E+00  0.1760E+03
   4.750  0.0000E+00  0.1760E+03
   4.760  0.0000E+00  0.1760E+03
   4.770  0.0000E+00  0.1760E+03
   4.780  0.0000E+00  0.1760E+03
   4.790  0.0000E+00  0.1760E+03
   4.800  0.0000E+00  0.1760E+03
   4.810  0.0000E+00  0.1760E+03
   4.820  0.0000E+00  0.1760E+03
   4.830  0.0000E+00  0.1760E+03
   4.840  0.0000E+00  0.1760E+03
   4.850  0.0000E+00  0.1760E+03
   4.860  0.0000E+00  0.1760E+03
   4.870  0.0000E+00  0.1760E+03
   4.880  0.0000E+00  0.1760E+03
   4.890  0.0000E+00  0.1760E+03
   4.900  0.0000E+00  0.1760E+03
   4.910  0.0000E+00  0.1760E+03
   4.920  0.0000E+00  0.1760E+03
   4.930  0.0000E+00  0.1760E+03
   4.940  0.0000E+00  0.1760E+03
   4.950  0.0000E+00  0.1760E+03
   4.960  0.0000E+00  0.1760E+03
   4.970  0.0000E+00  0.1760E+03
   4.980  0.0000E+00  0.1760E+03
   4.990  0.0000E+00  0.1760E+03
   5.000  0.0000E+00  0.1760E+03
   5.010  0.0000E+00  0.1760E+03
   5.020  0.0000E+00  0.1760E+03
   5.030  0.0000E+00  0.1760E+03
   5.040  0.0000E+00  0.1760E+03
   5.050  0.0000E+00  0.1760E+03
   5.060  0.0000E+00  0.1760E+03
   5.070  0.0000E+00  0.1760E+03
   5.080  0.0000E+00  0.1760E+03
   5.090  0.0000E+00  0.1760E+03
   5.100  0.0000E+00  0.1760E+03
   5.110  0.0000E+00  0.1760E+03
   5.120  0.0000E+00  0.1760E+03
   5.130  0.0000E+00  0.1760E+03
   5.140  0.2683E-01  0.1760E+03
   5.150  0.2504E+00  0.1760E+03
   5.160  0.3069E+00  0.1760E+03
   5.170  0.3633E+00  0.1760E+03
   5.180  0.4196E+00  0.1760E+03
   5.190  0.4759E+00  0.1760E+03
   5.200  0.5321E+00  0.1760E+03
   5.210  0.5883E+00  0.1760E+03
   5.220  0.6457E+00  0.1760E+03
   5.230  0.7083E+00  0.1760E+03
   5.240  0.7775E+00  0.1760E+03
   5.250  0.8496E+00  0.1761E+03
   5.260  0.9218E+00  0.1761E+03
   5.270  0.9939E+00  0.1761E+03
   5.280  0.1066E+01  0.1761E+03
   5.290  0.1138E+01  0.1761E+03
   5.300  0.1204E+01  0.1761E+03
   5.310  0.1233E+01  0.1761E+03
   5.320  0.1241E+01  0.1761E+03
   5.330  0.1241E+01  0.1761E+03
   5.340  0.1241E+01  0.1762E+03
   5.350  0.1241E+01  0.1762E+03
   5.360  0.1241E+01  0.1762E+03
   5.370  0.1241E+01  0.1762E+03
   5.380  0.1241E+01  0.1762E+03
   5.390  0.1241E+01  0.1762E+03
   5.400  0.1241E+01  0.1762E+03
   5.410  0.1241E+01  0.1762E+03
   5.420  0.1241E+01  0.1763E+03
   5.430  0.1242E+01  0.1763E+03
   5.440  0.1242E+01  0.1763E+03
   5.450  0.1242E+01  0.1763E+03
   5.460  0.1242E+01  0.1763E+03
   5.470  0.1242E+01  0.1763E+03
   5.480  0.1242E+01  0.1763E+03
   5.490  0.1242E+01  0.1763E+03
   5.500  0.1242E+01  0.1764E+03
   5.510  0.1242E+01  0.1764E+03
   5.520  0.1242E+01  0.1764E+03
   5.530  0.1242E+01  0.1764E+03
   5.540  0.1243E+01  0.1764E+03
   5.550  0.1243E+01  0.1764E+03
   5.560  0.1243E+01  0.1764E+03
   5.570  0.1243E+01  0.1764E+03
   5.580  0.1243E+01  0.1765E+03
   5.590  0.1243E+01  0.1765E+03
   5.600  0.1243E+01  0.1765E+03
   5.610  0.1243E+01  0.1765E+03
   5.620  0.1243E+01  0.1765E+03
   5.630  0.1243E+01  0.1765E+03
   5.640  0.1243E+01  0.1765E+03
   5.650  0.1244E+01  0.1765E+03
   5.660  0.1244E+01  0.1766E+03
   5.670  0.1244E+01  0.1766E+03
   5.680  0.1244E+01  0.1766E+03
   5.690  0.1244E+01  0.1766E+03
   5.700  0.1244E+01  0.1766E+03
   5.710  0.1244E+01  0.1766E+03
   5.720  0.1244E+01  0.1766E+03
   5.730  0.1244E+01  0.1766E+03
   5.740  0.1244E+01  0.1767E+03
   5.750  0.1244E+01  0.1767E+03
   5.760  0.1245E+01  0.1767E+03
   5.770  0.1245E+01  0.1767E+03
   5.780  0.1245E+01  0.1767E+03
   5.790  0.1256E+01  0.1767E+03
   5.800  0.1322E+01  0.1767E+03
   5.810  0.1420E+01  0.1767E+03
   5.820  0.1542E+01  0.1768E+03
   5.830  0.1701E+01  0.1768E+03
   5.840  0.1904E+01  0.1768E+03
   5.850  0.2105E+01  0.1768E+03
   5.860  0.2299E+01  0.1768E+03
   5.870  0.2486E+01  0.1769E+03
   5.880  0.2674E+01  0.1769E+03
   5.890  0.2862E+01  0.1769E+03
   5.900  0.3051E+01  0.1769E+03
   5.910  0.3764E+01  0.1770E+03
   5.920  0.4247E+01  0.1770E+03
   5.930  0.4254E+01  0.1771E+03
   5.940  0.4261E+01  0.1771E+03
   5.950  0.4268E+01  0.1771E+03
   5.960  0.4275E+01  0.1772E+03
   5.970  0.4282E+01  0.1772E+03
   5.980  0.4289E+01  0.1773E+03
   5.990  0.4296E+01  0.1773E+03
   6.000  0.4303E+01  0.1774E+03
   6.010  0.4309E+01  0.1774E+03
   6.020  0.4316E+01  0.1774E+03
   6.030  0.8621E+01  0.1775E+03
   6.040  0.8768E+01  0.1776E+03
   6.050  0.1023E+02  0.1777E+03
   6.060  0.7029E+01  0.1778E+03
   6.070  0.5972E+01  0.1779E+03
   6.080  0.4540E+01  0.1779E+03
   6.090  0.3544E+01  0.1780E+03
   6.100  0.2364E+01  0.1780E+03
