#  E (eV)   dos(E)     Int dos(E) EFermi =    2.571 eV
 -17.946  0.2908E+01  0.1157E-02
 -17.926  0.6990E+02  0.5934E+00
 -17.906  0.3059E+02  0.1825E+01
 -17.886  0.0000E+00  0.2000E+01
 -17.866  0.0000E+00  0.2000E+01
 -17.846  0.0000E+00  0.2000E+01
 -17.826  0.0000E+00  0.2000E+01
 -17.806  0.0000E+00  0.2000E+01
 -17.786  0.0000E+00  0.2000E+01
 -17.766  0.0000E+00  0.2000E+01
 -17.746  0.0000E+00  0.2000E+01
 -17.726  0.0000E+00  0.2000E+01
 -17.706  0.0000E+00  0.2000E+01
 -17.686  0.0000E+00  0.2000E+01
 -17.666  0.0000E+00  0.2000E+01
 -17.646  0.0000E+00  0.2000E+01
 -17.626  0.0000E+00  0.2000E+01
 -17.606  0.0000E+00  0.2000E+01
 -17.586  0.0000E+00  0.2000E+01
 -17.566  0.0000E+00  0.2000E+01
 -17.546  0.0000E+00  0.2000E+01
 -17.526  0.0000E+00  0.2000E+01
 -17.506  0.0000E+00  0.2000E+01
 -17.486  0.0000E+00  0.2000E+01
 -17.466  0.0000E+00  0.2000E+01
 -17.446  0.0000E+00  0.2000E+01
 -17.426  0.0000E+00  0.2000E+01
 -17.406  0.0000E+00  0.2000E+01
 -17.386  0.0000E+00  0.2000E+01
 -17.366  0.0000E+00  0.2000E+01
 -17.346  0.0000E+00  0.2000E+01
 -17.326  0.0000E+00  0.2000E+01
 -17.306  0.0000E+00  0.2000E+01
 -17.286  0.0000E+00  0.2000E+01
 -17.266  0.0000E+00  0.2000E+01
 -17.246  0.0000E+00  0.2000E+01
 -17.226  0.0000E+00  0.2000E+01
 -17.206  0.0000E+00  0.2000E+01
 -17.186  0.0000E+00  0.2000E+01
 -17.166  0.0000E+00  0.2000E+01
 -17.146  0.0000E+00  0.2000E+01
 -17.126  0.0000E+00  0.2000E+01
 -17.106  0.0000E+00  0.2000E+01
 -17.086  0.0000E+00  0.2000E+01
 -17.066  0.0000E+00  0.2000E+01
 -17.046  0.0000E+00  0.2000E+01
 -17.026  0.0000E+00  0.2000E+01
 -17.006  0.0000E+00  0.2000E+01
 -16.986  0.0000E+00  0.2000E+01
 -16.966  0.0000E+00  0.2000E+01
 -16.946  0.0000E+00  0.2000E+01
 -16.926  0.0000E+00  0.2000E+01
 -16.906  0.0000E+00  0.2000E+01
 -16.886  0.0000E+00  0.2000E+01
 -16.866  0.0000E+00  0.2000E+01
 -16.846  0.0000E+00  0.2000E+01
 -16.826  0.0000E+00  0.2000E+01
 -16.806  0.0000E+00  0.2000E+01
 -16.786  0.0000E+00  0.2000E+01
 -16.766  0.0000E+00  0.2000E+01
 -16.746  0.0000E+00  0.2000E+01
 -16.726  0.0000E+00  0.2000E+01
 -16.706  0.0000E+00  0.2000E+01
 -16.686  0.0000E+00  0.2000E+01
 -16.666  0.0000E+00  0.2000E+01
 -16.646  0.0000E+00  0.2000E+01
 -16.626  0.0000E+00  0.2000E+01
 -16.606  0.0000E+00  0.2000E+01
 -16.586  0.0000E+00  0.2000E+01
 -16.566  0.0000E+00  0.2000E+01
 -16.546  0.0000E+00  0.2000E+01
 -16.526  0.0000E+00  0.2000E+01
 -16.506  0.0000E+00  0.2000E+01
 -16.486  0.0000E+00  0.2000E+01
 -16.466  0.0000E+00  0.2000E+01
 -16.446  0.0000E+00  0.2000E+01
 -16.426  0.0000E+00  0.2000E+01
 -16.406  0.0000E+00  0.2000E+01
 -16.386  0.0000E+00  0.2000E+01
 -16.366  0.0000E+00  0.2000E+01
 -16.346  0.0000E+00  0.2000E+01
 -16.326  0.0000E+00  0.2000E+01
 -16.306  0.0000E+00  0.2000E+01
 -16.286  0.0000E+00  0.2000E+01
 -16.266  0.0000E+00  0.2000E+01
 -16.246  0.0000E+00  0.2000E+01
 -16.226  0.0000E+00  0.2000E+01
 -16.206  0.0000E+00  0.2000E+01
 -16.186  0.0000E+00  0.2000E+01
 -16.166  0.0000E+00  0.2000E+01
 -16.146  0.0000E+00  0.2000E+01
 -16.126  0.0000E+00  0.2000E+01
 -16.106  0.0000E+00  0.2000E+01
 -16.086  0.0000E+00  0.2000E+01
 -16.066  0.0000E+00  0.2000E+01
 -16.046  0.0000E+00  0.2000E+01
 -16.026  0.0000E+00  0.2000E+01
 -16.006  0.0000E+00  0.2000E+01
 -15.986  0.0000E+00  0.2000E+01
 -15.966  0.0000E+00  0.2000E+01
 -15.946  0.0000E+00  0.2000E+01
 -15.926  0.0000E+00  0.2000E+01
 -15.906  0.0000E+00  0.2000E+01
 -15.886  0.0000E+00  0.2000E+01
 -15.866  0.0000E+00  0.2000E+01
 -15.846  0.0000E+00  0.2000E+01
 -15.826  0.0000E+00  0.2000E+01
 -15.806  0.0000E+00  0.2000E+01
 -15.786  0.0000E+00  0.2000E+01
 -15.766  0.0000E+00  0.2000E+01
 -15.746  0.0000E+00  0.2000E+01
 -15.726  0.0000E+00  0.2000E+01
 -15.706  0.0000E+00  0.2000E+01
 -15.686  0.0000E+00  0.2000E+01
 -15.666  0.0000E+00  0.2000E+01
 -15.646  0.0000E+00  0.2000E+01
 -15.626  0.0000E+00  0.2000E+01
 -15.606  0.0000E+00  0.2000E+01
 -15.586  0.0000E+00  0.2000E+01
 -15.566  0.0000E+00  0.2000E+01
 -15.546  0.0000E+00  0.2000E+01
 -15.526  0.0000E+00  0.2000E+01
 -15.506  0.0000E+00  0.2000E+01
 -15.486  0.0000E+00  0.2000E+01
 -15.466  0.0000E+00  0.2000E+01
 -15.446  0.0000E+00  0.2000E+01
 -15.426  0.0000E+00  0.2000E+01
 -15.406  0.0000E+00  0.2000E+01
 -15.386  0.0000E+00  0.2000E+01
 -15.366  0.0000E+00  0.2000E+01
 -15.346  0.0000E+00  0.2000E+01
 -15.326  0.0000E+00  0.2000E+01
 -15.306  0.0000E+00  0.2000E+01
 -15.286  0.0000E+00  0.2000E+01
 -15.266  0.0000E+00  0.2000E+01
 -15.246  0.0000E+00  0.2000E+01
 -15.226  0.0000E+00  0.2000E+01
 -15.206  0.0000E+00  0.2000E+01
 -15.186  0.0000E+00  0.2000E+01
 -15.166  0.0000E+00  0.2000E+01
 -15.146  0.0000E+00  0.2000E+01
 -15.126  0.0000E+00  0.2000E+01
 -15.106  0.0000E+00  0.2000E+01
 -15.086  0.0000E+00  0.2000E+01
 -15.066  0.0000E+00  0.2000E+01
 -15.046  0.0000E+00  0.2000E+01
 -15.026  0.0000E+00  0.2000E+01
 -15.006  0.0000E+00  0.2000E+01
 -14.986  0.0000E+00  0.2000E+01
 -14.966  0.0000E+00  0.2000E+01
 -14.946  0.0000E+00  0.2000E+01
 -14.926  0.0000E+00  0.2000E+01
 -14.906  0.0000E+00  0.2000E+01
 -14.886  0.0000E+00  0.2000E+01
 -14.866  0.0000E+00  0.2000E+01
 -14.846  0.0000E+00  0.2000E+01
 -14.826  0.0000E+00  0.2000E+01
 -14.806  0.0000E+00  0.2000E+01
 -14.786  0.0000E+00  0.2000E+01
 -14.766  0.0000E+00  0.2000E+01
 -14.746  0.0000E+00  0.2000E+01
 -14.726  0.0000E+00  0.2000E+01
 -14.706  0.0000E+00  0.2000E+01
 -14.686  0.0000E+00  0.2000E+01
 -14.666  0.0000E+00  0.2000E+01
 -14.646  0.0000E+00  0.2000E+01
 -14.626  0.0000E+00  0.2000E+01
 -14.606  0.0000E+00  0.2000E+01
 -14.586  0.0000E+00  0.2000E+01
 -14.566  0.0000E+00  0.2000E+01
 -14.546  0.0000E+00  0.2000E+01
 -14.526  0.0000E+00  0.2000E+01
 -14.506  0.0000E+00  0.2000E+01
 -14.486  0.0000E+00  0.2000E+01
 -14.466  0.0000E+00  0.2000E+01
 -14.446  0.0000E+00  0.2000E+01
 -14.426  0.0000E+00  0.2000E+01
 -14.406  0.0000E+00  0.2000E+01
 -14.386  0.0000E+00  0.2000E+01
 -14.366  0.0000E+00  0.2000E+01
 -14.346  0.0000E+00  0.2000E+01
 -14.326  0.0000E+00  0.2000E+01
 -14.306  0.0000E+00  0.2000E+01
 -14.286  0.0000E+00  0.2000E+01
 -14.266  0.0000E+00  0.2000E+01
 -14.246  0.0000E+00  0.2000E+01
 -14.226  0.0000E+00  0.2000E+01
 -14.206  0.0000E+00  0.2000E+01
 -14.186  0.0000E+00  0.2000E+01
 -14.166  0.0000E+00  0.2000E+01
 -14.146  0.0000E+00  0.2000E+01
 -14.126  0.0000E+00  0.2000E+01
 -14.106  0.0000E+00  0.2000E+01
 -14.086  0.0000E+00  0.2000E+01
 -14.066  0.0000E+00  0.2000E+01
 -14.046  0.0000E+00  0.2000E+01
 -14.026  0.0000E+00  0.2000E+01
 -14.006  0.0000E+00  0.2000E+01
 -13.986  0.0000E+00  0.2000E+01
 -13.966  0.0000E+00  0.2000E+01
 -13.946  0.0000E+00  0.2000E+01
 -13.926  0.0000E+00  0.2000E+01
 -13.906  0.0000E+00  0.2000E+01
 -13.886  0.0000E+00  0.2000E+01
 -13.866  0.0000E+00  0.2000E+01
 -13.846  0.0000E+00  0.2000E+01
 -13.826  0.0000E+00  0.2000E+01
 -13.806  0.0000E+00  0.2000E+01
 -13.786  0.0000E+00  0.2000E+01
 -13.766  0.0000E+00  0.2000E+01
 -13.746  0.0000E+00  0.2000E+01
 -13.726  0.0000E+00  0.2000E+01
 -13.706  0.0000E+00  0.2000E+01
 -13.686  0.0000E+00  0.2000E+01
 -13.666  0.0000E+00  0.2000E+01
 -13.646  0.0000E+00  0.2000E+01
 -13.626  0.0000E+00  0.2000E+01
 -13.606  0.0000E+00  0.2000E+01
 -13.586  0.0000E+00  0.2000E+01
 -13.566  0.0000E+00  0.2000E+01
 -13.546  0.0000E+00  0.2000E+01
 -13.526  0.0000E+00  0.2000E+01
 -13.506  0.0000E+00  0.2000E+01
 -13.486  0.0000E+00  0.2000E+01
 -13.466  0.0000E+00  0.2000E+01
 -13.446  0.0000E+00  0.2000E+01
 -13.426  0.0000E+00  0.2000E+01
 -13.406  0.0000E+00  0.2000E+01
 -13.386  0.0000E+00  0.2000E+01
 -13.366  0.0000E+00  0.2000E+01
 -13.346  0.0000E+00  0.2000E+01
 -13.326  0.0000E+00  0.2000E+01
 -13.306  0.0000E+00  0.2000E+01
 -13.286  0.0000E+00  0.2000E+01
 -13.266  0.0000E+00  0.2000E+01
 -13.246  0.0000E+00  0.2000E+01
 -13.226  0.0000E+00  0.2000E+01
 -13.206  0.0000E+00  0.2000E+01
 -13.186  0.0000E+00  0.2000E+01
 -13.166  0.0000E+00  0.2000E+01
 -13.146  0.0000E+00  0.2000E+01
 -13.126  0.0000E+00  0.2000E+01
 -13.106  0.0000E+00  0.2000E+01
 -13.086  0.0000E+00  0.2000E+01
 -13.066  0.0000E+00  0.2000E+01
 -13.046  0.0000E+00  0.2000E+01
 -13.026  0.0000E+00  0.2000E+01
 -13.006  0.0000E+00  0.2000E+01
 -12.986  0.0000E+00  0.2000E+01
 -12.966  0.0000E+00  0.2000E+01
 -12.946  0.0000E+00  0.2000E+01
 -12.926  0.0000E+00  0.2000E+01
 -12.906  0.0000E+00  0.2000E+01
 -12.886  0.0000E+00  0.2000E+01
 -12.866  0.0000E+00  0.2000E+01
 -12.846  0.0000E+00  0.2000E+01
 -12.826  0.0000E+00  0.2000E+01
 -12.806  0.0000E+00  0.2000E+01
 -12.786  0.0000E+00  0.2000E+01
 -12.766  0.0000E+00  0.2000E+01
 -12.746  0.0000E+00  0.2000E+01
 -12.726  0.0000E+00  0.2000E+01
 -12.706  0.0000E+00  0.2000E+01
 -12.686  0.0000E+00  0.2000E+01
 -12.666  0.0000E+00  0.2000E+01
 -12.646  0.0000E+00  0.2000E+01
 -12.626  0.0000E+00  0.2000E+01
 -12.606  0.0000E+00  0.2000E+01
 -12.586  0.0000E+00  0.2000E+01
 -12.566  0.0000E+00  0.2000E+01
 -12.546  0.0000E+00  0.2000E+01
 -12.526  0.0000E+00  0.2000E+01
 -12.506  0.0000E+00  0.2000E+01
 -12.486  0.0000E+00  0.2000E+01
 -12.466  0.0000E+00  0.2000E+01
 -12.446  0.0000E+00  0.2000E+01
 -12.426  0.0000E+00  0.2000E+01
 -12.406  0.0000E+00  0.2000E+01
 -12.386  0.0000E+00  0.2000E+01
 -12.366  0.0000E+00  0.2000E+01
 -12.346  0.0000E+00  0.2000E+01
 -12.326  0.0000E+00  0.2000E+01
 -12.306  0.0000E+00  0.2000E+01
 -12.286  0.0000E+00  0.2000E+01
 -12.266  0.0000E+00  0.2000E+01
 -12.246  0.0000E+00  0.2000E+01
 -12.226  0.0000E+00  0.2000E+01
 -12.206  0.0000E+00  0.2000E+01
 -12.186  0.0000E+00  0.2000E+01
 -12.166  0.0000E+00  0.2000E+01
 -12.146  0.0000E+00  0.2000E+01
 -12.126  0.0000E+00  0.2000E+01
 -12.106  0.0000E+00  0.2000E+01
 -12.086  0.0000E+00  0.2000E+01
 -12.066  0.0000E+00  0.2000E+01
 -12.046  0.0000E+00  0.2000E+01
 -12.026  0.0000E+00  0.2000E+01
 -12.006  0.0000E+00  0.2000E+01
 -11.986  0.0000E+00  0.2000E+01
 -11.966  0.0000E+00  0.2000E+01
 -11.946  0.0000E+00  0.2000E+01
 -11.926  0.0000E+00  0.2000E+01
 -11.906  0.0000E+00  0.2000E+01
 -11.886  0.0000E+00  0.2000E+01
 -11.866  0.0000E+00  0.2000E+01
 -11.846  0.0000E+00  0.2000E+01
 -11.826  0.0000E+00  0.2000E+01
 -11.806  0.0000E+00  0.2000E+01
 -11.786  0.0000E+00  0.2000E+01
 -11.766  0.0000E+00  0.2000E+01
 -11.746  0.0000E+00  0.2000E+01
 -11.726  0.0000E+00  0.2000E+01
 -11.706  0.0000E+00  0.2000E+01
 -11.686  0.0000E+00  0.2000E+01
 -11.666  0.0000E+00  0.2000E+01
 -11.646  0.0000E+00  0.2000E+01
 -11.626  0.0000E+00  0.2000E+01
 -11.606  0.0000E+00  0.2000E+01
 -11.586  0.0000E+00  0.2000E+01
 -11.566  0.0000E+00  0.2000E+01
 -11.546  0.0000E+00  0.2000E+01
 -11.526  0.0000E+00  0.2000E+01
 -11.506  0.0000E+00  0.2000E+01
 -11.486  0.0000E+00  0.2000E+01
 -11.466  0.0000E+00  0.2000E+01
 -11.446  0.0000E+00  0.2000E+01
 -11.426  0.0000E+00  0.2000E+01
 -11.406  0.0000E+00  0.2000E+01
 -11.386  0.0000E+00  0.2000E+01
 -11.366  0.0000E+00  0.2000E+01
 -11.346  0.0000E+00  0.2000E+01
 -11.326  0.0000E+00  0.2000E+01
 -11.306  0.0000E+00  0.2000E+01
 -11.286  0.0000E+00  0.2000E+01
 -11.266  0.0000E+00  0.2000E+01
 -11.246  0.0000E+00  0.2000E+01
 -11.226  0.0000E+00  0.2000E+01
 -11.206  0.0000E+00  0.2000E+01
 -11.186  0.0000E+00  0.2000E+01
 -11.166  0.0000E+00  0.2000E+01
 -11.146  0.0000E+00  0.2000E+01
 -11.126  0.0000E+00  0.2000E+01
 -11.106  0.0000E+00  0.2000E+01
 -11.086  0.0000E+00  0.2000E+01
 -11.066  0.0000E+00  0.2000E+01
 -11.046  0.0000E+00  0.2000E+01
 -11.026  0.0000E+00  0.2000E+01
 -11.006  0.0000E+00  0.2000E+01
 -10.986  0.0000E+00  0.2000E+01
 -10.966  0.0000E+00  0.2000E+01
 -10.946  0.0000E+00  0.2000E+01
 -10.926  0.0000E+00  0.2000E+01
 -10.906  0.0000E+00  0.2000E+01
 -10.886  0.0000E+00  0.2000E+01
 -10.866  0.0000E+00  0.2000E+01
 -10.846  0.0000E+00  0.2000E+01
 -10.826  0.0000E+00  0.2000E+01
 -10.806  0.0000E+00  0.2000E+01
 -10.786  0.0000E+00  0.2000E+01
 -10.766  0.0000E+00  0.2000E+01
 -10.746  0.0000E+00  0.2000E+01
 -10.726  0.0000E+00  0.2000E+01
 -10.706  0.0000E+00  0.2000E+01
 -10.686  0.0000E+00  0.2000E+01
 -10.666  0.0000E+00  0.2000E+01
 -10.646  0.0000E+00  0.2000E+01
 -10.626  0.0000E+00  0.2000E+01
 -10.606  0.0000E+00  0.2000E+01
 -10.586  0.0000E+00  0.2000E+01
 -10.566  0.0000E+00  0.2000E+01
 -10.546  0.0000E+00  0.2000E+01
 -10.526  0.0000E+00  0.2000E+01
 -10.506  0.0000E+00  0.2000E+01
 -10.486  0.0000E+00  0.2000E+01
 -10.466  0.0000E+00  0.2000E+01
 -10.446  0.0000E+00  0.2000E+01
 -10.426  0.0000E+00  0.2000E+01
 -10.406  0.0000E+00  0.2000E+01
 -10.386  0.0000E+00  0.2000E+01
 -10.366  0.0000E+00  0.2000E+01
 -10.346  0.0000E+00  0.2000E+01
 -10.326  0.0000E+00  0.2000E+01
 -10.306  0.0000E+00  0.2000E+01
 -10.286  0.0000E+00  0.2000E+01
 -10.266  0.0000E+00  0.2000E+01
 -10.246  0.0000E+00  0.2000E+01
 -10.226  0.0000E+00  0.2000E+01
 -10.206  0.0000E+00  0.2000E+01
 -10.186  0.0000E+00  0.2000E+01
 -10.166  0.0000E+00  0.2000E+01
 -10.146  0.0000E+00  0.2000E+01
 -10.126  0.0000E+00  0.2000E+01
 -10.106  0.0000E+00  0.2000E+01
 -10.086  0.0000E+00  0.2000E+01
 -10.066  0.0000E+00  0.2000E+01
 -10.046  0.0000E+00  0.2000E+01
 -10.026  0.0000E+00  0.2000E+01
 -10.006  0.0000E+00  0.2000E+01
  -9.986  0.0000E+00  0.2000E+01
  -9.966  0.0000E+00  0.2000E+01
  -9.946  0.0000E+00  0.2000E+01
  -9.926  0.0000E+00  0.2000E+01
  -9.906  0.0000E+00  0.2000E+01
  -9.886  0.0000E+00  0.2000E+01
  -9.866  0.0000E+00  0.2000E+01
  -9.846  0.0000E+00  0.2000E+01
  -9.826  0.0000E+00  0.2000E+01
  -9.806  0.0000E+00  0.2000E+01
  -9.786  0.0000E+00  0.2000E+01
  -9.766  0.0000E+00  0.2000E+01
  -9.746  0.0000E+00  0.2000E+01
  -9.726  0.0000E+00  0.2000E+01
  -9.706  0.0000E+00  0.2000E+01
  -9.686  0.0000E+00  0.2000E+01
  -9.666  0.0000E+00  0.2000E+01
  -9.646  0.0000E+00  0.2000E+01
  -9.626  0.0000E+00  0.2000E+01
  -9.606  0.0000E+00  0.2000E+01
  -9.586  0.0000E+00  0.2000E+01
  -9.566  0.0000E+00  0.2000E+01
  -9.546  0.0000E+00  0.2000E+01
  -9.526  0.0000E+00  0.2000E+01
  -9.506  0.0000E+00  0.2000E+01
  -9.486  0.0000E+00  0.2000E+01
  -9.466  0.0000E+00  0.2000E+01
  -9.446  0.0000E+00  0.2000E+01
  -9.426  0.0000E+00  0.2000E+01
  -9.406  0.0000E+00  0.2000E+01
  -9.386  0.0000E+00  0.2000E+01
  -9.366  0.0000E+00  0.2000E+01
  -9.346  0.0000E+00  0.2000E+01
  -9.326  0.0000E+00  0.2000E+01
  -9.306  0.0000E+00  0.2000E+01
  -9.286  0.0000E+00  0.2000E+01
  -9.266  0.0000E+00  0.2000E+01
  -9.246  0.0000E+00  0.2000E+01
  -9.226  0.0000E+00  0.2000E+01
  -9.206  0.0000E+00  0.2000E+01
  -9.186  0.0000E+00  0.2000E+01
  -9.166  0.0000E+00  0.2000E+01
  -9.146  0.0000E+00  0.2000E+01
  -9.126  0.0000E+00  0.2000E+01
  -9.106  0.0000E+00  0.2000E+01
  -9.086  0.0000E+00  0.2000E+01
  -9.066  0.0000E+00  0.2000E+01
  -9.046  0.0000E+00  0.2000E+01
  -9.026  0.0000E+00  0.2000E+01
  -9.006  0.0000E+00  0.2000E+01
  -8.986  0.0000E+00  0.2000E+01
  -8.966  0.0000E+00  0.2000E+01
  -8.946  0.0000E+00  0.2000E+01
  -8.926  0.0000E+00  0.2000E+01
  -8.906  0.0000E+00  0.2000E+01
  -8.886  0.0000E+00  0.2000E+01
  -8.866  0.0000E+00  0.2000E+01
  -8.846  0.0000E+00  0.2000E+01
  -8.826  0.0000E+00  0.2000E+01
  -8.806  0.0000E+00  0.2000E+01
  -8.786  0.0000E+00  0.2000E+01
  -8.766  0.0000E+00  0.2000E+01
  -8.746  0.0000E+00  0.2000E+01
  -8.726  0.0000E+00  0.2000E+01
  -8.706  0.0000E+00  0.2000E+01
  -8.686  0.0000E+00  0.2000E+01
  -8.666  0.0000E+00  0.2000E+01
  -8.646  0.0000E+00  0.2000E+01
  -8.626  0.0000E+00  0.2000E+01
  -8.606  0.0000E+00  0.2000E+01
  -8.586  0.0000E+00  0.2000E+01
  -8.566  0.0000E+00  0.2000E+01
  -8.546  0.0000E+00  0.2000E+01
  -8.526  0.0000E+00  0.2000E+01
  -8.506  0.0000E+00  0.2000E+01
  -8.486  0.0000E+00  0.2000E+01
  -8.466  0.0000E+00  0.2000E+01
  -8.446  0.0000E+00  0.2000E+01
  -8.426  0.0000E+00  0.2000E+01
  -8.406  0.0000E+00  0.2000E+01
  -8.386  0.0000E+00  0.2000E+01
  -8.366  0.0000E+00  0.2000E+01
  -8.346  0.0000E+00  0.2000E+01
  -8.326  0.0000E+00  0.2000E+01
  -8.306  0.0000E+00  0.2000E+01
  -8.286  0.0000E+00  0.2000E+01
  -8.266  0.0000E+00  0.2000E+01
  -8.246  0.0000E+00  0.2000E+01
  -8.226  0.0000E+00  0.2000E+01
  -8.206  0.0000E+00  0.2000E+01
  -8.186  0.0000E+00  0.2000E+01
  -8.166  0.0000E+00  0.2000E+01
  -8.146  0.0000E+00  0.2000E+01
  -8.126  0.0000E+00  0.2000E+01
  -8.106  0.0000E+00  0.2000E+01
  -8.086  0.1567E+02  0.2326E+01
  -8.066  0.1220E+02  0.2593E+01
  -8.046  0.1098E+02  0.2827E+01
  -8.026  0.1028E+02  0.3039E+01
  -8.006  0.9955E+01  0.3241E+01
  -7.986  0.9540E+01  0.3435E+01
  -7.966  0.9043E+01  0.3626E+01
  -7.946  0.5937E+01  0.3777E+01
  -7.926  0.4208E+01  0.3877E+01
  -7.906  0.2896E+01  0.3948E+01
  -7.886  0.1404E+01  0.3992E+01
  -7.866  0.0000E+00  0.4000E+01
  -7.846  0.0000E+00  0.4000E+01
  -7.826  0.0000E+00  0.4000E+01
  -7.806  0.0000E+00  0.4000E+01
  -7.786  0.0000E+00  0.4000E+01
  -7.766  0.0000E+00  0.4000E+01
  -7.746  0.0000E+00  0.4000E+01
  -7.726  0.0000E+00  0.4000E+01
  -7.706  0.0000E+00  0.4000E+01
  -7.686  0.0000E+00  0.4000E+01
  -7.666  0.0000E+00  0.4000E+01
  -7.646  0.0000E+00  0.4000E+01
  -7.626  0.0000E+00  0.4000E+01
  -7.606  0.0000E+00  0.4000E+01
  -7.586  0.0000E+00  0.4000E+01
  -7.566  0.0000E+00  0.4000E+01
  -7.546  0.0000E+00  0.4000E+01
  -7.526  0.0000E+00  0.4000E+01
  -7.506  0.0000E+00  0.4000E+01
  -7.486  0.0000E+00  0.4000E+01
  -7.466  0.0000E+00  0.4000E+01
  -7.446  0.0000E+00  0.4000E+01
  -7.426  0.0000E+00  0.4000E+01
  -7.406  0.0000E+00  0.4000E+01
  -7.386  0.0000E+00  0.4000E+01
  -7.366  0.0000E+00  0.4000E+01
  -7.346  0.0000E+00  0.4000E+01
  -7.326  0.0000E+00  0.4000E+01
  -7.306  0.0000E+00  0.4000E+01
  -7.286  0.0000E+00  0.4000E+01
  -7.266  0.0000E+00  0.4000E+01
  -7.246  0.0000E+00  0.4000E+01
  -7.226  0.0000E+00  0.4000E+01
  -7.206  0.0000E+00  0.4000E+01
  -7.186  0.0000E+00  0.4000E+01
  -7.166  0.0000E+00  0.4000E+01
  -7.146  0.0000E+00  0.4000E+01
  -7.126  0.0000E+00  0.4000E+01
  -7.106  0.0000E+00  0.4000E+01
  -7.086  0.0000E+00  0.4000E+01
  -7.066  0.0000E+00  0.4000E+01
  -7.046  0.0000E+00  0.4000E+01
  -7.026  0.0000E+00  0.4000E+01
  -7.006  0.0000E+00  0.4000E+01
  -6.986  0.0000E+00  0.4000E+01
  -6.966  0.0000E+00  0.4000E+01
  -6.946  0.0000E+00  0.4000E+01
  -6.926  0.0000E+00  0.4000E+01
  -6.906  0.0000E+00  0.4000E+01
  -6.886  0.0000E+00  0.4000E+01
  -6.866  0.0000E+00  0.4000E+01
  -6.846  0.0000E+00  0.4000E+01
  -6.826  0.0000E+00  0.4000E+01
  -6.806  0.0000E+00  0.4000E+01
  -6.786  0.0000E+00  0.4000E+01
  -6.766  0.0000E+00  0.4000E+01
  -6.746  0.0000E+00  0.4000E+01
  -6.726  0.0000E+00  0.4000E+01
  -6.706  0.0000E+00  0.4000E+01
  -6.686  0.0000E+00  0.4000E+01
  -6.666  0.0000E+00  0.4000E+01
  -6.646  0.0000E+00  0.4000E+01
  -6.626  0.0000E+00  0.4000E+01
  -6.606  0.0000E+00  0.4000E+01
  -6.586  0.0000E+00  0.4000E+01
  -6.566  0.0000E+00  0.4000E+01
  -6.546  0.0000E+00  0.4000E+01
  -6.526  0.0000E+00  0.4000E+01
  -6.506  0.0000E+00  0.4000E+01
  -6.486  0.0000E+00  0.4000E+01
  -6.466  0.0000E+00  0.4000E+01
  -6.446  0.0000E+00  0.4000E+01
  -6.426  0.0000E+00  0.4000E+01
  -6.406  0.0000E+00  0.4000E+01
  -6.386  0.0000E+00  0.4000E+01
  -6.366  0.0000E+00  0.4000E+01
  -6.346  0.0000E+00  0.4000E+01
  -6.326  0.0000E+00  0.4000E+01
  -6.306  0.0000E+00  0.4000E+01
  -6.286  0.0000E+00  0.4000E+01
  -6.266  0.0000E+00  0.4000E+01
  -6.246  0.0000E+00  0.4000E+01
  -6.226  0.0000E+00  0.4000E+01
  -6.206  0.0000E+00  0.4000E+01
  -6.186  0.0000E+00  0.4000E+01
  -6.166  0.0000E+00  0.4000E+01
  -6.146  0.0000E+00  0.4000E+01
  -6.126  0.0000E+00  0.4000E+01
  -6.106  0.0000E+00  0.4000E+01
  -6.086  0.0000E+00  0.4000E+01
  -6.066  0.0000E+00  0.4000E+01
  -6.046  0.0000E+00  0.4000E+01
  -6.026  0.0000E+00  0.4000E+01
  -6.006  0.0000E+00  0.4000E+01
  -5.986  0.0000E+00  0.4000E+01
  -5.966  0.0000E+00  0.4000E+01
  -5.946  0.0000E+00  0.4000E+01
  -5.926  0.0000E+00  0.4000E+01
  -5.906  0.0000E+00  0.4000E+01
  -5.886  0.0000E+00  0.4000E+01
  -5.866  0.0000E+00  0.4000E+01
  -5.846  0.0000E+00  0.4000E+01
  -5.826  0.0000E+00  0.4000E+01
  -5.806  0.0000E+00  0.4000E+01
  -5.786  0.0000E+00  0.4000E+01
  -5.766  0.0000E+00  0.4000E+01
  -5.746  0.0000E+00  0.4000E+01
  -5.726  0.0000E+00  0.4000E+01
  -5.706  0.0000E+00  0.4000E+01
  -5.686  0.0000E+00  0.4000E+01
  -5.666  0.0000E+00  0.4000E+01
  -5.646  0.0000E+00  0.4000E+01
  -5.626  0.0000E+00  0.4000E+01
  -5.606  0.0000E+00  0.4000E+01
  -5.586  0.0000E+00  0.4000E+01
  -5.566  0.0000E+00  0.4000E+01
  -5.546  0.0000E+00  0.4000E+01
  -5.526  0.0000E+00  0.4000E+01
  -5.506  0.0000E+00  0.4000E+01
  -5.486  0.0000E+00  0.4000E+01
  -5.466  0.0000E+00  0.4000E+01
  -5.446  0.0000E+00  0.4000E+01
  -5.426  0.0000E+00  0.4000E+01
  -5.406  0.0000E+00  0.4000E+01
  -5.386  0.0000E+00  0.4000E+01
  -5.366  0.0000E+00  0.4000E+01
  -5.346  0.0000E+00  0.4000E+01
  -5.326  0.0000E+00  0.4000E+01
  -5.306  0.0000E+00  0.4000E+01
  -5.286  0.0000E+00  0.4000E+01
  -5.266  0.0000E+00  0.4000E+01
  -5.246  0.0000E+00  0.4000E+01
  -5.226  0.0000E+00  0.4000E+01
  -5.206  0.0000E+00  0.4000E+01
  -5.186  0.0000E+00  0.4000E+01
  -5.166  0.0000E+00  0.4000E+01
  -5.146  0.0000E+00  0.4000E+01
  -5.126  0.0000E+00  0.4000E+01
  -5.106  0.0000E+00  0.4000E+01
  -5.086  0.0000E+00  0.4000E+01
  -5.066  0.0000E+00  0.4000E+01
  -5.046  0.0000E+00  0.4000E+01
  -5.026  0.0000E+00  0.4000E+01
  -5.006  0.0000E+00  0.4000E+01
  -4.986  0.0000E+00  0.4000E+01
  -4.966  0.0000E+00  0.4000E+01
  -4.946  0.0000E+00  0.4000E+01
  -4.926  0.1347E+01  0.4004E+01
  -4.906  0.6914E+01  0.4090E+01
  -4.886  0.1172E+02  0.4275E+01
  -4.866  0.2138E+02  0.4616E+01
  -4.846  0.2103E+02  0.5050E+01
  -4.826  0.1877E+02  0.5449E+01
  -4.806  0.1939E+02  0.5803E+01
  -4.786  0.1734E+02  0.6143E+01
  -4.766  0.1563E+02  0.6490E+01
  -4.746  0.1342E+02  0.6792E+01
  -4.726  0.1290E+02  0.7053E+01
  -4.706  0.1322E+02  0.7313E+01
  -4.686  0.1471E+02  0.7578E+01
  -4.666  0.1451E+02  0.7867E+01
  -4.646  0.1508E+02  0.8162E+01
  -4.626  0.1870E+02  0.8544E+01
  -4.606  0.3656E+02  0.9051E+01
  -4.586  0.2323E+02  0.9596E+01
  -4.566  0.9171E+01  0.9909E+01
  -4.546  0.0000E+00  0.1000E+02
  -4.526  0.0000E+00  0.1000E+02
  -4.506  0.0000E+00  0.1000E+02
  -4.486  0.0000E+00  0.1000E+02
  -4.466  0.0000E+00  0.1000E+02
  -4.446  0.0000E+00  0.1000E+02
  -4.426  0.0000E+00  0.1000E+02
  -4.406  0.0000E+00  0.1000E+02
  -4.386  0.0000E+00  0.1000E+02
  -4.366  0.0000E+00  0.1000E+02
  -4.346  0.0000E+00  0.1000E+02
  -4.326  0.0000E+00  0.1000E+02
  -4.306  0.0000E+00  0.1000E+02
  -4.286  0.0000E+00  0.1000E+02
  -4.266  0.0000E+00  0.1000E+02
  -4.246  0.0000E+00  0.1000E+02
  -4.226  0.0000E+00  0.1000E+02
  -4.206  0.0000E+00  0.1000E+02
  -4.186  0.0000E+00  0.1000E+02
  -4.166  0.0000E+00  0.1000E+02
  -4.146  0.0000E+00  0.1000E+02
  -4.126  0.0000E+00  0.1000E+02
  -4.106  0.0000E+00  0.1000E+02
  -4.086  0.0000E+00  0.1000E+02
  -4.066  0.0000E+00  0.1000E+02
  -4.046  0.0000E+00  0.1000E+02
  -4.026  0.0000E+00  0.1000E+02
  -4.006  0.0000E+00  0.1000E+02
  -3.986  0.0000E+00  0.1000E+02
  -3.966  0.0000E+00  0.1000E+02
  -3.946  0.0000E+00  0.1000E+02
  -3.926  0.0000E+00  0.1000E+02
  -3.906  0.0000E+00  0.1000E+02
  -3.886  0.0000E+00  0.1000E+02
  -3.866  0.0000E+00  0.1000E+02
  -3.846  0.0000E+00  0.1000E+02
  -3.826  0.0000E+00  0.1000E+02
  -3.806  0.0000E+00  0.1000E+02
  -3.786  0.0000E+00  0.1000E+02
  -3.766  0.0000E+00  0.1000E+02
  -3.746  0.0000E+00  0.1000E+02
  -3.726  0.0000E+00  0.1000E+02
  -3.706  0.0000E+00  0.1000E+02
  -3.686  0.0000E+00  0.1000E+02
  -3.666  0.0000E+00  0.1000E+02
  -3.646  0.0000E+00  0.1000E+02
  -3.626  0.0000E+00  0.1000E+02
  -3.606  0.0000E+00  0.1000E+02
  -3.586  0.0000E+00  0.1000E+02
  -3.566  0.0000E+00  0.1000E+02
  -3.546  0.0000E+00  0.1000E+02
  -3.526  0.0000E+00  0.1000E+02
  -3.506  0.0000E+00  0.1000E+02
  -3.486  0.0000E+00  0.1000E+02
  -3.466  0.0000E+00  0.1000E+02
  -3.446  0.0000E+00  0.1000E+02
  -3.426  0.0000E+00  0.1000E+02
  -3.406  0.0000E+00  0.1000E+02
  -3.386  0.0000E+00  0.1000E+02
  -3.366  0.0000E+00  0.1000E+02
  -3.346  0.0000E+00  0.1000E+02
  -3.326  0.0000E+00  0.1000E+02
  -3.306  0.0000E+00  0.1000E+02
  -3.286  0.0000E+00  0.1000E+02
  -3.266  0.0000E+00  0.1000E+02
  -3.246  0.0000E+00  0.1000E+02
  -3.226  0.0000E+00  0.1000E+02
  -3.206  0.0000E+00  0.1000E+02
  -3.186  0.0000E+00  0.1000E+02
  -3.166  0.0000E+00  0.1000E+02
  -3.146  0.0000E+00  0.1000E+02
  -3.126  0.0000E+00  0.1000E+02
  -3.106  0.0000E+00  0.1000E+02
  -3.086  0.0000E+00  0.1000E+02
  -3.066  0.0000E+00  0.1000E+02
  -3.046  0.0000E+00  0.1000E+02
  -3.026  0.0000E+00  0.1000E+02
  -3.006  0.0000E+00  0.1000E+02
  -2.986  0.0000E+00  0.1000E+02
  -2.966  0.0000E+00  0.1000E+02
  -2.946  0.0000E+00  0.1000E+02
  -2.926  0.0000E+00  0.1000E+02
  -2.906  0.0000E+00  0.1000E+02
  -2.886  0.0000E+00  0.1000E+02
  -2.866  0.0000E+00  0.1000E+02
  -2.846  0.0000E+00  0.1000E+02
  -2.826  0.0000E+00  0.1000E+02
  -2.806  0.0000E+00  0.1000E+02
  -2.786  0.0000E+00  0.1000E+02
  -2.766  0.0000E+00  0.1000E+02
  -2.746  0.0000E+00  0.1000E+02
  -2.726  0.0000E+00  0.1000E+02
  -2.706  0.0000E+00  0.1000E+02
  -2.686  0.0000E+00  0.1000E+02
  -2.666  0.0000E+00  0.1000E+02
  -2.646  0.0000E+00  0.1000E+02
  -2.626  0.0000E+00  0.1000E+02
  -2.606  0.0000E+00  0.1000E+02
  -2.586  0.0000E+00  0.1000E+02
  -2.566  0.0000E+00  0.1000E+02
  -2.546  0.0000E+00  0.1000E+02
  -2.526  0.0000E+00  0.1000E+02
  -2.506  0.0000E+00  0.1000E+02
  -2.486  0.0000E+00  0.1000E+02
  -2.466  0.0000E+00  0.1000E+02
  -2.446  0.0000E+00  0.1000E+02
  -2.426  0.0000E+00  0.1000E+02
  -2.406  0.0000E+00  0.1000E+02
  -2.386  0.0000E+00  0.1000E+02
  -2.366  0.0000E+00  0.1000E+02
  -2.346  0.0000E+00  0.1000E+02
  -2.326  0.0000E+00  0.1000E+02
  -2.306  0.0000E+00  0.1000E+02
  -2.286  0.0000E+00  0.1000E+02
  -2.266  0.0000E+00  0.1000E+02
  -2.246  0.0000E+00  0.1000E+02
  -2.226  0.0000E+00  0.1000E+02
  -2.206  0.0000E+00  0.1000E+02
  -2.186  0.0000E+00  0.1000E+02
  -2.166  0.0000E+00  0.1000E+02
  -2.146  0.0000E+00  0.1000E+02
  -2.126  0.0000E+00  0.1000E+02
  -2.106  0.0000E+00  0.1000E+02
  -2.086  0.0000E+00  0.1000E+02
  -2.066  0.0000E+00  0.1000E+02
  -2.046  0.0000E+00  0.1000E+02
  -2.026  0.0000E+00  0.1000E+02
  -2.006  0.0000E+00  0.1000E+02
  -1.986  0.0000E+00  0.1000E+02
  -1.966  0.0000E+00  0.1000E+02
  -1.946  0.0000E+00  0.1000E+02
  -1.926  0.0000E+00  0.1000E+02
  -1.906  0.0000E+00  0.1000E+02
  -1.886  0.0000E+00  0.1000E+02
  -1.866  0.0000E+00  0.1000E+02
  -1.846  0.0000E+00  0.1000E+02
  -1.826  0.0000E+00  0.1000E+02
  -1.806  0.0000E+00  0.1000E+02
  -1.786  0.0000E+00  0.1000E+02
  -1.766  0.0000E+00  0.1000E+02
  -1.746  0.0000E+00  0.1000E+02
  -1.726  0.0000E+00  0.1000E+02
  -1.706  0.0000E+00  0.1000E+02
  -1.686  0.0000E+00  0.1000E+02
  -1.666  0.0000E+00  0.1000E+02
  -1.646  0.0000E+00  0.1000E+02
  -1.626  0.0000E+00  0.1000E+02
  -1.606  0.0000E+00  0.1000E+02
  -1.586  0.0000E+00  0.1000E+02
  -1.566  0.0000E+00  0.1000E+02
  -1.546  0.0000E+00  0.1000E+02
  -1.526  0.0000E+00  0.1000E+02
  -1.506  0.0000E+00  0.1000E+02
  -1.486  0.0000E+00  0.1000E+02
  -1.466  0.0000E+00  0.1000E+02
  -1.446  0.0000E+00  0.1000E+02
  -1.426  0.0000E+00  0.1000E+02
  -1.406  0.0000E+00  0.1000E+02
  -1.386  0.0000E+00  0.1000E+02
  -1.366  0.0000E+00  0.1000E+02
  -1.346  0.0000E+00  0.1000E+02
  -1.326  0.0000E+00  0.1000E+02
  -1.306  0.0000E+00  0.1000E+02
  -1.286  0.0000E+00  0.1000E+02
  -1.266  0.0000E+00  0.1000E+02
  -1.246  0.0000E+00  0.1000E+02
  -1.226  0.0000E+00  0.1000E+02
  -1.206  0.0000E+00  0.1000E+02
  -1.186  0.0000E+00  0.1000E+02
  -1.166  0.0000E+00  0.1000E+02
  -1.146  0.0000E+00  0.1000E+02
  -1.126  0.0000E+00  0.1000E+02
  -1.106  0.0000E+00  0.1000E+02
  -1.086  0.0000E+00  0.1000E+02
  -1.066  0.0000E+00  0.1000E+02
  -1.046  0.0000E+00  0.1000E+02
  -1.026  0.0000E+00  0.1000E+02
  -1.006  0.0000E+00  0.1000E+02
  -0.986  0.0000E+00  0.1000E+02
  -0.966  0.0000E+00  0.1000E+02
  -0.946  0.0000E+00  0.1000E+02
  -0.926  0.0000E+00  0.1000E+02
  -0.906  0.0000E+00  0.1000E+02
  -0.886  0.0000E+00  0.1000E+02
  -0.866  0.0000E+00  0.1000E+02
  -0.846  0.0000E+00  0.1000E+02
  -0.826  0.0000E+00  0.1000E+02
  -0.806  0.0000E+00  0.1000E+02
  -0.786  0.0000E+00  0.1000E+02
  -0.766  0.0000E+00  0.1000E+02
  -0.746  0.0000E+00  0.1000E+02
  -0.726  0.0000E+00  0.1000E+02
  -0.706  0.0000E+00  0.1000E+02
  -0.686  0.0000E+00  0.1000E+02
  -0.666  0.0000E+00  0.1000E+02
  -0.646  0.0000E+00  0.1000E+02
  -0.626  0.0000E+00  0.1000E+02
  -0.606  0.0000E+00  0.1000E+02
  -0.586  0.0000E+00  0.1000E+02
  -0.566  0.0000E+00  0.1000E+02
  -0.546  0.0000E+00  0.1000E+02
  -0.526  0.0000E+00  0.1000E+02
  -0.506  0.0000E+00  0.1000E+02
  -0.486  0.0000E+00  0.1000E+02
  -0.466  0.0000E+00  0.1000E+02
  -0.446  0.0000E+00  0.1000E+02
  -0.426  0.0000E+00  0.1000E+02
  -0.406  0.0000E+00  0.1000E+02
  -0.386  0.0000E+00  0.1000E+02
  -0.366  0.0000E+00  0.1000E+02
  -0.346  0.0000E+00  0.1000E+02
  -0.326  0.0000E+00  0.1000E+02
  -0.306  0.0000E+00  0.1000E+02
  -0.286  0.0000E+00  0.1000E+02
  -0.266  0.0000E+00  0.1000E+02
  -0.246  0.0000E+00  0.1000E+02
  -0.226  0.0000E+00  0.1000E+02
  -0.206  0.0000E+00  0.1000E+02
  -0.186  0.0000E+00  0.1000E+02
  -0.166  0.0000E+00  0.1000E+02
  -0.146  0.0000E+00  0.1000E+02
  -0.126  0.0000E+00  0.1000E+02
  -0.106  0.0000E+00  0.1000E+02
  -0.086  0.0000E+00  0.1000E+02
  -0.066  0.0000E+00  0.1000E+02
  -0.046  0.0000E+00  0.1000E+02
  -0.026  0.0000E+00  0.1000E+02
  -0.006  0.0000E+00  0.1000E+02
   0.014  0.0000E+00  0.1000E+02
   0.034  0.0000E+00  0.1000E+02
   0.054  0.0000E+00  0.1000E+02
   0.074  0.0000E+00  0.1000E+02
   0.094  0.0000E+00  0.1000E+02
   0.114  0.0000E+00  0.1000E+02
   0.134  0.0000E+00  0.1000E+02
   0.154  0.0000E+00  0.1000E+02
   0.174  0.0000E+00  0.1000E+02
   0.194  0.0000E+00  0.1000E+02
   0.214  0.0000E+00  0.1000E+02
   0.234  0.0000E+00  0.1000E+02
   0.254  0.0000E+00  0.1000E+02
   0.274  0.0000E+00  0.1000E+02
   0.294  0.0000E+00  0.1000E+02
   0.314  0.0000E+00  0.1000E+02
   0.334  0.0000E+00  0.1000E+02
   0.354  0.0000E+00  0.1000E+02
   0.374  0.0000E+00  0.1000E+02
   0.394  0.0000E+00  0.1000E+02
   0.414  0.0000E+00  0.1000E+02
   0.434  0.0000E+00  0.1000E+02
   0.454  0.0000E+00  0.1000E+02
   0.474  0.0000E+00  0.1000E+02
   0.494  0.0000E+00  0.1000E+02
   0.514  0.0000E+00  0.1000E+02
   0.534  0.0000E+00  0.1000E+02
   0.554  0.0000E+00  0.1000E+02
   0.574  0.0000E+00  0.1000E+02
   0.594  0.0000E+00  0.1000E+02
   0.614  0.0000E+00  0.1000E+02
   0.634  0.0000E+00  0.1000E+02
   0.654  0.0000E+00  0.1000E+02
   0.674  0.0000E+00  0.1000E+02
   0.694  0.0000E+00  0.1000E+02
   0.714  0.0000E+00  0.1000E+02
   0.734  0.0000E+00  0.1000E+02
   0.754  0.0000E+00  0.1000E+02
   0.774  0.0000E+00  0.1000E+02
   0.794  0.0000E+00  0.1000E+02
   0.814  0.0000E+00  0.1000E+02
   0.834  0.0000E+00  0.1000E+02
   0.854  0.0000E+00  0.1000E+02
   0.874  0.0000E+00  0.1000E+02
   0.894  0.0000E+00  0.1000E+02
   0.914  0.0000E+00  0.1000E+02
   0.934  0.0000E+00  0.1000E+02
   0.954  0.0000E+00  0.1000E+02
   0.974  0.0000E+00  0.1000E+02
   0.994  0.0000E+00  0.1000E+02
   1.014  0.0000E+00  0.1000E+02
   1.034  0.0000E+00  0.1000E+02
   1.054  0.0000E+00  0.1000E+02
   1.074  0.0000E+00  0.1000E+02
   1.094  0.2410E+00  0.1000E+02
   1.114  0.3606E+00  0.1001E+02
   1.134  0.4970E+00  0.1002E+02
   1.154  0.6503E+00  0.1003E+02
   1.174  0.7421E+00  0.1004E+02
   1.194  0.8615E+00  0.1006E+02
   1.214  0.9867E+00  0.1008E+02
   1.234  0.1082E+01  0.1010E+02
   1.254  0.1200E+01  0.1012E+02
   1.274  0.1317E+01  0.1015E+02
   1.294  0.1458E+01  0.1017E+02
   1.314  0.1585E+01  0.1021E+02
   1.334  0.1715E+01  0.1024E+02
   1.354  0.2435E+01  0.1028E+02
   1.374  0.3059E+01  0.1034E+02
   1.394  0.3545E+01  0.1040E+02
   1.414  0.4082E+01  0.1048E+02
   1.434  0.4890E+01  0.1057E+02
   1.454  0.5927E+01  0.1068E+02
   1.474  0.7174E+01  0.1082E+02
   1.494  0.7511E+01  0.1097E+02
   1.514  0.7962E+01  0.1112E+02
   1.534  0.8726E+01  0.1129E+02
   1.554  0.9213E+01  0.1147E+02
   1.574  0.7794E+01  0.1165E+02
   1.594  0.6056E+01  0.1179E+02
   1.614  0.5164E+01  0.1190E+02
   1.634  0.4843E+01  0.1200E+02
   1.654  0.4606E+01  0.1209E+02
   1.674  0.4396E+01  0.1218E+02
   1.694  0.4567E+01  0.1228E+02
   1.714  0.4550E+01  0.1237E+02
   1.734  0.4513E+01  0.1246E+02
   1.754  0.4156E+01  0.1255E+02
   1.774  0.4287E+01  0.1264E+02
   1.794  0.4458E+01  0.1272E+02
   1.814  0.4141E+01  0.1281E+02
   1.834  0.4089E+01  0.1289E+02
   1.854  0.4134E+01  0.1297E+02
   1.874  0.3755E+01  0.1305E+02
   1.894  0.3743E+01  0.1313E+02
   1.914  0.3801E+01  0.1320E+02
   1.934  0.3870E+01  0.1328E+02
   1.954  0.3966E+01  0.1336E+02
   1.974  0.4123E+01  0.1344E+02
   1.994  0.4349E+01  0.1352E+02
   2.014  0.4362E+01  0.1361E+02
   2.034  0.4246E+01  0.1370E+02
   2.054  0.4171E+01  0.1378E+02
   2.074  0.4221E+01  0.1387E+02
   2.094  0.4222E+01  0.1395E+02
   2.114  0.4235E+01  0.1403E+02
   2.134  0.4264E+01  0.1412E+02
   2.154  0.4444E+01  0.1421E+02
   2.174  0.4759E+01  0.1430E+02
   2.194  0.5405E+01  0.1440E+02
   2.214  0.5871E+01  0.1452E+02
   2.234  0.5943E+01  0.1463E+02
   2.254  0.6385E+01  0.1476E+02
   2.274  0.7564E+01  0.1490E+02
   2.294  0.9894E+01  0.1507E+02
   2.314  0.1062E+02  0.1529E+02
   2.334  0.1090E+02  0.1550E+02
   2.354  0.7364E+01  0.1571E+02
   2.374  0.4544E+01  0.1583E+02
   2.394  0.2280E+01  0.1590E+02
   2.414  0.1691E+01  0.1594E+02
   2.434  0.1316E+01  0.1597E+02
   2.454  0.8890E+00  0.1599E+02
   2.474  0.0000E+00  0.1600E+02
   2.494  0.0000E+00  0.1600E+02
   2.514  0.0000E+00  0.1600E+02
   2.534  0.0000E+00  0.1600E+02
   2.554  0.0000E+00  0.1600E+02
   2.574  0.0000E+00  0.1600E+02
   2.594  0.0000E+00  0.1600E+02
   2.614  0.0000E+00  0.1600E+02
   2.634  0.0000E+00  0.1600E+02
   2.654  0.0000E+00  0.1600E+02
   2.674  0.0000E+00  0.1600E+02
   2.694  0.0000E+00  0.1600E+02
   2.714  0.0000E+00  0.1600E+02
   2.734  0.0000E+00  0.1600E+02
   2.754  0.0000E+00  0.1600E+02
   2.774  0.0000E+00  0.1600E+02
   2.794  0.0000E+00  0.1600E+02
   2.814  0.0000E+00  0.1600E+02
   2.834  0.0000E+00  0.1600E+02
   2.854  0.0000E+00  0.1600E+02
   2.874  0.0000E+00  0.1600E+02
   2.894  0.0000E+00  0.1600E+02
   2.914  0.0000E+00  0.1600E+02
   2.934  0.0000E+00  0.1600E+02
   2.954  0.0000E+00  0.1600E+02
   2.974  0.0000E+00  0.1600E+02
   2.994  0.0000E+00  0.1600E+02
   3.014  0.0000E+00  0.1600E+02
   3.034  0.0000E+00  0.1600E+02
   3.054  0.0000E+00  0.1600E+02
   3.074  0.0000E+00  0.1600E+02
   3.094  0.0000E+00  0.1600E+02
   3.114  0.0000E+00  0.1600E+02
   3.134  0.0000E+00  0.1600E+02
   3.154  0.0000E+00  0.1600E+02
   3.174  0.0000E+00  0.1600E+02
   3.194  0.0000E+00  0.1600E+02
   3.214  0.0000E+00  0.1600E+02
   3.234  0.0000E+00  0.1600E+02
   3.254  0.0000E+00  0.1600E+02
   3.274  0.0000E+00  0.1600E+02
   3.294  0.0000E+00  0.1600E+02
   3.314  0.0000E+00  0.1600E+02
   3.334  0.0000E+00  0.1600E+02
   3.354  0.0000E+00  0.1600E+02
   3.374  0.0000E+00  0.1600E+02
   3.394  0.0000E+00  0.1600E+02
   3.414  0.0000E+00  0.1600E+02
   3.434  0.0000E+00  0.1600E+02
   3.454  0.0000E+00  0.1600E+02
   3.474  0.0000E+00  0.1600E+02
   3.494  0.0000E+00  0.1600E+02
   3.514  0.0000E+00  0.1600E+02
   3.534  0.0000E+00  0.1600E+02
   3.554  0.0000E+00  0.1600E+02
   3.574  0.0000E+00  0.1600E+02
   3.594  0.0000E+00  0.1600E+02
   3.614  0.0000E+00  0.1600E+02
   3.634  0.0000E+00  0.1600E+02
   3.654  0.0000E+00  0.1600E+02
   3.674  0.0000E+00  0.1600E+02
   3.694  0.0000E+00  0.1600E+02
   3.714  0.0000E+00  0.1600E+02
   3.734  0.0000E+00  0.1600E+02
   3.754  0.0000E+00  0.1600E+02
   3.774  0.0000E+00  0.1600E+02
   3.794  0.0000E+00  0.1600E+02
   3.814  0.0000E+00  0.1600E+02
   3.834  0.0000E+00  0.1600E+02
   3.854  0.0000E+00  0.1600E+02
   3.874  0.0000E+00  0.1600E+02
   3.894  0.0000E+00  0.1600E+02
   3.914  0.0000E+00  0.1600E+02
   3.934  0.0000E+00  0.1600E+02
   3.954  0.0000E+00  0.1600E+02
   3.974  0.0000E+00  0.1600E+02
   3.994  0.0000E+00  0.1600E+02
   4.014  0.0000E+00  0.1600E+02
   4.034  0.0000E+00  0.1600E+02
   4.054  0.0000E+00  0.1600E+02
   4.074  0.0000E+00  0.1600E+02
   4.094  0.0000E+00  0.1600E+02
   4.114  0.0000E+00  0.1600E+02
   4.134  0.0000E+00  0.1600E+02
   4.154  0.0000E+00  0.1600E+02
   4.174  0.0000E+00  0.1600E+02
   4.194  0.0000E+00  0.1600E+02
   4.214  0.0000E+00  0.1600E+02
   4.234  0.0000E+00  0.1600E+02
   4.254  0.0000E+00  0.1600E+02
   4.274  0.0000E+00  0.1600E+02
   4.294  0.0000E+00  0.1600E+02
   4.314  0.0000E+00  0.1600E+02
   4.334  0.0000E+00  0.1600E+02
   4.354  0.0000E+00  0.1600E+02
   4.374  0.0000E+00  0.1600E+02
   4.394  0.0000E+00  0.1600E+02
   4.414  0.0000E+00  0.1600E+02
   4.434  0.0000E+00  0.1600E+02
   4.454  0.0000E+00  0.1600E+02
   4.474  0.0000E+00  0.1600E+02
   4.494  0.0000E+00  0.1600E+02
   4.514  0.0000E+00  0.1600E+02
   4.534  0.0000E+00  0.1600E+02
   4.554  0.0000E+00  0.1600E+02
   4.574  0.0000E+00  0.1600E+02
   4.594  0.0000E+00  0.1600E+02
   4.614  0.0000E+00  0.1600E+02
   4.634  0.0000E+00  0.1600E+02
   4.654  0.0000E+00  0.1600E+02
   4.674  0.0000E+00  0.1600E+02
   4.694  0.0000E+00  0.1600E+02
   4.714  0.0000E+00  0.1600E+02
   4.734  0.0000E+00  0.1600E+02
   4.754  0.0000E+00  0.1600E+02
   4.774  0.0000E+00  0.1600E+02
   4.794  0.0000E+00  0.1600E+02
   4.814  0.0000E+00  0.1600E+02
   4.834  0.0000E+00  0.1600E+02
   4.854  0.0000E+00  0.1600E+02
   4.874  0.0000E+00  0.1600E+02
   4.894  0.0000E+00  0.1600E+02
   4.914  0.0000E+00  0.1600E+02
   4.934  0.0000E+00  0.1600E+02
   4.954  0.0000E+00  0.1600E+02
   4.974  0.0000E+00  0.1600E+02
   4.994  0.0000E+00  0.1600E+02
   5.014  0.0000E+00  0.1600E+02
   5.034  0.0000E+00  0.1600E+02
   5.054  0.0000E+00  0.1600E+02
   5.074  0.0000E+00  0.1600E+02
   5.094  0.0000E+00  0.1600E+02
   5.114  0.0000E+00  0.1600E+02
   5.134  0.0000E+00  0.1600E+02
   5.154  0.0000E+00  0.1600E+02
   5.174  0.0000E+00  0.1600E+02
   5.194  0.0000E+00  0.1600E+02
   5.214  0.0000E+00  0.1600E+02
   5.234  0.0000E+00  0.1600E+02
   5.254  0.0000E+00  0.1600E+02
   5.274  0.0000E+00  0.1600E+02
   5.294  0.0000E+00  0.1600E+02
   5.314  0.0000E+00  0.1600E+02
   5.334  0.0000E+00  0.1600E+02
   5.354  0.0000E+00  0.1600E+02
   5.374  0.0000E+00  0.1600E+02
   5.394  0.0000E+00  0.1600E+02
   5.414  0.0000E+00  0.1600E+02
   5.434  0.0000E+00  0.1600E+02
   5.454  0.0000E+00  0.1600E+02
   5.474  0.0000E+00  0.1600E+02
   5.494  0.0000E+00  0.1600E+02
   5.514  0.0000E+00  0.1600E+02
   5.534  0.0000E+00  0.1600E+02
   5.554  0.0000E+00  0.1600E+02
   5.574  0.0000E+00  0.1600E+02
   5.594  0.0000E+00  0.1600E+02
   5.614  0.0000E+00  0.1600E+02
   5.634  0.0000E+00  0.1600E+02
   5.654  0.0000E+00  0.1600E+02
   5.674  0.0000E+00  0.1600E+02
   5.694  0.0000E+00  0.1600E+02
   5.714  0.0000E+00  0.1600E+02
   5.734  0.0000E+00  0.1600E+02
   5.754  0.0000E+00  0.1600E+02
   5.774  0.0000E+00  0.1600E+02
   5.794  0.0000E+00  0.1600E+02
   5.814  0.0000E+00  0.1600E+02
   5.834  0.0000E+00  0.1600E+02
   5.854  0.0000E+00  0.1600E+02
   5.874  0.0000E+00  0.1600E+02
   5.894  0.0000E+00  0.1600E+02
   5.914  0.0000E+00  0.1600E+02
   5.934  0.0000E+00  0.1600E+02
   5.954  0.0000E+00  0.1600E+02
   5.974  0.0000E+00  0.1600E+02
   5.994  0.0000E+00  0.1600E+02
   6.014  0.0000E+00  0.1600E+02
   6.034  0.0000E+00  0.1600E+02
   6.054  0.0000E+00  0.1600E+02
   6.074  0.0000E+00  0.1600E+02
   6.094  0.0000E+00  0.1600E+02
   6.114  0.0000E+00  0.1600E+02
   6.134  0.0000E+00  0.1600E+02
   6.154  0.2642E-01  0.1600E+02
   6.174  0.3021E-01  0.1600E+02
   6.194  0.3419E-01  0.1600E+02
   6.214  0.3835E-01  0.1600E+02
   6.234  0.4269E-01  0.1600E+02
   6.254  0.4721E-01  0.1601E+02
   6.274  0.5191E-01  0.1601E+02
   6.294  0.5680E-01  0.1601E+02
   6.314  0.6187E-01  0.1601E+02
   6.334  0.6713E-01  0.1601E+02
   6.354  0.7256E-01  0.1601E+02
   6.374  0.7818E-01  0.1601E+02
   6.394  0.8399E-01  0.1601E+02
   6.414  0.8997E-01  0.1602E+02
   6.434  0.9088E-01  0.1602E+02
   6.454  0.9496E-01  0.1602E+02
   6.474  0.9897E-01  0.1602E+02
   6.494  0.1029E+00  0.1602E+02
   6.514  0.1068E+00  0.1603E+02
   6.534  0.1106E+00  0.1603E+02
   6.554  0.1143E+00  0.1603E+02
   6.574  0.1180E+00  0.1603E+02
   6.594  0.1216E+00  0.1603E+02
   6.614  0.1252E+00  0.1604E+02
   6.634  0.1286E+00  0.1604E+02
   6.654  0.1320E+00  0.1604E+02
   6.674  0.1362E+00  0.1605E+02
   6.694  0.1415E+00  0.1605E+02
   6.714  0.1471E+00  0.1605E+02
   6.734  0.2791E+00  0.1606E+02
   6.754  0.3126E+00  0.1606E+02
   6.774  0.5044E+00  0.1608E+02
   6.794  0.5908E+00  0.1609E+02
   6.814  0.6840E+00  0.1610E+02
   6.834  0.6902E+00  0.1611E+02
   6.854  0.7556E+00  0.1613E+02
   6.874  0.8243E+00  0.1614E+02
   6.894  0.8809E+00  0.1616E+02
   6.914  0.9454E+00  0.1618E+02
   6.934  0.1012E+01  0.1620E+02
   6.954  0.1080E+01  0.1622E+02
   6.974  0.1127E+01  0.1624E+02
   6.994  0.1146E+01  0.1626E+02
   7.014  0.1188E+01  0.1629E+02
   7.034  0.1246E+01  0.1631E+02
   7.054  0.1310E+01  0.1634E+02
   7.074  0.1364E+01  0.1636E+02
   7.094  0.1417E+01  0.1639E+02
   7.114  0.1474E+01  0.1642E+02
   7.134  0.1535E+01  0.1645E+02
   7.154  0.1598E+01  0.1648E+02
   7.174  0.1657E+01  0.1652E+02
   7.194  0.1716E+01  0.1655E+02
   7.214  0.1780E+01  0.1658E+02
   7.234  0.1844E+01  0.1662E+02
   7.254  0.1968E+01  0.1666E+02
   7.274  0.2055E+01  0.1670E+02
   7.294  0.2186E+01  0.1674E+02
   7.314  0.2332E+01  0.1679E+02
   7.334  0.2480E+01  0.1683E+02
   7.354  0.2597E+01  0.1689E+02
   7.374  0.2726E+01  0.1694E+02
   7.394  0.3046E+01  0.1700E+02
   7.414  0.3229E+01  0.1706E+02
   7.434  0.3271E+01  0.1713E+02
   7.454  0.3368E+01  0.1720E+02
   7.474  0.3447E+01  0.1726E+02
   7.494  0.3522E+01  0.1733E+02
   7.514  0.3715E+01  0.1741E+02
   7.534  0.3756E+01  0.1748E+02
   7.554  0.3728E+01  0.1756E+02
   7.574  0.3760E+01  0.1763E+02
   7.594  0.3833E+01  0.1771E+02
   7.614  0.3899E+01  0.1778E+02
   7.634  0.3970E+01  0.1786E+02
   7.654  0.4399E+01  0.1795E+02
   7.674  0.4537E+01  0.1804E+02
   7.694  0.4186E+01  0.1813E+02
   7.714  0.4247E+01  0.1821E+02
   7.734  0.3989E+01  0.1829E+02
   7.754  0.3860E+01  0.1837E+02
   7.774  0.3737E+01  0.1845E+02
   7.794  0.3624E+01  0.1852E+02
   7.814  0.3520E+01  0.1859E+02
   7.834  0.3478E+01  0.1866E+02
   7.854  0.3465E+01  0.1873E+02
   7.874  0.3453E+01  0.1880E+02
   7.894  0.3443E+01  0.1887E+02
   7.914  0.3439E+01  0.1894E+02
   7.934  0.3403E+01  0.1901E+02
   7.954  0.3471E+01  0.1908E+02
   7.974  0.3439E+01  0.1915E+02
   7.994  0.3530E+01  0.1922E+02
   8.014  0.3134E+01  0.1929E+02
   8.034  0.3027E+01  0.1935E+02
   8.054  0.2934E+01  0.1941E+02
   8.074  0.2854E+01  0.1946E+02
   8.094  0.3102E+01  0.1952E+02
   8.114  0.2945E+01  0.1958E+02
   8.134  0.2761E+01  0.1964E+02
   8.154  0.2404E+01  0.1969E+02
   8.174  0.2249E+01  0.1974E+02
   8.194  0.2139E+01  0.1978E+02
   8.214  0.2079E+01  0.1982E+02
   8.234  0.2053E+01  0.1987E+02
   8.254  0.2041E+01  0.1991E+02
   8.274  0.2007E+01  0.1995E+02
   8.294  0.2005E+01  0.1999E+02
   8.314  0.2015E+01  0.2003E+02
   8.334  0.2035E+01  0.2007E+02
   8.354  0.2078E+01  0.2011E+02
   8.374  0.2145E+01  0.2015E+02
   8.394  0.2226E+01  0.2019E+02
   8.414  0.2439E+01  0.2024E+02
   8.434  0.2590E+01  0.2029E+02
   8.454  0.2627E+01  0.2035E+02
   8.474  0.2898E+01  0.2040E+02
   8.494  0.3185E+01  0.2046E+02
   8.514  0.3514E+01  0.2053E+02
   8.534  0.3511E+01  0.2060E+02
   8.554  0.3350E+01  0.2067E+02
   8.574  0.3694E+01  0.2074E+02
   8.594  0.3872E+01  0.2082E+02
   8.614  0.4447E+01  0.2091E+02
   8.634  0.5085E+01  0.2100E+02
   8.654  0.6495E+01  0.2111E+02
   8.674  0.6587E+01  0.2125E+02
   8.694  0.5374E+01  0.2137E+02
   8.714  0.4669E+01  0.2147E+02
   8.734  0.4333E+01  0.2156E+02
   8.754  0.4091E+01  0.2164E+02
   8.774  0.3886E+01  0.2172E+02
   8.794  0.3556E+01  0.2180E+02
   8.814  0.3366E+01  0.2187E+02
   8.834  0.3342E+01  0.2194E+02
   8.854  0.3116E+01  0.2200E+02
   8.874  0.2118E+01  0.2206E+02
   8.894  0.1652E+01  0.2209E+02
   8.914  0.1687E+01  0.2213E+02
   8.934  0.1734E+01  0.2216E+02
   8.954  0.1802E+01  0.2220E+02
   8.974  0.1893E+01  0.2223E+02
   8.994  0.1998E+01  0.2227E+02
   9.014  0.2087E+01  0.2231E+02
   9.034  0.2209E+01  0.2236E+02
   9.054  0.2335E+01  0.2240E+02
   9.074  0.2371E+01  0.2245E+02
   9.094  0.2417E+01  0.2250E+02
   9.114  0.2534E+01  0.2255E+02
   9.134  0.2644E+01  0.2260E+02
   9.154  0.2741E+01  0.2265E+02
   9.174  0.2818E+01  0.2271E+02
   9.194  0.2888E+01  0.2277E+02
   9.214  0.3243E+01  0.2283E+02
   9.234  0.3246E+01  0.2290E+02
   9.254  0.3024E+01  0.2296E+02
   9.274  0.3055E+01  0.2302E+02
   9.294  0.3190E+01  0.2308E+02
   9.314  0.3755E+01  0.2315E+02
   9.334  0.4004E+01  0.2324E+02
   9.354  0.3629E+01  0.2331E+02
   9.374  0.3183E+01  0.2338E+02
   9.394  0.2373E+01  0.2344E+02
   9.414  0.2118E+01  0.2348E+02
   9.434  0.1906E+01  0.2352E+02
   9.454  0.1781E+01  0.2356E+02
   9.474  0.1639E+01  0.2359E+02
   9.494  0.1632E+01  0.2363E+02
   9.514  0.1587E+01  0.2366E+02
   9.534  0.1184E+01  0.2369E+02
   9.554  0.1107E+01  0.2371E+02
   9.574  0.1034E+01  0.2373E+02
   9.594  0.9630E+00  0.2375E+02
   9.614  0.9203E+00  0.2377E+02
   9.634  0.8658E+00  0.2379E+02
   9.654  0.8140E+00  0.2380E+02
   9.674  0.7654E+00  0.2382E+02
   9.694  0.7202E+00  0.2384E+02
   9.714  0.7463E+00  0.2385E+02
   9.734  0.7144E+00  0.2386E+02
   9.754  0.6805E+00  0.2388E+02
   9.774  0.6514E+00  0.2389E+02
   9.794  0.6203E+00  0.2390E+02
   9.814  0.5859E+00  0.2392E+02
   9.834  0.6167E+00  0.2393E+02
   9.854  0.5557E+00  0.2394E+02
   9.874  0.4934E+00  0.2395E+02
   9.894  0.4024E+00  0.2396E+02
   9.914  0.3404E+00  0.2397E+02
   9.934  0.2982E+00  0.2397E+02
   9.954  0.2591E+00  0.2398E+02
   9.974  0.2212E+00  0.2398E+02
   9.994  0.1868E+00  0.2399E+02
  10.014  0.1547E+00  0.2399E+02
  10.034  0.1249E+00  0.2399E+02
  10.054  0.9738E-01  0.2400E+02
