FINDSYM, Version 3.2.3, August 2007
Written by Harold T. Stokes and Dorian M. Hatch
Brigham Young University
 
testing
Tolerance:    0.15000
Lattice parameters, a,b,c,alpha,beta,gamma:
   8.77700   8.77700  12.54800  90.00000  90.00000  90.00000
Vectors defining the unit cell (dimensionless coordinates):
   1.00000   0.00000   0.00000
   0.00000   1.00000   0.00000
   0.00000   0.00000   1.00000
Number of atoms in unit cell:
 20
Type of each atom:
  1  1  1  1  2  2  2  2  3  3  3  3  3  3  3  3  3  3  3  3
Position of each atom (dimensionless coordinates)
   1   0.00000   0.50000   1.10923
   2   0.00000   0.50000   0.39077
   3   0.50000   0.00000   0.60923
   4   0.50000   0.00000  -0.10923
   5   0.49978   0.18291   0.25000
   6   0.50022   0.81709   0.25000
   7   0.18291   0.50022   0.75000
   8   0.81709   0.49978   0.75000
   9   1.00000   0.28253   0.89496
  10   0.99992   0.71747   0.60503
  11   0.00007   0.28253   0.60503
  12   0.00000   0.71747   0.89496
  13   0.28253   0.99992   0.39497
  14   0.28253   0.00000   0.10504
  15   0.71747   1.00000   0.10504
  16   0.71747   0.00007   0.39497
  17   0.00000   0.80637   0.25000
  18   0.00000   0.19363   0.25000
  19   0.80637   0.00000   0.74999
  20   0.19363   0.00000   0.74999
------------------------------------------
Space Group 131  D4h-9     P4_2/mmc  
Origin at    0.00000   0.00000   0.75000
Vectors a,b,c:
   0.00000   1.00000   0.00000
   1.00000   0.00000   0.00000
   0.00000   0.00000  -1.00000
Values of a,b,c,alpha,beta,gamma:
   8.77700   8.77700  12.54800  90.00000  90.00000  90.00000
Atomic positions in terms of a,b,c:
Wyckoff position i, z = -0.14077
   1   0.50000   0.00000   0.64077
   2   0.50000   0.00000   0.35923
   4   0.00000   0.50000   0.85923
   3   0.00000   0.50000   0.14077
Wyckoff position k, x =  0.18291
   5   0.18291   0.50000   0.50000
   6   0.81709   0.50000   0.50000
   8   0.50000   0.81709   0.00000
   7   0.50000   0.18291   0.00000
Wyckoff position o, y = -0.28253, z = -0.35504
   9   0.28253   0.00000   0.85504
  11   0.28253   0.00000   0.14496
  10   0.71747   0.00000   0.14496
  12   0.71747   0.00000   0.85504
  15   0.00000   0.71747   0.64496
  13   0.00000   0.28253   0.35504
  16   0.00000   0.71747   0.35504
  14   0.00000   0.28253   0.64496
Wyckoff position l, x = -0.19363
  17   0.80637   0.00000   0.50000
  18   0.19363   0.00000   0.50000
  20   0.00000   0.19363   0.00000
  19   0.00000   0.80637   0.00000
