Code for generating 3D crystals in USPEX
Written by H. T. Stokes, Adapted by Q Zhu
Space-group symmetry: 112
Number of types of atoms:  3
Number of atoms of each type:   4   4  12
Minimum distance between each type of atom:
   1.200   1.200   1.200   1.200   1.200   1.200   1.200   1.200   1.200
cell parameters:   8.7767716763   8.7767716763  12.5484274497  90.0000000000  90.0000000000  90.0000000000
  6 atomic parameters
 20 atoms
  1 1   0.0000000000   0.5000000000   0.9943822026 1(0,0,1)
  2 1   0.0000000000   0.5000000000   0.5056177974 1(0,0,-1)
  3 1   0.5000000000   0.0000000000   0.4943822026 1(0,0,1)
  4 1   0.5000000000   0.0000000000   0.0056177974 1(0,0,-1)
  5 2   0.5000000000   0.2443874180   0.2500000000 2(0,1,0)
  6 2   0.5000000000   0.7556125820   0.2500000000 2(0,-1,0)
  7 2   0.2443874180   0.5000000000   0.7500000000 2(1,0,0)
  8 2   0.7556125820   0.5000000000   0.7500000000 2(-1,0,0)
  9 3   0.9601140022   0.2338399291   0.8155924082 3(1,0,0) 4(0,1,0) 5(0,0,1)
 10 3   0.9601140022   0.7661600709   0.6844075918 3(1,0,0) 4(0,-1,0) 5(0,0,-1)
 11 3   0.0398859978   0.2338399291   0.6844075918 3(-1,0,0) 4(0,1,0) 5(0,0,-1)
 12 3   0.0398859978   0.7661600709   0.8155924082 3(-1,0,0) 4(0,-1,0) 5(0,0,1)
 13 3   0.2338399291   0.9601140022   0.3155924082 3(0,1,0) 4(1,0,0) 5(0,0,1)
 14 3   0.2338399291   0.0398859978   0.1844075918 3(0,-1,0) 4(1,0,0) 5(0,0,-1)
 15 3   0.7661600709   0.9601140022   0.1844075918 3(0,1,0) 4(-1,0,0) 5(0,0,-1)
 16 3   0.7661600709   0.0398859978   0.3155924082 3(0,-1,0) 4(-1,0,0) 5(0,0,1)
 17 3   0.0000000000   0.8899127841   0.2500000000 6(0,1,0)
 18 3   0.0000000000   0.1100872159   0.2500000000 6(0,-1,0)
 19 3   0.8899127841   0.0000000000   0.7500000000 6(1,0,0)
 20 3   0.1100872159   0.0000000000   0.7500000000 6(-1,0,0)
